[2025-04-21 16:39:01]	compilation failed at : "e:\嵌入式\projects\P17_定时器消抖\src\Dri\Dri_Timer0.c", exit code: 2
command: 
  "E:\Program Files\Keil_v5\C51\BIN\C51.exe" .\src\Dri\Dri_Timer0.c OMF2 TABS(4) CODE NOCOND SYMBOLS PRINT(.\build\Release\.obj\src\Dri\Dri_Timer0.lst) INCDIR(../../../Program Files/Keil_v5/C51/INC;src;src/Int;src/Dri) DEFINE(__UVISION_VERSION='526') OPTIMIZE(8,SPEED) SMALL ROM(LARGE) OBJECT(.\build\Release\.obj\src\Dri\Dri_Timer0.o)
   at unify_builder.Program.Main(String[] args_)
---
C51 COMPILER V9.60.7.0 - SN: K1DZC-J84JUC
COPYRIGHT Copyright (C) 2012 - 2022 ARM Limited or its Affiliates. All rights reserved.
*** ERROR C129 IN LINE 5 OF .\src\Dri\Dri_Timer0.c: missing ';' before 'void'

C51 COMPILATION COMPLETE.  0 WARNING(S),  1 ERROR(S)

[2025-04-21 16:39:15]	compilation failed at : "e:\嵌入式\projects\P17_定时器消抖\src\Dri\Dri_Timer0.c", exit code: 2
command: 
  "E:\Program Files\Keil_v5\C51\BIN\C51.exe" .\src\Dri\Dri_Timer0.c OMF2 TABS(4) CODE NOCOND SYMBOLS PRINT(.\build\Release\.obj\src\Dri\Dri_Timer0.lst) INCDIR(../../../Program Files/Keil_v5/C51/INC;src;src/Int;src/Dri) DEFINE(__UVISION_VERSION='526') OPTIMIZE(8,SPEED) SMALL ROM(LARGE) OBJECT(.\build\Release\.obj\src\Dri\Dri_Timer0.o)
   at unify_builder.Program.Main(String[] args_)
---
C51 COMPILER V9.60.7.0 - SN: K1DZC-J84JUC
COPYRIGHT Copyright (C) 2012 - 2022 ARM Limited or its Affiliates. All rights reserved.
*** ERROR C141 IN LINE 3 OF .\src\Dri\Dri_Timer0.c: syntax error near ';', expected ']'

C51 COMPILATION COMPLETE.  0 WARNING(S),  1 ERROR(S)

[2025-04-21 16:39:49]	compilation failed at : "e:\嵌入式\projects\P17_定时器消抖\src\Dri\Dri_Timer0.c", exit code: 2
command: 
  "E:\Program Files\Keil_v5\C51\BIN\C51.exe" .\src\Dri\Dri_Timer0.c OMF2 TABS(4) CODE NOCOND SYMBOLS PRINT(.\build\Release\.obj\src\Dri\Dri_Timer0.lst) INCDIR(../../../Program Files/Keil_v5/C51/INC;src;src/Int;src/Dri) DEFINE(__UVISION_VERSION='526') OPTIMIZE(8,SPEED) SMALL ROM(LARGE) OBJECT(.\build\Release\.obj\src\Dri\Dri_Timer0.o)
   at unify_builder.Program.Main(String[] args_)
---
C51 COMPILER V9.60.7.0 - SN: K1DZC-J84JUC
COPYRIGHT Copyright (C) 2012 - 2022 ARM Limited or its Affiliates. All rights reserved.
*** ERROR C141 IN LINE 3 OF .\src\Dri\Dri_Timer0.c: syntax error near ';', expected ']'

C51 COMPILATION COMPLETE.  0 WARNING(S),  1 ERROR(S)

[2025-04-21 16:40:06]	compilation failed at : "e:\嵌入式\projects\P17_定时器消抖\src\Dri\Dri_Timer0.c", exit code: 2
command: 
  "E:\Program Files\Keil_v5\C51\BIN\C51.exe" .\src\Dri\Dri_Timer0.c OMF2 TABS(4) CODE NOCOND SYMBOLS PRINT(.\build\Release\.obj\src\Dri\Dri_Timer0.lst) INCDIR(../../../Program Files/Keil_v5/C51/INC;src;src/Int;src/Dri) DEFINE(__UVISION_VERSION='526') OPTIMIZE(8,SPEED) SMALL ROM(LARGE) OBJECT(.\build\Release\.obj\src\Dri\Dri_Timer0.o)
   at unify_builder.Program.Main(String[] args_)
---
C51 COMPILER V9.60.7.0 - SN: K1DZC-J84JUC
COPYRIGHT Copyright (C) 2012 - 2022 ARM Limited or its Affiliates. All rights reserved.
*** ERROR C141 IN LINE 3 OF .\src\Dri\Dri_Timer0.c: syntax error near ';', expected ']'

C51 COMPILATION COMPLETE.  0 WARNING(S),  1 ERROR(S)

[2025-04-21 16:41:44]	compilation failed at : "e:\嵌入式\projects\P17_定时器消抖\src\Dri\Dri_Timer0.c", exit code: 2
command: 
  "E:\Program Files\Keil_v5\C51\BIN\C51.exe" .\src\Dri\Dri_Timer0.c OMF2 TABS(4) CODE NOCOND SYMBOLS PRINT(.\build\Release\.obj\src\Dri\Dri_Timer0.lst) INCDIR(../../../Program Files/Keil_v5/C51/INC;src;src/Int;src/Dri) DEFINE(__UVISION_VERSION='526') OPTIMIZE(8,SPEED) SMALL ROM(LARGE) OBJECT(.\build\Release\.obj\src\Dri\Dri_Timer0.o)
   at unify_builder.Program.Main(String[] args_)
---
C51 COMPILER V9.60.7.0 - SN: K1DZC-J84JUC
COPYRIGHT Copyright (C) 2012 - 2022 ARM Limited or its Affiliates. All rights reserved.
*** ERROR C141 IN LINE 3 OF .\src\Dri\Dri_Timer0.c: syntax error near ';', expected ']'

C51 COMPILATION COMPLETE.  0 WARNING(S),  1 ERROR(S)

[2025-04-21 16:42:08]	compilation failed at : "e:\嵌入式\projects\P17_定时器消抖\src\Dri\Dri_Timer0.c", exit code: 2
command: 
  "E:\Program Files\Keil_v5\C51\BIN\C51.exe" .\src\Dri\Dri_Timer0.c OMF2 TABS(4) CODE NOCOND SYMBOLS PRINT(.\build\Release\.obj\src\Dri\Dri_Timer0.lst) INCDIR(../../../Program Files/Keil_v5/C51/INC;src;src/Int;src/Dri) DEFINE(__UVISION_VERSION='526') OPTIMIZE(8,SPEED) SMALL ROM(LARGE) OBJECT(.\build\Release\.obj\src\Dri\Dri_Timer0.o)
   at unify_builder.Program.Main(String[] args_)
---
C51 COMPILER V9.60.7.0 - SN: K1DZC-J84JUC
COPYRIGHT Copyright (C) 2012 - 2022 ARM Limited or its Affiliates. All rights reserved.
*** ERROR C141 IN LINE 3 OF .\src\Dri\Dri_Timer0.c: syntax error near ';', expected ']'

C51 COMPILATION COMPLETE.  0 WARNING(S),  1 ERROR(S)

[2025-04-21 16:42:45]	compilation failed at : "e:\嵌入式\projects\P17_定时器消抖\src\Dri\Dri_Timer0.c", exit code: 2
command: 
  "E:\Program Files\Keil_v5\C51\BIN\C51.exe" .\src\Dri\Dri_Timer0.c OMF2 TABS(4) CODE NOCOND SYMBOLS PRINT(.\build\Release\.obj\src\Dri\Dri_Timer0.lst) INCDIR(../../../Program Files/Keil_v5/C51/INC;src;src/Int;src/Dri) DEFINE(__UVISION_VERSION='526') OPTIMIZE(8,SPEED) SMALL ROM(LARGE) OBJECT(.\build\Release\.obj\src\Dri\Dri_Timer0.o)
   at unify_builder.Program.Main(String[] args_)
---
C51 COMPILER V9.60.7.0 - SN: K1DZC-J84JUC
COPYRIGHT Copyright (C) 2012 - 2022 ARM Limited or its Affiliates. All rights reserved.
*** ERROR C141 IN LINE 5 OF .\src\Dri\Dri_Timer0.c: syntax error near ';', expected ']'

C51 COMPILATION COMPLETE.  0 WARNING(S),  1 ERROR(S)

[2025-04-21 16:43:14]	compilation failed at : "e:\嵌入式\projects\P17_定时器消抖\src\Dri\Dri_Timer0.c", exit code: 2
command: 
  "E:\Program Files\Keil_v5\C51\BIN\C51.exe" .\src\Dri\Dri_Timer0.c OMF2 TABS(4) CODE NOCOND SYMBOLS PRINT(.\build\Release\.obj\src\Dri\Dri_Timer0.lst) INCDIR(../../../Program Files/Keil_v5/C51/INC;src;src/Int;src/Dri) DEFINE(__UVISION_VERSION='526') OPTIMIZE(8,SPEED) SMALL ROM(LARGE) OBJECT(.\build\Release\.obj\src\Dri\Dri_Timer0.o)
   at unify_builder.Program.Main(String[] args_)
---
C51 COMPILER V9.60.7.0 - SN: K1DZC-J84JUC
COPYRIGHT Copyright (C) 2012 - 2022 ARM Limited or its Affiliates. All rights reserved.
*** ERROR C141 IN LINE 3 OF .\src\Dri\Dri_Timer0.c: syntax error near ';', expected ']'

C51 COMPILATION COMPLETE.  0 WARNING(S),  1 ERROR(S)

[2025-04-21 16:45:52]	compilation failed at : "e:\嵌入式\projects\P17_定时器消抖\src\Dri\Dri_Timer0.c", exit code: 2
command: 
  "E:\Program Files\Keil_v5\C51\BIN\C51.exe" .\src\Dri\Dri_Timer0.c OMF2 TABS(4) CODE NOCOND SYMBOLS PRINT(.\build\Release\.obj\src\Dri\Dri_Timer0.lst) INCDIR(../../../Program Files/Keil_v5/C51/INC;src;src/Int;src/Dri) DEFINE(__UVISION_VERSION='526') OPTIMIZE(8,SPEED) SMALL ROM(LARGE) OBJECT(.\build\Release\.obj\src\Dri\Dri_Timer0.o)
   at unify_builder.Program.Main(String[] args_)
---
C51 COMPILER V9.60.7.0 - SN: K1DZC-J84JUC
COPYRIGHT Copyright (C) 2012 - 2022 ARM Limited or its Affiliates. All rights reserved.
*** ERROR C141 IN LINE 3 OF .\src\Dri\Dri_Timer0.c: syntax error near ';', expected ']'
*** ERROR C141 IN LINE 15 OF .\src\Dri\Dri_Timer0.c: syntax error near ';', expected ')'
*** ERROR C141 IN LINE 15 OF .\src\Dri\Dri_Timer0.c: syntax error near ')', expected ';'
*** ERROR C202 IN LINE 17 OF .\src\Dri\Dri_Timer0.c: 's_func': undefined identifier
*** ERROR C141 IN LINE 24 OF .\src\Dri\Dri_Timer0.c: syntax error near ';', expected ')'
*** ERROR C141 IN LINE 24 OF .\src\Dri\Dri_Timer0.c: syntax error near ')', expected ';'

C51 COMPILATION COMPLETE.  0 WARNING(S),  6 ERROR(S)

[2025-04-21 16:46:21]	compilation failed at : "e:\嵌入式\projects\P17_定时器消抖\src\Dri\Dri_Timer0.c", exit code: 2
command: 
  "E:\Program Files\Keil_v5\C51\BIN\C51.exe" .\src\Dri\Dri_Timer0.c OMF2 TABS(4) CODE NOCOND SYMBOLS PRINT(.\build\Release\.obj\src\Dri\Dri_Timer0.lst) INCDIR(../../../Program Files/Keil_v5/C51/INC;src;src/Int;src/Dri) DEFINE(__UVISION_VERSION='526') OPTIMIZE(8,SPEED) SMALL ROM(LARGE) OBJECT(.\build\Release\.obj\src\Dri\Dri_Timer0.o)
   at unify_builder.Program.Main(String[] args_)
---
C51 COMPILER V9.60.7.0 - SN: K1DZC-J84JUC
COPYRIGHT Copyright (C) 2012 - 2022 ARM Limited or its Affiliates. All rights reserved.
*** ERROR C141 IN LINE 3 OF .\src\Dri\Dri_Timer0.c: syntax error near ';', expected ']'
*** ERROR C141 IN LINE 15 OF .\src\Dri\Dri_Timer0.c: syntax error near ';', expected ')'
*** ERROR C141 IN LINE 15 OF .\src\Dri\Dri_Timer0.c: syntax error near ')', expected ';'
*** ERROR C202 IN LINE 17 OF .\src\Dri\Dri_Timer0.c: 's_func': undefined identifier
*** ERROR C141 IN LINE 24 OF .\src\Dri\Dri_Timer0.c: syntax error near ';', expected ')'
*** ERROR C141 IN LINE 24 OF .\src\Dri\Dri_Timer0.c: syntax error near ')', expected ';'

C51 COMPILATION COMPLETE.  0 WARNING(S),  6 ERROR(S)

[2025-04-21 16:47:07]	compilation failed at : "e:\嵌入式\projects\P17_定时器消抖\src\Dri\Dri_Timer0.c", exit code: 2
command: 
  "E:\Program Files\Keil_v5\C51\BIN\C51.exe" .\src\Dri\Dri_Timer0.c OMF2 TABS(4) CODE NOCOND SYMBOLS PRINT(.\build\Release\.obj\src\Dri\Dri_Timer0.lst) INCDIR(../../../Program Files/Keil_v5/C51/INC;src;src/Int;src/Dri) DEFINE(__UVISION_VERSION='526') OPTIMIZE(8,SPEED) SMALL ROM(LARGE) OBJECT(.\build\Release\.obj\src\Dri\Dri_Timer0.o)
   at unify_builder.Program.Main(String[] args_)
---
C51 COMPILER V9.60.7.0 - SN: K1DZC-J84JUC
COPYRIGHT Copyright (C) 2012 - 2022 ARM Limited or its Affiliates. All rights reserved.
*** ERROR C141 IN LINE 3 OF .\src\Dri\Dri_Timer0.c: syntax error near ';', expected ']'
*** ERROR C141 IN LINE 15 OF .\src\Dri\Dri_Timer0.c: syntax error near ';', expected ')'
*** ERROR C141 IN LINE 15 OF .\src\Dri\Dri_Timer0.c: syntax error near ')', expected ';'
*** ERROR C202 IN LINE 17 OF .\src\Dri\Dri_Timer0.c: 's_func': undefined identifier
*** ERROR C141 IN LINE 24 OF .\src\Dri\Dri_Timer0.c: syntax error near ';', expected ')'
*** ERROR C141 IN LINE 24 OF .\src\Dri\Dri_Timer0.c: syntax error near ')', expected ';'

C51 COMPILATION COMPLETE.  0 WARNING(S),  6 ERROR(S)

[2025-04-21 16:48:23]	compilation failed at : "e:\嵌入式\projects\P17_定时器消抖\src\Dri\Dri_Timer0.c", exit code: 2
command: 
  "E:\Program Files\Keil_v5\C51\BIN\C51.exe" .\src\Dri\Dri_Timer0.c OMF2 TABS(4) CODE NOCOND SYMBOLS PRINT(.\build\Release\.obj\src\Dri\Dri_Timer0.lst) INCDIR(../../../Program Files/Keil_v5/C51/INC;src;src/Int;src/Dri) DEFINE(__UVISION_VERSION='526') OPTIMIZE(8,SPEED) SMALL ROM(LARGE) OBJECT(.\build\Release\.obj\src\Dri\Dri_Timer0.o)
   at unify_builder.Program.Main(String[] args_)
---
C51 COMPILER V9.60.7.0 - SN: K1DZC-J84JUC
COPYRIGHT Copyright (C) 2012 - 2022 ARM Limited or its Affiliates. All rights reserved.
*** ERROR C141 IN LINE 3 OF .\src\Dri\Dri_Timer0.c: syntax error near ';', expected ']'
*** ERROR C141 IN LINE 15 OF .\src\Dri\Dri_Timer0.c: syntax error near ';', expected ')'
*** ERROR C141 IN LINE 15 OF .\src\Dri\Dri_Timer0.c: syntax error near ')', expected ';'
*** ERROR C202 IN LINE 17 OF .\src\Dri\Dri_Timer0.c: 's_func': undefined identifier
*** ERROR C141 IN LINE 24 OF .\src\Dri\Dri_Timer0.c: syntax error near ';', expected ')'
*** ERROR C141 IN LINE 24 OF .\src\Dri\Dri_Timer0.c: syntax error near ')', expected ';'

C51 COMPILATION COMPLETE.  0 WARNING(S),  6 ERROR(S)

[2025-04-21 16:48:59]	compilation failed at : "e:\嵌入式\projects\P17_定时器消抖\src\Dri\Dri_Timer0.c", exit code: 2
command: 
  "E:\Program Files\Keil_v5\C51\BIN\C51.exe" .\src\Dri\Dri_Timer0.c OMF2 TABS(4) CODE NOCOND SYMBOLS PRINT(.\build\Release\.obj\src\Dri\Dri_Timer0.lst) INCDIR(../../../Program Files/Keil_v5/C51/INC;src;src/Int;src/Dri) DEFINE(__UVISION_VERSION='526') OPTIMIZE(8,SPEED) SMALL ROM(LARGE) OBJECT(.\build\Release\.obj\src\Dri\Dri_Timer0.o)
   at unify_builder.Program.Main(String[] args_)
---
C51 COMPILER V9.60.7.0 - SN: K1DZC-J84JUC
COPYRIGHT Copyright (C) 2012 - 2022 ARM Limited or its Affiliates. All rights reserved.
*** ERROR C141 IN LINE 3 OF .\src\Dri\Dri_Timer0.c: syntax error near ';', expected ']'
*** ERROR C141 IN LINE 15 OF .\src\Dri\Dri_Timer0.c: syntax error near ';', expected ')'
*** ERROR C141 IN LINE 15 OF .\src\Dri\Dri_Timer0.c: syntax error near ')', expected ';'
*** ERROR C202 IN LINE 17 OF .\src\Dri\Dri_Timer0.c: 's_func': undefined identifier
*** ERROR C141 IN LINE 24 OF .\src\Dri\Dri_Timer0.c: syntax error near ';', expected ')'
*** ERROR C141 IN LINE 24 OF .\src\Dri\Dri_Timer0.c: syntax error near ')', expected ';'

C51 COMPILATION COMPLETE.  0 WARNING(S),  6 ERROR(S)

[2025-04-21 16:49:22]	compilation failed at : "e:\嵌入式\projects\P17_定时器消抖\src\Dri\Dri_Timer0.c", exit code: 2
command: 
  "E:\Program Files\Keil_v5\C51\BIN\C51.exe" .\src\Dri\Dri_Timer0.c OMF2 TABS(4) CODE NOCOND SYMBOLS PRINT(.\build\Release\.obj\src\Dri\Dri_Timer0.lst) INCDIR(../../../Program Files/Keil_v5/C51/INC;src;src/Int;src/Dri) DEFINE(__UVISION_VERSION='526') OPTIMIZE(8,SPEED) SMALL ROM(LARGE) OBJECT(.\build\Release\.obj\src\Dri\Dri_Timer0.o)
   at unify_builder.Program.Main(String[] args_)
---
C51 COMPILER V9.60.7.0 - SN: K1DZC-J84JUC
COPYRIGHT Copyright (C) 2012 - 2022 ARM Limited or its Affiliates. All rights reserved.
*** WARNING C280 IN LINE 7 OF .\src\Dri\Dri_Timer0.c: 'i': unreferenced local variable
*** ERROR C141 IN LINE 24 OF .\src\Dri\Dri_Timer0.c: syntax error near ';', expected ')'
*** ERROR C141 IN LINE 24 OF .\src\Dri\Dri_Timer0.c: syntax error near ')', expected ';'

C51 COMPILATION COMPLETE.  1 WARNING(S),  2 ERROR(S)

[2025-04-21 16:49:49]	[done]
	build successfully !

[2025-04-21 16:49:54]	compilation failed at : "e:\嵌入式\projects\P17_定时器消抖\src\Dri\Dri_Timer0.c", exit code: 2
command: 
  "E:\Program Files\Keil_v5\C51\BIN\C51.exe" .\src\Dri\Dri_Timer0.c OMF2 TABS(4) CODE NOCOND SYMBOLS PRINT(.\build\Release\.obj\src\Dri\Dri_Timer0.lst) INCDIR(../../../Program Files/Keil_v5/C51/INC;src;src/Int;src/Dri) DEFINE(__UVISION_VERSION='526') OPTIMIZE(8,SPEED) SMALL ROM(LARGE) OBJECT(.\build\Release\.obj\src\Dri\Dri_Timer0.o)
   at unify_builder.Program.Main(String[] args_)
---
C51 COMPILER V9.60.7.0 - SN: K1DZC-J84JUC
COPYRIGHT Copyright (C) 2012 - 2022 ARM Limited or its Affiliates. All rights reserved.
*** ERROR C141 IN LINE 3 OF .\src\Dri\Dri_Timer0.c: syntax error near ';', expected ']'

C51 COMPILATION COMPLETE.  0 WARNING(S),  1 ERROR(S)

[2025-04-21 16:50:16]	compilation failed at : "e:\嵌入式\projects\P17_定时器消抖\src\Dri\Dri_Timer0.c", exit code: 2
command: 
  "E:\Program Files\Keil_v5\C51\BIN\C51.exe" .\src\Dri\Dri_Timer0.c OMF2 TABS(4) CODE NOCOND SYMBOLS PRINT(.\build\Release\.obj\src\Dri\Dri_Timer0.lst) INCDIR(../../../Program Files/Keil_v5/C51/INC;src;src/Int;src/Dri) DEFINE(__UVISION_VERSION='526') OPTIMIZE(8,SPEED) SMALL ROM(LARGE) OBJECT(.\build\Release\.obj\src\Dri\Dri_Timer0.o)
   at unify_builder.Program.Main(String[] args_)
---
C51 COMPILER V9.60.7.0 - SN: K1DZC-J84JUC
COPYRIGHT Copyright (C) 2012 - 2022 ARM Limited or its Affiliates. All rights reserved.
*** ERROR C141 IN LINE 3 OF .\src\Dri\Dri_Timer0.c: syntax error near ';', expected ']'

C51 COMPILATION COMPLETE.  0 WARNING(S),  1 ERROR(S)

[2025-04-21 16:51:00]	compilation failed at : "e:\嵌入式\projects\P17_定时器消抖\src\Dri\Dri_Timer0.c", exit code: 2
command: 
  "E:\Program Files\Keil_v5\C51\BIN\C51.exe" .\src\Dri\Dri_Timer0.c OMF2 TABS(4) CODE NOCOND SYMBOLS PRINT(.\build\Release\.obj\src\Dri\Dri_Timer0.lst) INCDIR(../../../Program Files/Keil_v5/C51/INC;src;src/Int;src/Dri) DEFINE(__UVISION_VERSION='526') OPTIMIZE(8,SPEED) SMALL ROM(LARGE) OBJECT(.\build\Release\.obj\src\Dri\Dri_Timer0.o)
   at unify_builder.Program.Main(String[] args_)
---
C51 COMPILER V9.60.7.0 - SN: K1DZC-J84JUC
COPYRIGHT Copyright (C) 2012 - 2022 ARM Limited or its Affiliates. All rights reserved.
*** ERROR C141 IN LINE 4 OF .\src\Dri\Dri_Timer0.c: syntax error near ';', expected ']'

C51 COMPILATION COMPLETE.  0 WARNING(S),  1 ERROR(S)

[2025-04-21 16:51:16]	compilation failed at : "e:\嵌入式\projects\P17_定时器消抖\src\Dri\Dri_Timer0.c", exit code: 2
command: 
  "E:\Program Files\Keil_v5\C51\BIN\C51.exe" .\src\Dri\Dri_Timer0.c OMF2 TABS(4) CODE NOCOND SYMBOLS PRINT(.\build\Release\.obj\src\Dri\Dri_Timer0.lst) INCDIR(../../../Program Files/Keil_v5/C51/INC;src;src/Int;src/Dri) DEFINE(__UVISION_VERSION='526') OPTIMIZE(8,SPEED) SMALL ROM(LARGE) OBJECT(.\build\Release\.obj\src\Dri\Dri_Timer0.o)
   at unify_builder.Program.Main(String[] args_)
---
C51 COMPILER V9.60.7.0 - SN: K1DZC-J84JUC
COPYRIGHT Copyright (C) 2012 - 2022 ARM Limited or its Affiliates. All rights reserved.
*** ERROR C141 IN LINE 4 OF .\src\Dri\Dri_Timer0.c: syntax error near ';', expected ']'

C51 COMPILATION COMPLETE.  0 WARNING(S),  1 ERROR(S)

[2025-04-21 16:51:27]	compilation failed at : "e:\嵌入式\projects\P17_定时器消抖\src\Dri\Dri_Timer0.c", exit code: 2
command: 
  "E:\Program Files\Keil_v5\C51\BIN\C51.exe" .\src\Dri\Dri_Timer0.c OMF2 TABS(4) CODE NOCOND SYMBOLS PRINT(.\build\Release\.obj\src\Dri\Dri_Timer0.lst) INCDIR(../../../Program Files/Keil_v5/C51/INC;src;src/Int;src/Dri) DEFINE(__UVISION_VERSION='526') OPTIMIZE(8,SPEED) SMALL ROM(LARGE) OBJECT(.\build\Release\.obj\src\Dri\Dri_Timer0.o)
   at unify_builder.Program.Main(String[] args_)
---
C51 COMPILER V9.60.7.0 - SN: K1DZC-J84JUC
COPYRIGHT Copyright (C) 2012 - 2022 ARM Limited or its Affiliates. All rights reserved.
*** ERROR C141 IN LINE 3 OF .\src\Dri\Dri_Timer0.c: syntax error near ';', expected ']'

C51 COMPILATION COMPLETE.  0 WARNING(S),  1 ERROR(S)

[2025-04-21 16:51:41]	compilation failed at : "e:\嵌入式\projects\P17_定时器消抖\src\Dri\Dri_Timer0.c", exit code: 2
command: 
  "E:\Program Files\Keil_v5\C51\BIN\C51.exe" .\src\Dri\Dri_Timer0.c OMF2 TABS(4) CODE NOCOND SYMBOLS PRINT(.\build\Release\.obj\src\Dri\Dri_Timer0.lst) INCDIR(../../../Program Files/Keil_v5/C51/INC;src;src/Int;src/Dri) DEFINE(__UVISION_VERSION='526') OPTIMIZE(8,SPEED) SMALL ROM(LARGE) OBJECT(.\build\Release\.obj\src\Dri\Dri_Timer0.o)
   at unify_builder.Program.Main(String[] args_)
---
C51 COMPILER V9.60.7.0 - SN: K1DZC-J84JUC
COPYRIGHT Copyright (C) 2012 - 2022 ARM Limited or its Affiliates. All rights reserved.
*** ERROR C141 IN LINE 3 OF .\src\Dri\Dri_Timer0.c: syntax error near ';', expected ']'

C51 COMPILATION COMPLETE.  0 WARNING(S),  1 ERROR(S)

[2025-04-21 16:51:51]	compilation failed at : "e:\嵌入式\projects\P17_定时器消抖\src\Dri\Dri_Timer0.c", exit code: 2
command: 
  "E:\Program Files\Keil_v5\C51\BIN\C51.exe" .\src\Dri\Dri_Timer0.c OMF2 TABS(4) CODE NOCOND SYMBOLS PRINT(.\build\Release\.obj\src\Dri\Dri_Timer0.lst) INCDIR(../../../Program Files/Keil_v5/C51/INC;src;src/Int;src/Dri) DEFINE(__UVISION_VERSION='526') OPTIMIZE(8,SPEED) SMALL ROM(LARGE) OBJECT(.\build\Release\.obj\src\Dri\Dri_Timer0.o)
   at unify_builder.Program.Main(String[] args_)
---
C51 COMPILER V9.60.7.0 - SN: K1DZC-J84JUC
COPYRIGHT Copyright (C) 2012 - 2022 ARM Limited or its Affiliates. All rights reserved.
*** ERROR C141 IN LINE 3 OF .\src\Dri\Dri_Timer0.c: syntax error near ';', expected ']'

C51 COMPILATION COMPLETE.  0 WARNING(S),  1 ERROR(S)

[2025-04-21 16:53:08]	compilation failed at : "e:\嵌入式\projects\P17_定时器消抖\src\Dri\Dri_Timer0.c", exit code: 2
command: 
  "E:\Program Files\Keil_v5\C51\BIN\C51.exe" .\src\Dri\Dri_Timer0.c OMF2 TABS(4) CODE NOCOND SYMBOLS PRINT(.\build\Release\.obj\src\Dri\Dri_Timer0.lst) INCDIR(../../../Program Files/Keil_v5/C51/INC;src;src/Int;src/Dri) DEFINE(__UVISION_VERSION='526') OPTIMIZE(8,SPEED) SMALL ROM(LARGE) OBJECT(.\build\Release\.obj\src\Dri\Dri_Timer0.o)
   at unify_builder.Program.Main(String[] args_)
---
C51 COMPILER V9.60.7.0 - SN: K1DZC-J84JUC
COPYRIGHT Copyright (C) 2012 - 2022 ARM Limited or its Affiliates. All rights reserved.
*** ERROR C141 IN LINE 5 OF .\src\Dri\Dri_Timer0.c: syntax error near ';', expected ']'

C51 COMPILATION COMPLETE.  0 WARNING(S),  1 ERROR(S)

[2025-04-21 16:53:19]	compilation failed at : "e:\嵌入式\projects\P17_定时器消抖\src\Dri\Dri_Timer0.c", exit code: 2
command: 
  "E:\Program Files\Keil_v5\C51\BIN\C51.exe" .\src\Dri\Dri_Timer0.c OMF2 TABS(4) CODE NOCOND SYMBOLS PRINT(.\build\Release\.obj\src\Dri\Dri_Timer0.lst) INCDIR(../../../Program Files/Keil_v5/C51/INC;src;src/Int;src/Dri) DEFINE(__UVISION_VERSION='526') OPTIMIZE(8,SPEED) SMALL ROM(LARGE) OBJECT(.\build\Release\.obj\src\Dri\Dri_Timer0.o)
   at unify_builder.Program.Main(String[] args_)
---
C51 COMPILER V9.60.7.0 - SN: K1DZC-J84JUC
COPYRIGHT Copyright (C) 2012 - 2022 ARM Limited or its Affiliates. All rights reserved.
*** ERROR C141 IN LINE 5 OF .\src\Dri\Dri_Timer0.c: syntax error near ';', expected ']'
*** ERROR C141 IN LINE 17 OF .\src\Dri\Dri_Timer0.c: syntax error near ';', expected ')'
*** ERROR C141 IN LINE 17 OF .\src\Dri\Dri_Timer0.c: syntax error near ')', expected ';'
*** ERROR C202 IN LINE 19 OF .\src\Dri\Dri_Timer0.c: 's_func': undefined identifier

C51 COMPILATION COMPLETE.  0 WARNING(S),  4 ERROR(S)

[2025-04-21 16:53:48]	compilation failed at : "e:\嵌入式\projects\P17_定时器消抖\src\Dri\Dri_Timer0.c", exit code: 2
command: 
  "E:\Program Files\Keil_v5\C51\BIN\C51.exe" .\src\Dri\Dri_Timer0.c OMF2 TABS(4) CODE NOCOND SYMBOLS PRINT(.\build\Release\.obj\src\Dri\Dri_Timer0.lst) INCDIR(../../../Program Files/Keil_v5/C51/INC;src;src/Int;src/Dri) DEFINE(__UVISION_VERSION='526') OPTIMIZE(8,SPEED) SMALL ROM(LARGE) OBJECT(.\build\Release\.obj\src\Dri\Dri_Timer0.o)
   at unify_builder.Program.Main(String[] args_)
---
C51 COMPILER V9.60.7.0 - SN: K1DZC-J84JUC
COPYRIGHT Copyright (C) 2012 - 2022 ARM Limited or its Affiliates. All rights reserved.
*** ERROR C141 IN LINE 5 OF .\src\Dri\Dri_Timer0.c: syntax error near ';', expected ']'
*** ERROR C202 IN LINE 19 OF .\src\Dri\Dri_Timer0.c: 's_func': undefined identifier
*** ERROR C141 IN LINE 26 OF .\src\Dri\Dri_Timer0.c: syntax error near ';', expected ')'
*** ERROR C141 IN LINE 26 OF .\src\Dri\Dri_Timer0.c: syntax error near ')', expected ';'

C51 COMPILATION COMPLETE.  0 WARNING(S),  4 ERROR(S)

[2025-04-21 16:53:54]	compilation failed at : "e:\嵌入式\projects\P17_定时器消抖\src\Dri\Dri_Timer0.c", exit code: 2
command: 
  "E:\Program Files\Keil_v5\C51\BIN\C51.exe" .\src\Dri\Dri_Timer0.c OMF2 TABS(4) CODE NOCOND SYMBOLS PRINT(.\build\Release\.obj\src\Dri\Dri_Timer0.lst) INCDIR(../../../Program Files/Keil_v5/C51/INC;src;src/Int;src/Dri) DEFINE(__UVISION_VERSION='526') OPTIMIZE(8,SPEED) SMALL ROM(LARGE) OBJECT(.\build\Release\.obj\src\Dri\Dri_Timer0.o)
   at unify_builder.Program.Main(String[] args_)
---
C51 COMPILER V9.60.7.0 - SN: K1DZC-J84JUC
COPYRIGHT Copyright (C) 2012 - 2022 ARM Limited or its Affiliates. All rights reserved.
*** ERROR C141 IN LINE 5 OF .\src\Dri\Dri_Timer0.c: syntax error near ';', expected ']'
*** ERROR C202 IN LINE 19 OF .\src\Dri\Dri_Timer0.c: 's_func': undefined identifier

C51 COMPILATION COMPLETE.  0 WARNING(S),  2 ERROR(S)

[2025-04-21 16:56:28]	[done]
	build successfully !

[2025-04-21 17:00:16]	[done]
	build successfully !

[2025-04-21 17:00:21]	[done]
	build successfully !

[2025-04-21 17:02:02]	compilation failed at : "e:\嵌入式\projects\P17_定时器消抖\src\Dri\Dri_Timer0.c", exit code: 2
command: 
  "E:\Program Files\Keil_v5\C51\BIN\C51.exe" .\src\Dri\Dri_Timer0.c OMF2 TABS(4) CODE NOCOND SYMBOLS PRINT(.\build\Release\.obj\src\Dri\Dri_Timer0.lst) INCDIR(../../../Program Files/Keil_v5/C51/INC;src;src/Int;src/Dri) DEFINE(__UVISION_VERSION='526') OPTIMIZE(8,SPEED) SMALL ROM(LARGE) OBJECT(.\build\Release\.obj\src\Dri\Dri_Timer0.o)
   at unify_builder.Program.Main(String[] args_)
---
C51 COMPILER V9.60.7.0 - SN: K1DZC-J84JUC
COPYRIGHT Copyright (C) 2012 - 2022 ARM Limited or its Affiliates. All rights reserved.
*** ERROR C141 IN LINE 3 OF .\src\Dri\Dri_Timer0.c: syntax error near ';', expected ']'

C51 COMPILATION COMPLETE.  0 WARNING(S),  1 ERROR(S)

[2025-04-21 17:02:07]	[done]
	build successfully !

[2025-04-21 17:04:11]	[done]
	build successfully !

[2025-04-21 17:04:24]	[done]
	build successfully !

[2025-04-21 17:25:30]	compilation failed at : "e:\嵌入式\projects\P17_定时器消抖\src\Dri\Dri_Timer0.c", exit code: 2
command: 
  "E:\Program Files\Keil_v5\C51\BIN\C51.exe" .\src\Dri\Dri_Timer0.c OMF2 TABS(4) CODE NOCOND SYMBOLS PRINT(.\build\Release\.obj\src\Dri\Dri_Timer0.lst) INCDIR(../../../Program Files/Keil_v5/C51/INC;src;src/Int;src/Dri) DEFINE(__UVISION_VERSION='526') OPTIMIZE(8,SPEED) SMALL ROM(LARGE) OBJECT(.\build\Release\.obj\src\Dri\Dri_Timer0.o)
   at unify_builder.Program.Main(String[] args_)
---
C51 COMPILER V9.60.7.0 - SN: K1DZC-J84JUC
COPYRIGHT Copyright (C) 2012 - 2022 ARM Limited or its Affiliates. All rights reserved.
*** ERROR C158 IN LINE 43 OF .\src\Dri\Dri_Timer0.c: '_Dri_Timer0_DeRegisterCallbackFunc': function contains unnamed parameter
*** ERROR C202 IN LINE 47 OF .\src\Dri\Dri_Timer0.c: 'func': undefined identifier
*** ERROR C211 IN LINE 65 OF .\src\Dri\Dri_Timer0.c: call not to a function

C51 COMPILATION COMPLETE.  0 WARNING(S),  3 ERROR(S)

[2025-04-21 17:25:47]	compilation failed at : "e:\嵌入式\projects\P17_定时器消抖\src\main.c", exit code: 2
command: 
  "E:\Program Files\Keil_v5\C51\BIN\C51.exe" .\src\main.c OMF2 TABS(4) CODE NOCOND SYMBOLS PRINT(.\build\Release\.obj\src\main.lst) INCDIR(../../../Program Files/Keil_v5/C51/INC;src;src/Int;src/Dri) DEFINE(__UVISION_VERSION='526') OPTIMIZE(8,SPEED) SMALL ROM(LARGE) OBJECT(.\build\Release\.obj\src\main.o)
   at unify_builder.Program.Main(String[] args_)
---
C51 COMPILER V9.60.7.0 - SN: K1DZC-J84JUC
COPYRIGHT Copyright (C) 2012 - 2022 ARM Limited or its Affiliates. All rights reserved.
*** WARNING C206 IN LINE 20 OF .\src\main.c: 'Dri_Timer0_Init': missing function-prototype
*** WARNING C206 IN LINE 21 OF .\src\main.c: 'Dri_Timer0_RegisterCallbackFunc': missing function-prototype
*** ERROR C267 IN LINE 21 OF .\src\main.c: 'Dri_Timer0_RegisterCallbackFunc': requires ANSI-style prototype

C51 COMPILATION COMPLETE.  2 WARNING(S),  1 ERROR(S)

[2025-04-21 17:26:02]	[done]
	build successfully !

[2025-04-21 17:32:57]	compilation failed at : "e:\嵌入式\projects\P17_定时器消抖\src\Int\Int_Digtal.c", exit code: 2
command: 
  "E:\Program Files\Keil_v5\C51\BIN\C51.exe" .\src\Int\Int_Digtal.c OMF2 TABS(4) CODE NOCOND SYMBOLS PRINT(.\build\Release\.obj\src\Int\Int_Digtal.lst) INCDIR(../../../Program Files/Keil_v5/C51/INC;src;src/Int;src/Dri) DEFINE(__UVISION_VERSION='526') OPTIMIZE(8,SPEED) SMALL ROM(LARGE) OBJECT(.\build\Release\.obj\src\Int\Int_Digtal.o)
   at unify_builder.Program.Main(String[] args_)
---
C51 COMPILER V9.60.7.0 - SN: K1DZC-J84JUC
COPYRIGHT Copyright (C) 2012 - 2022 ARM Limited or its Affiliates. All rights reserved.
*** WARNING C206 IN LINE 76 OF .\src\Int\Int_Digtal.c: 'Dri_Timer0_RegisterCallbackFunc': missing function-prototype
*** ERROR C267 IN LINE 76 OF .\src\Int\Int_Digtal.c: 'Dri_Timer0_RegisterCallbackFunc': requires ANSI-style prototype

C51 COMPILATION COMPLETE.  1 WARNING(S),  1 ERROR(S)

[2025-04-21 17:33:15]	[done]
	build successfully !

[2025-04-21 17:33:28]	[done]
	build successfully !

[2025-04-21 21:34:19]	compilation failed at : "e:\嵌入式\projects\P17_定时器消抖\src\Int\Int_Key.c", exit code: 2
command: 
  "E:\Program Files\Keil_v5\C51\BIN\C51.exe" .\src\Int\Int_Key.c OMF2 TABS(4) CODE NOCOND SYMBOLS PRINT(.\build\Release\.obj\src\Int\Int_Key.lst) INCDIR(../../../Program Files/Keil_v5/C51/INC;src;src/Dri;src/Int) DEFINE(__UVISION_VERSION='526') OPTIMIZE(8,SPEED) SMALL ROM(LARGE) OBJECT(.\build\Release\.obj\src\Int\Int_Key.o)
   at unify_builder.Program.Main(String[] args_)
---
C51 COMPILER V9.60.7.0 - SN: K1DZC-J84JUC
COPYRIGHT Copyright (C) 2012 - 2022 ARM Limited or its Affiliates. All rights reserved.
*** ERROR C202 IN LINE 19 OF .\src\Int\Int_Key.c: 'Int_Key_CallbackFunc': undefined identifier
*** ERROR C202 IN LINE 58 OF .\src\Int\Int_Key.c: 's_sw22_before_status': undefined identifier

C51 COMPILATION COMPLETE.  0 WARNING(S),  2 ERROR(S)

[2025-04-21 21:35:12]	compilation failed at : "e:\嵌入式\projects\P17_定时器消抖\src\Int\Int_Key.c", exit code: 2
command: 
  "E:\Program Files\Keil_v5\C51\BIN\C51.exe" .\src\Int\Int_Key.c OMF2 TABS(4) CODE NOCOND SYMBOLS PRINT(.\build\Release\.obj\src\Int\Int_Key.lst) INCDIR(../../../Program Files/Keil_v5/C51/INC;src;src/Dri;src/Int) DEFINE(__UVISION_VERSION='526') OPTIMIZE(8,SPEED) SMALL ROM(LARGE) OBJECT(.\build\Release\.obj\src\Int\Int_Key.o)
   at unify_builder.Program.Main(String[] args_)
---
C51 COMPILER V9.60.7.0 - SN: K1DZC-J84JUC
COPYRIGHT Copyright (C) 2012 - 2022 ARM Limited or its Affiliates. All rights reserved.
*** ERROR C202 IN LINE 19 OF .\src\Int\Int_Key.c: 'Int_Key_CallbackFunc': undefined identifier

C51 COMPILATION COMPLETE.  0 WARNING(S),  1 ERROR(S)

[2025-04-21 21:36:05]	[done]
	build successfully !

[2025-04-21 21:37:29]	[done]
	build successfully !

[2025-04-21 21:38:13]	[done]
	build successfully !

[2025-04-21 21:38:30]	[done]
	build successfully !

[2025-04-21 21:39:09]	[done]
	build successfully !

[2025-04-21 21:39:55]	[done]
	build successfully !

