C51 COMPILER V9.60.7.0   INT_KEYBOARD                                                      04/19/2025 13:05:25 PAGE 1   


C51 COMPILER V9.60.7.0, COMPILATION OF MODULE INT_KEYBOARD
OBJECT MODULE PLACED IN .\build\Release\.obj\src\Int\Int_Keyboard.o
COMPILER INVOKED BY: E:\Program Files\Keil_v5\C51\BIN\C51.exe .\src\Int\Int_Keyboard.c OMF2 TABS(4) CODE NOCOND SYMBOLS 
                    -PRINT(.\build\Release\.obj\src\Int\Int_Keyboard.lst) INCDIR(../../../Program Files/Keil_v5/C51/INC;src;src/Int;src/Com) 
                    -DEFINE(__UVISION_VERSION=526) OPTIMIZE(8,SPEED) SMALL ROM(LARGE) OBJECT(.\build\Release\.obj\src\Int\Int_Keyboard.o)

line level    source

   1          #include "Int_Keyboard.h"
   2          
   3          bit Int_Keyboard_IsPressedBySw1()
   4          {
   5   1          if(P42)
   6   1          {
   7   2             return 0;
   8   2          }
   9   1          Delay10ms();
  10   1          if(P42)
  11   1          {
  12   2              return 0;
  13   2          }
  14   1          while(1)
  15   1          {
  16   2              if(P42)
  17   2              {
  18   3                  Delay10ms();
  19   3                  if(P42)
  20   3                  {
  21   4                      return 1;
  22   4                  }
  23   3              }
  24   2          }
  25   1      }
  26          
  27          bit Int_Keyboard_IsPressedBySw2()
  28          {
  29   1          if(P43)
  30   1          {
  31   2              return 0;
  32   2          }
  33   1          Delay10ms();
  34   1          if(P43)
  35   1          {
  36   2              return 0;
  37   2          }
  38   1          while(1)
  39   1          {
  40   2              if(P43)
  41   2              {
  42   3                  Delay10ms();
  43   3                  if(P43)
  44   3                  {
  45   4                      return 1;
  46   4                  }
  47   3              }
  48   2          }
  49   1      }
  50          
  51          bit Int_Keyboard_IsPressedBySw3()
  52          {
  53   1          if(P32)
C51 COMPILER V9.60.7.0   INT_KEYBOARD                                                      04/19/2025 13:05:25 PAGE 2   

  54   1          {
  55   2              return 0;
  56   2          }
  57   1          Delay10ms();
  58   1          if(P32)
  59   1          {
  60   2              return 0;
  61   2          }
  62   1          while(1)
  63   1          {
  64   2              if(P32)
  65   2              {
  66   3                  Delay10ms();
  67   3                  if(P32)
  68   3                  {
  69   4                      return 1;
  70   4                  }
  71   3              }
  72   2          }
  73   1      }
  74          
  75          bit Int_Keyboard_IsPressedBySw4()
  76          {
  77   1          if(P33)
  78   1          {
  79   2              return 0;
  80   2          }
  81   1          Delay10ms();
  82   1          if(P33)
  83   1          {
  84   2              return 0;
  85   2          }
  86   1          while(1)
  87   1          {
  88   2              if(P33)
  89   2              {
  90   3                  Delay10ms();
  91   3                  if(P33)
  92   3                  {
  93   4                      return 1;
  94   4                  }
  95   3              }
  96   2          }
  97   1      }
C51 COMPILER V9.60.7.0   INT_KEYBOARD                                                      04/19/2025 13:05:25 PAGE 3   

ASSEMBLY LISTING OF GENERATED OBJECT CODE


             ; FUNCTION Int_Keyboard_IsPressedBySw1 (BEGIN)
                                           ; SOURCE LINE # 3
                                           ; SOURCE LINE # 4
                                           ; SOURCE LINE # 5
0000 30EA02            JNB     P42,?C0001
                                           ; SOURCE LINE # 6
                                           ; SOURCE LINE # 7
0003 C3                CLR     C
0004 22                RET     
                                           ; SOURCE LINE # 8
0005         ?C0001:
                                           ; SOURCE LINE # 9
0005 120000      E     LCALL   Delay10ms
                                           ; SOURCE LINE # 10
0008 30EA02            JNB     P42,?C0004
                                           ; SOURCE LINE # 11
                                           ; SOURCE LINE # 12
000B C3                CLR     C
000C 22                RET     
                                           ; SOURCE LINE # 13
000D         ?C0004:
                                           ; SOURCE LINE # 14
                                           ; SOURCE LINE # 15
                                           ; SOURCE LINE # 16
000D 30EAFD            JNB     P42,?C0004
                                           ; SOURCE LINE # 17
                                           ; SOURCE LINE # 18
0010 120000      E     LCALL   Delay10ms
                                           ; SOURCE LINE # 19
0013 30EAF7            JNB     P42,?C0004
                                           ; SOURCE LINE # 20
                                           ; SOURCE LINE # 21
0016 D3                SETB    C
                                           ; SOURCE LINE # 22
                                           ; SOURCE LINE # 23
                                           ; SOURCE LINE # 24
                                           ; SOURCE LINE # 25
0017         ?C0002:
0017 22                RET     
             ; FUNCTION Int_Keyboard_IsPressedBySw1 (END)

             ; FUNCTION Int_Keyboard_IsPressedBySw2 (BEGIN)
                                           ; SOURCE LINE # 27
                                           ; SOURCE LINE # 28
                                           ; SOURCE LINE # 29
0000 30EB02            JNB     P43,?C0008
                                           ; SOURCE LINE # 30
                                           ; SOURCE LINE # 31
0003 C3                CLR     C
0004 22                RET     
                                           ; SOURCE LINE # 32
0005         ?C0008:
                                           ; SOURCE LINE # 33
0005 120000      E     LCALL   Delay10ms
                                           ; SOURCE LINE # 34
0008 30EB02            JNB     P43,?C0011
                                           ; SOURCE LINE # 35
                                           ; SOURCE LINE # 36
000B C3                CLR     C
C51 COMPILER V9.60.7.0   INT_KEYBOARD                                                      04/19/2025 13:05:25 PAGE 4   

000C 22                RET     
                                           ; SOURCE LINE # 37
000D         ?C0011:
                                           ; SOURCE LINE # 38
                                           ; SOURCE LINE # 39
                                           ; SOURCE LINE # 40
000D 30EBFD            JNB     P43,?C0011
                                           ; SOURCE LINE # 41
                                           ; SOURCE LINE # 42
0010 120000      E     LCALL   Delay10ms
                                           ; SOURCE LINE # 43
0013 30EBF7            JNB     P43,?C0011
                                           ; SOURCE LINE # 44
                                           ; SOURCE LINE # 45
0016 D3                SETB    C
                                           ; SOURCE LINE # 46
                                           ; SOURCE LINE # 47
                                           ; SOURCE LINE # 48
                                           ; SOURCE LINE # 49
0017         ?C0009:
0017 22                RET     
             ; FUNCTION Int_Keyboard_IsPressedBySw2 (END)

             ; FUNCTION Int_Keyboard_IsPressedBySw3 (BEGIN)
                                           ; SOURCE LINE # 51
                                           ; SOURCE LINE # 52
                                           ; SOURCE LINE # 53
0000 30B202            JNB     P32,?C0015
                                           ; SOURCE LINE # 54
                                           ; SOURCE LINE # 55
0003 C3                CLR     C
0004 22                RET     
                                           ; SOURCE LINE # 56
0005         ?C0015:
                                           ; SOURCE LINE # 57
0005 120000      E     LCALL   Delay10ms
                                           ; SOURCE LINE # 58
0008 30B202            JNB     P32,?C0018
                                           ; SOURCE LINE # 59
                                           ; SOURCE LINE # 60
000B C3                CLR     C
000C 22                RET     
                                           ; SOURCE LINE # 61
000D         ?C0018:
                                           ; SOURCE LINE # 62
                                           ; SOURCE LINE # 63
                                           ; SOURCE LINE # 64
000D 30B2FD            JNB     P32,?C0018
                                           ; SOURCE LINE # 65
                                           ; SOURCE LINE # 66
0010 120000      E     LCALL   Delay10ms
                                           ; SOURCE LINE # 67
0013 30B2F7            JNB     P32,?C0018
                                           ; SOURCE LINE # 68
                                           ; SOURCE LINE # 69
0016 D3                SETB    C
                                           ; SOURCE LINE # 70
                                           ; SOURCE LINE # 71
                                           ; SOURCE LINE # 72
                                           ; SOURCE LINE # 73
0017         ?C0016:
0017 22                RET     
C51 COMPILER V9.60.7.0   INT_KEYBOARD                                                      04/19/2025 13:05:25 PAGE 5   

             ; FUNCTION Int_Keyboard_IsPressedBySw3 (END)

             ; FUNCTION Int_Keyboard_IsPressedBySw4 (BEGIN)
                                           ; SOURCE LINE # 75
                                           ; SOURCE LINE # 76
                                           ; SOURCE LINE # 77
0000 30B302            JNB     P33,?C0022
                                           ; SOURCE LINE # 78
                                           ; SOURCE LINE # 79
0003 C3                CLR     C
0004 22                RET     
                                           ; SOURCE LINE # 80
0005         ?C0022:
                                           ; SOURCE LINE # 81
0005 120000      E     LCALL   Delay10ms
                                           ; SOURCE LINE # 82
0008 30B302            JNB     P33,?C0025
                                           ; SOURCE LINE # 83
                                           ; SOURCE LINE # 84
000B C3                CLR     C
000C 22                RET     
                                           ; SOURCE LINE # 85
000D         ?C0025:
                                           ; SOURCE LINE # 86
                                           ; SOURCE LINE # 87
                                           ; SOURCE LINE # 88
000D 30B3FD            JNB     P33,?C0025
                                           ; SOURCE LINE # 89
                                           ; SOURCE LINE # 90
0010 120000      E     LCALL   Delay10ms
                                           ; SOURCE LINE # 91
0013 30B3F7            JNB     P33,?C0025
                                           ; SOURCE LINE # 92
                                           ; SOURCE LINE # 93
0016 D3                SETB    C
                                           ; SOURCE LINE # 94
                                           ; SOURCE LINE # 95
                                           ; SOURCE LINE # 96
                                           ; SOURCE LINE # 97
0017         ?C0023:
0017 22                RET     
             ; FUNCTION Int_Keyboard_IsPressedBySw4 (END)

C51 COMPILER V9.60.7.0   INT_KEYBOARD                                                      04/19/2025 13:05:25 PAGE 6   

NAME                                    CLASS   MSPACE  TYPE    OFFSET  SIZE
====                                    =====   ======  ====    ======  ====


P0 . . . . . . . . . . . . . . . . . .  SFR      DATA   U_CHAR   0080H  1
P1 . . . . . . . . . . . . . . . . . .  SFR      DATA   U_CHAR   0090H  1
P2 . . . . . . . . . . . . . . . . . .  SFR      DATA   U_CHAR   00A0H  1
P3 . . . . . . . . . . . . . . . . . .  SFR      DATA   U_CHAR   00B0H  1
XICON. . . . . . . . . . . . . . . . .  SFR      DATA   U_CHAR   00C0H  1
T0 . . . . . . . . . . . . . . . . . .  ABSBIT   -----  BIT      00B4H  1
AC . . . . . . . . . . . . . . . . . .  ABSBIT   -----  BIT      00D6H  1
P4 . . . . . . . . . . . . . . . . . .  SFR      DATA   U_CHAR   00E8H  1
T1 . . . . . . . . . . . . . . . . . .  ABSBIT   -----  BIT      00B5H  1
ISP_TRIG . . . . . . . . . . . . . . .  SFR      DATA   U_CHAR   00E6H  1
T2 . . . . . . . . . . . . . . . . . .  ABSBIT   -----  BIT      0090H  1
EA . . . . . . . . . . . . . . . . . .  ABSBIT   -----  BIT      00AFH  1
EC . . . . . . . . . . . . . . . . . .  ABSBIT   -----  BIT      00AEH  1
FE . . . . . . . . . . . . . . . . . .  ABSBIT   -----  BIT      009FH  1
IE . . . . . . . . . . . . . . . . . .  SFR      DATA   U_CHAR   00A8H  1
EXF2 . . . . . . . . . . . . . . . . .  ABSBIT   -----  BIT      00CEH  1
RD . . . . . . . . . . . . . . . . . .  ABSBIT   -----  BIT      00B7H  1
ES . . . . . . . . . . . . . . . . . .  ABSBIT   -----  BIT      00ACH  1
IP . . . . . . . . . . . . . . . . . .  SFR      DATA   U_CHAR   00B8H  1
RI . . . . . . . . . . . . . . . . . .  ABSBIT   -----  BIT      0098H  1
INT0 . . . . . . . . . . . . . . . . .  ABSBIT   -----  BIT      00B2H  1
CY . . . . . . . . . . . . . . . . . .  ABSBIT   -----  BIT      00D7H  1
TI . . . . . . . . . . . . . . . . . .  ABSBIT   -----  BIT      0099H  1
INT1 . . . . . . . . . . . . . . . . .  ABSBIT   -----  BIT      00B3H  1
RCAP2H . . . . . . . . . . . . . . . .  SFR      DATA   U_CHAR   00CBH  1
ISP_CMD. . . . . . . . . . . . . . . .  SFR      DATA   U_CHAR   00E5H  1
PS . . . . . . . . . . . . . . . . . .  ABSBIT   -----  BIT      00BCH  1
SP . . . . . . . . . . . . . . . . . .  SFR      DATA   U_CHAR   0081H  1
T2EX . . . . . . . . . . . . . . . . .  ABSBIT   -----  BIT      0091H  1
OV . . . . . . . . . . . . . . . . . .  ABSBIT   -----  BIT      00D2H  1
RCAP2L . . . . . . . . . . . . . . . .  SFR      DATA   U_CHAR   00CAH  1
C_T2 . . . . . . . . . . . . . . . . .  ABSBIT   -----  BIT      00C9H  1
WR . . . . . . . . . . . . . . . . . .  ABSBIT   -----  BIT      00B6H  1
RCLK . . . . . . . . . . . . . . . . .  ABSBIT   -----  BIT      00CDH  1
TCLK . . . . . . . . . . . . . . . . .  ABSBIT   -----  BIT      00CCH  1
P00. . . . . . . . . . . . . . . . . .  ABSBIT   -----  BIT      0080H  1
SBUF . . . . . . . . . . . . . . . . .  SFR      DATA   U_CHAR   0099H  1
PCON . . . . . . . . . . . . . . . . .  SFR      DATA   U_CHAR   0087H  1
P10. . . . . . . . . . . . . . . . . .  ABSBIT   -----  BIT      0090H  1
P01. . . . . . . . . . . . . . . . . .  ABSBIT   -----  BIT      0081H  1
P20. . . . . . . . . . . . . . . . . .  ABSBIT   -----  BIT      00A0H  1
P11. . . . . . . . . . . . . . . . . .  ABSBIT   -----  BIT      0091H  1
P02. . . . . . . . . . . . . . . . . .  ABSBIT   -----  BIT      0082H  1
ISP_ADDRH. . . . . . . . . . . . . . .  SFR      DATA   U_CHAR   00E3H  1
P30. . . . . . . . . . . . . . . . . .  ABSBIT   -----  BIT      00B0H  1
P21. . . . . . . . . . . . . . . . . .  ABSBIT   -----  BIT      00A1H  1
P12. . . . . . . . . . . . . . . . . .  ABSBIT   -----  BIT      0092H  1
P03. . . . . . . . . . . . . . . . . .  ABSBIT   -----  BIT      0083H  1
SCON . . . . . . . . . . . . . . . . .  SFR      DATA   U_CHAR   0098H  1
P31. . . . . . . . . . . . . . . . . .  ABSBIT   -----  BIT      00B1H  1
P22. . . . . . . . . . . . . . . . . .  ABSBIT   -----  BIT      00A2H  1
P13. . . . . . . . . . . . . . . . . .  ABSBIT   -----  BIT      0093H  1
P04. . . . . . . . . . . . . . . . . .  ABSBIT   -----  BIT      0084H  1
P40. . . . . . . . . . . . . . . . . .  ABSBIT   -----  BIT      00E8H  1
Delay10ms. . . . . . . . . . . . . . .  EXTERN   CODE   PROC     -----  -----
TMOD . . . . . . . . . . . . . . . . .  SFR      DATA   U_CHAR   0089H  1
TCON . . . . . . . . . . . . . . . . .  SFR      DATA   U_CHAR   0088H  1
C51 COMPILER V9.60.7.0   INT_KEYBOARD                                                      04/19/2025 13:05:25 PAGE 7   

NAME                                    CLASS   MSPACE  TYPE    OFFSET  SIZE
====                                    =====   ======  ====    ======  ====


P32. . . . . . . . . . . . . . . . . .  ABSBIT   -----  BIT      00B2H  1
P23. . . . . . . . . . . . . . . . . .  ABSBIT   -----  BIT      00A3H  1
P14. . . . . . . . . . . . . . . . . .  ABSBIT   -----  BIT      0094H  1
P05. . . . . . . . . . . . . . . . . .  ABSBIT   -----  BIT      0085H  1
P41. . . . . . . . . . . . . . . . . .  ABSBIT   -----  BIT      00E9H  1
P33. . . . . . . . . . . . . . . . . .  ABSBIT   -----  BIT      00B3H  1
P24. . . . . . . . . . . . . . . . . .  ABSBIT   -----  BIT      00A4H  1
P15. . . . . . . . . . . . . . . . . .  ABSBIT   -----  BIT      0095H  1
P06. . . . . . . . . . . . . . . . . .  ABSBIT   -----  BIT      0086H  1
ISP_ADDRL. . . . . . . . . . . . . . .  SFR      DATA   U_CHAR   00E4H  1
P42. . . . . . . . . . . . . . . . . .  ABSBIT   -----  BIT      00EAH  1
P34. . . . . . . . . . . . . . . . . .  ABSBIT   -----  BIT      00B4H  1
P25. . . . . . . . . . . . . . . . . .  ABSBIT   -----  BIT      00A5H  1
P16. . . . . . . . . . . . . . . . . .  ABSBIT   -----  BIT      0096H  1
P07. . . . . . . . . . . . . . . . . .  ABSBIT   -----  BIT      0087H  1
P43. . . . . . . . . . . . . . . . . .  ABSBIT   -----  BIT      00EBH  1
P35. . . . . . . . . . . . . . . . . .  ABSBIT   -----  BIT      00B5H  1
P26. . . . . . . . . . . . . . . . . .  ABSBIT   -----  BIT      00A6H  1
P17. . . . . . . . . . . . . . . . . .  ABSBIT   -----  BIT      0097H  1
P44. . . . . . . . . . . . . . . . . .  ABSBIT   -----  BIT      00ECH  1
P36. . . . . . . . . . . . . . . . . .  ABSBIT   -----  BIT      00B6H  1
P27. . . . . . . . . . . . . . . . . .  ABSBIT   -----  BIT      00A7H  1
P45. . . . . . . . . . . . . . . . . .  ABSBIT   -----  BIT      00EDH  1
P37. . . . . . . . . . . . . . . . . .  ABSBIT   -----  BIT      00B7H  1
P46. . . . . . . . . . . . . . . . . .  ABSBIT   -----  BIT      00EEH  1
IE0. . . . . . . . . . . . . . . . . .  ABSBIT   -----  BIT      0089H  1
IE1. . . . . . . . . . . . . . . . . .  ABSBIT   -----  BIT      008BH  1
AUXR . . . . . . . . . . . . . . . . .  SFR      DATA   U_CHAR   008EH  1
B. . . . . . . . . . . . . . . . . . .  SFR      DATA   U_CHAR   00F0H  1
CP_RL2 . . . . . . . . . . . . . . . .  ABSBIT   -----  BIT      00C8H  1
ACC. . . . . . . . . . . . . . . . . .  SFR      DATA   U_CHAR   00E0H  1
ET0. . . . . . . . . . . . . . . . . .  ABSBIT   -----  BIT      00A9H  1
ET1. . . . . . . . . . . . . . . . . .  ABSBIT   -----  BIT      00ABH  1
TF0. . . . . . . . . . . . . . . . . .  ABSBIT   -----  BIT      008DH  1
ET2. . . . . . . . . . . . . . . . . .  ABSBIT   -----  BIT      00ADH  1
TF1. . . . . . . . . . . . . . . . . .  ABSBIT   -----  BIT      008FH  1
TF2. . . . . . . . . . . . . . . . . .  ABSBIT   -----  BIT      00CFH  1
RB8. . . . . . . . . . . . . . . . . .  ABSBIT   -----  BIT      009AH  1
TH0. . . . . . . . . . . . . . . . . .  SFR      DATA   U_CHAR   008CH  1
EX0. . . . . . . . . . . . . . . . . .  ABSBIT   -----  BIT      00A8H  1
IT0. . . . . . . . . . . . . . . . . .  ABSBIT   -----  BIT      0088H  1
TH1. . . . . . . . . . . . . . . . . .  SFR      DATA   U_CHAR   008DH  1
TB8. . . . . . . . . . . . . . . . . .  ABSBIT   -----  BIT      009BH  1
EX1. . . . . . . . . . . . . . . . . .  ABSBIT   -----  BIT      00AAH  1
IT1. . . . . . . . . . . . . . . . . .  ABSBIT   -----  BIT      008AH  1
TH2. . . . . . . . . . . . . . . . . .  SFR      DATA   U_CHAR   00CDH  1
P. . . . . . . . . . . . . . . . . . .  ABSBIT   -----  BIT      00D0H  1
SM0. . . . . . . . . . . . . . . . . .  ABSBIT   -----  BIT      009FH  1
TL0. . . . . . . . . . . . . . . . . .  SFR      DATA   U_CHAR   008AH  1
SM1. . . . . . . . . . . . . . . . . .  ABSBIT   -----  BIT      009EH  1
TL1. . . . . . . . . . . . . . . . . .  SFR      DATA   U_CHAR   008BH  1
SM2. . . . . . . . . . . . . . . . . .  ABSBIT   -----  BIT      009DH  1
TL2. . . . . . . . . . . . . . . . . .  SFR      DATA   U_CHAR   00CCH  1
PT0. . . . . . . . . . . . . . . . . .  ABSBIT   -----  BIT      00B9H  1
PT1. . . . . . . . . . . . . . . . . .  ABSBIT   -----  BIT      00BBH  1
RS0. . . . . . . . . . . . . . . . . .  ABSBIT   -----  BIT      00D3H  1
ISP_CONTR. . . . . . . . . . . . . . .  SFR      DATA   U_CHAR   00E7H  1
C51 COMPILER V9.60.7.0   INT_KEYBOARD                                                      04/19/2025 13:05:25 PAGE 8   

NAME                                    CLASS   MSPACE  TYPE    OFFSET  SIZE
====                                    =====   ======  ====    ======  ====


PT2. . . . . . . . . . . . . . . . . .  ABSBIT   -----  BIT      00BDH  1
TR0. . . . . . . . . . . . . . . . . .  ABSBIT   -----  BIT      008CH  1
RS1. . . . . . . . . . . . . . . . . .  ABSBIT   -----  BIT      00D4H  1
TR1. . . . . . . . . . . . . . . . . .  ABSBIT   -----  BIT      008EH  1
TR2. . . . . . . . . . . . . . . . . .  ABSBIT   -----  BIT      00CAH  1
PX0. . . . . . . . . . . . . . . . . .  ABSBIT   -----  BIT      00B8H  1
WDT_CONTR. . . . . . . . . . . . . . .  SFR      DATA   U_CHAR   00E1H  1
PX1. . . . . . . . . . . . . . . . . .  ABSBIT   -----  BIT      00BAH  1
DPH. . . . . . . . . . . . . . . . . .  SFR      DATA   U_CHAR   0083H  1
DPL. . . . . . . . . . . . . . . . . .  SFR      DATA   U_CHAR   0082H  1
IPH. . . . . . . . . . . . . . . . . .  SFR      DATA   U_CHAR   00B7H  1
EXEN2. . . . . . . . . . . . . . . . .  ABSBIT   -----  BIT      00CBH  1
REN. . . . . . . . . . . . . . . . . .  ABSBIT   -----  BIT      009CH  1
T2MOD. . . . . . . . . . . . . . . . .  SFR      DATA   U_CHAR   00C9H  1
T2CON. . . . . . . . . . . . . . . . .  SFR      DATA   U_CHAR   00C8H  1
ISP_DATA . . . . . . . . . . . . . . .  SFR      DATA   U_CHAR   00E2H  1
SADEN. . . . . . . . . . . . . . . . .  SFR      DATA   U_CHAR   00B9H  1
RXD. . . . . . . . . . . . . . . . . .  ABSBIT   -----  BIT      00B0H  1
SADDR. . . . . . . . . . . . . . . . .  SFR      DATA   U_CHAR   00A9H  1
TXD. . . . . . . . . . . . . . . . . .  ABSBIT   -----  BIT      00B1H  1
AUXR1. . . . . . . . . . . . . . . . .  SFR      DATA   U_CHAR   00A2H  1
Int_Keyboard_IsPressedBySw1. . . . . .  PUBLIC   CODE   PROC     0000H  -----
F0 . . . . . . . . . . . . . . . . . .  ABSBIT   -----  BIT      00D5H  1
Int_Keyboard_IsPressedBySw2. . . . . .  PUBLIC   CODE   PROC     0000H  -----
F1 . . . . . . . . . . . . . . . . . .  ABSBIT   -----  BIT      00D1H  1
Int_Keyboard_IsPressedBySw3. . . . . .  PUBLIC   CODE   PROC     0000H  -----
Int_Keyboard_IsPressedBySw4. . . . . .  PUBLIC   CODE   PROC     0000H  -----
PSW. . . . . . . . . . . . . . . . . .  SFR      DATA   U_CHAR   00D0H  1


MODULE INFORMATION:   STATIC OVERLAYABLE
   CODE SIZE        =     96    ----
   CONSTANT SIZE    =   ----    ----
   XDATA SIZE       =   ----    ----
   PDATA SIZE       =   ----    ----
   DATA SIZE        =   ----    ----
   IDATA SIZE       =   ----    ----
   BIT SIZE         =   ----    ----
   EDATA SIZE       =   ----    ----
   HDATA SIZE       =   ----    ----
   XDATA CONST SIZE =   ----    ----
   FAR CONST SIZE   =   ----    ----
END OF MODULE INFORMATION.


C51 COMPILATION COMPLETE.  0 WARNING(S),  0 ERROR(S)
