C51 COMPILER V9.60.7.0   COM_UTIL                                                          04/18/2025 16:55:30 PAGE 1   


C51 COMPILER V9.60.7.0, COMPILATION OF MODULE COM_UTIL
OBJECT MODULE PLACED IN .\build\Release\.obj\src\Com\Com_Util.o
COMPILER INVOKED BY: E:\Program Files\Keil_v5\C51\BIN\C51.exe .\src\Com\Com_Util.c OMF2 TABS(4) CODE NOCOND SYMBOLS PRIN
                    -T(.\build\Release\.obj\src\Com\Com_Util.lst) INCDIR(../../../Program Files/Keil_v5/C51/INC;src;src/Int;src/Com) DEFINE(_
                    -_UVISION_VERSION=526) OPTIMIZE(8,SPEED) SMALL ROM(LARGE) OBJECT(.\build\Release\.obj\src\Com\Com_Util.o)

line level    source

   1          #include "Com_Util.h"
   2          
   3          void Delay10ms()        //@11.0592MHz
   4          {
   5   1          unsigned char data i, j;
   6   1      
   7   1          i = 18;
   8   1          j = 235;
   9   1          do
  10   1          {
  11   2              while (--j);
  12   2          } while (--i);
  13   1      }
C51 COMPILER V9.60.7.0   COM_UTIL                                                          04/18/2025 16:55:30 PAGE 2   

ASSEMBLY LISTING OF GENERATED OBJECT CODE


             ; FUNCTION Delay10ms (BEGIN)
                                           ; SOURCE LINE # 3
                                           ; SOURCE LINE # 4
                                           ; SOURCE LINE # 7
;---- Variable 'i' assigned to Register 'R7' ----
0000 7F12              MOV     R7,#012H
                                           ; SOURCE LINE # 8
;---- Variable 'j' assigned to Register 'R6' ----
0002 7EEB              MOV     R6,#0EBH
                                           ; SOURCE LINE # 10
0004         ?C0004:
                                           ; SOURCE LINE # 11
0004 DEFE              DJNZ    R6,?C0004
                                           ; SOURCE LINE # 12
0006 DFFC              DJNZ    R7,?C0004
                                           ; SOURCE LINE # 13
0008 22                RET     
             ; FUNCTION Delay10ms (END)

C51 COMPILER V9.60.7.0   COM_UTIL                                                          04/18/2025 16:55:30 PAGE 3   

NAME                                    CLASS   MSPACE  TYPE    OFFSET  SIZE
====                                    =====   ======  ====    ======  ====


Delay10ms. . . . . . . . . . . . . . .  PUBLIC   CODE   PROC     0000H  -----
  i. . . . . . . . . . . . . . . . . .  * REG *  DATA   U_CHAR   0007H  1
  j. . . . . . . . . . . . . . . . . .  * REG *  DATA   U_CHAR   0006H  1


MODULE INFORMATION:   STATIC OVERLAYABLE
   CODE SIZE        =      9    ----
   CONSTANT SIZE    =   ----    ----
   XDATA SIZE       =   ----    ----
   PDATA SIZE       =   ----    ----
   DATA SIZE        =   ----    ----
   IDATA SIZE       =   ----    ----
   BIT SIZE         =   ----    ----
   EDATA SIZE       =   ----    ----
   HDATA SIZE       =   ----    ----
   XDATA CONST SIZE =   ----    ----
   FAR CONST SIZE   =   ----    ----
END OF MODULE INFORMATION.


C51 COMPILATION COMPLETE.  0 WARNING(S),  0 ERROR(S)
