C51 COMPILER V9.60.7.0   MAIN                                                              04/19/2025 13:05:25 PAGE 1   


C51 COMPILER V9.60.7.0, COMPILATION OF MODULE MAIN
OBJECT MODULE PLACED IN .\build\Release\.obj\src\main.o
COMPILER INVOKED BY: E:\Program Files\Keil_v5\C51\BIN\C51.exe .\src\main.c OMF2 TABS(4) CODE NOCOND SYMBOLS PRINT(.\buil
                    -d\Release\.obj\src\main.lst) INCDIR(../../../Program Files/Keil_v5/C51/INC;src;src/Int;src/Com) DEFINE(__UVISION_VERSION
                    -=526) OPTIMIZE(8,SPEED) SMALL ROM(LARGE) OBJECT(.\build\Release\.obj\src\main.o)

line level    source

   1          #include "Int_Digtal.h"
   2          #include "Int_Keyboard.h"
   3          
   4          void coverNumToBin(unsigned char num, unsigned char* p_data)
   5          {
   6   1          unsigned char i;
   7   1          for(i = 0; i < 8; i++)
   8   1          {
   9   2              p_data[i] = 0;
  10   2          }
  11   1          i = 7;
  12   1          while(num != 0)
  13   1          {
  14   2              p_data[i] = num % 2;
  15   2              num /= 2;
  16   2              i--;
  17   2          }
  18   1      }
  19          
  20          void main()
  21          {
  22   1          unsigned char num = 255;
  23   1          unsigned char str[8];
  24   1          SMG_EN = 0;
  25   1          LED_EN = 0;
  26   1          coverNumToBin(num, str);
  27   1          Int_Digtal_SetCacheByBin(str);
  28   1          while(1)
  29   1          {
  30   2              if(Int_Keyboard_IsPressedBySw1())
  31   2              {
  32   3                  num *= 2;
  33   3                  coverNumToBin(num, str);
  34   3                  Int_Digtal_SetCacheByBin(str);
  35   3              }
  36   2              if(Int_Keyboard_IsPressedBySw2())
  37   2              {
  38   3                  num /= 2;
  39   3                  coverNumToBin(num, str);
  40   3                  Int_Digtal_SetCacheByBin(str);
  41   3              }
  42   2              if(Int_Keyboard_IsPressedBySw3())
  43   2              {
  44   3                  num += 1;
  45   3                  coverNumToBin(num, str);
  46   3                  Int_Digtal_SetCacheByBin(str);
  47   3              }
  48   2              if(Int_Keyboard_IsPressedBySw4())
  49   2              {
  50   3                  num = 0;
  51   3                  coverNumToBin(num, str);
  52   3                  Int_Digtal_SetCacheByBin(str);
  53   3              }
C51 COMPILER V9.60.7.0   MAIN                                                              04/19/2025 13:05:25 PAGE 2   

  54   2              Int_Digtal_FlushDigtal();
  55   2          }
  56   1      }
C51 COMPILER V9.60.7.0   MAIN                                                              04/19/2025 13:05:25 PAGE 3   

ASSEMBLY LISTING OF GENERATED OBJECT CODE


             ; FUNCTION L?0014 (BEGIN)
0000 7B00              MOV     R3,#00H
0002         L?0015:
0002 7A00        R     MOV     R2,#HIGH str
0004 7900        R     MOV     R1,#LOW str
0006 AF00        R     MOV     R7,num
             ; FUNCTION _coverNumToBin (BEGIN)
                                           ; SOURCE LINE # 4
0008 8B00        R     MOV     p_data,R3
000A 8A00        R     MOV     p_data+01H,R2
000C 8900        R     MOV     p_data+02H,R1
;---- Variable 'num' assigned to Register 'R7' ----
                                           ; SOURCE LINE # 5
                                           ; SOURCE LINE # 7
;---- Variable 'i' assigned to Register 'R6' ----
000E E4                CLR     A
000F FE                MOV     R6,A
0010         ?C0001:
                                           ; SOURCE LINE # 8
                                           ; SOURCE LINE # 9
0010 AB00        R     MOV     R3,p_data
0012 AA00        R     MOV     R2,p_data+01H
0014 A900        R     MOV     R1,p_data+02H
0016 8E82              MOV     DPL,R6
0018 758300            MOV     DPH,#00H
001B E4                CLR     A
001C 120000      E     LCALL   ?C?CSTOPTR
                                           ; SOURCE LINE # 10
001F 0E                INC     R6
0020 BE08ED            CJNE    R6,#08H,?C0001
0023         ?C0002:
                                           ; SOURCE LINE # 11
0023 7E07              MOV     R6,#07H
0025         ?C0004:
                                           ; SOURCE LINE # 12
0025 EF                MOV     A,R7
0026 6017              JZ      ?C0006
                                           ; SOURCE LINE # 13
                                           ; SOURCE LINE # 14
0028 5401              ANL     A,#01H
002A AB00        R     MOV     R3,p_data
002C AA00        R     MOV     R2,p_data+01H
002E A900        R     MOV     R1,p_data+02H
0030 8E82              MOV     DPL,R6
0032 758300            MOV     DPH,#00H
0035 120000      E     LCALL   ?C?CSTOPTR
                                           ; SOURCE LINE # 15
0038 EF                MOV     A,R7
0039 C3                CLR     C
003A 13                RRC     A
003B FF                MOV     R7,A
                                           ; SOURCE LINE # 16
003C 1E                DEC     R6
                                           ; SOURCE LINE # 17
003D 80E6              SJMP    ?C0004
                                           ; SOURCE LINE # 18
003F         ?C0006:
003F 22                RET     
             ; FUNCTION _coverNumToBin (END)
C51 COMPILER V9.60.7.0   MAIN                                                              04/19/2025 13:05:25 PAGE 4   


             ; FUNCTION main (BEGIN)
                                           ; SOURCE LINE # 20
                                           ; SOURCE LINE # 21
                                           ; SOURCE LINE # 22
0000 7500FF      R     MOV     num,#0FFH
                                           ; SOURCE LINE # 24
0003 C2B6              CLR     P36
                                           ; SOURCE LINE # 25
0005 C2B4              CLR     P34
                                           ; SOURCE LINE # 26
0007 120000      R     LCALL   L?0014
                                           ; SOURCE LINE # 27
000A 7B00              MOV     R3,#00H
000C 7A00        R     MOV     R2,#HIGH str
000E 7900        R     MOV     R1,#LOW str
0010 120000      E     LCALL   _Int_Digtal_SetCacheByBin
0013         ?C0007:
                                           ; SOURCE LINE # 28
                                           ; SOURCE LINE # 29
                                           ; SOURCE LINE # 30
0013 120000      E     LCALL   Int_Keyboard_IsPressedBySw1
0016 5019              JNC     ?C0009
                                           ; SOURCE LINE # 31
                                           ; SOURCE LINE # 32
0018 E500        R     MOV     A,num
001A 25E0              ADD     A,ACC
001C F500        R     MOV     num,A
                                           ; SOURCE LINE # 33
001E 7B00              MOV     R3,#00H
0020 7A00        R     MOV     R2,#HIGH str
0022 7900        R     MOV     R1,#LOW str
0024 FF                MOV     R7,A
0025 120000      R     LCALL   _coverNumToBin
                                           ; SOURCE LINE # 34
0028 7B00              MOV     R3,#00H
002A 7A00        R     MOV     R2,#HIGH str
002C 7900        R     MOV     R1,#LOW str
002E 120000      E     LCALL   _Int_Digtal_SetCacheByBin
                                           ; SOURCE LINE # 35
0031         ?C0009:
                                           ; SOURCE LINE # 36
0031 120000      E     LCALL   Int_Keyboard_IsPressedBySw2
0034 5019              JNC     ?C0010
                                           ; SOURCE LINE # 37
                                           ; SOURCE LINE # 38
0036 E500        R     MOV     A,num
0038 C3                CLR     C
0039 13                RRC     A
003A F500        R     MOV     num,A
                                           ; SOURCE LINE # 39
003C 7B00              MOV     R3,#00H
003E 7A00        R     MOV     R2,#HIGH str
0040 7900        R     MOV     R1,#LOW str
0042 FF                MOV     R7,A
0043 120000      R     LCALL   _coverNumToBin
                                           ; SOURCE LINE # 40
0046 7B00              MOV     R3,#00H
0048 7A00        R     MOV     R2,#HIGH str
004A 7900        R     MOV     R1,#LOW str
004C 120000      E     LCALL   _Int_Digtal_SetCacheByBin
                                           ; SOURCE LINE # 41
C51 COMPILER V9.60.7.0   MAIN                                                              04/19/2025 13:05:25 PAGE 5   

004F         ?C0010:
                                           ; SOURCE LINE # 42
004F 120000      E     LCALL   Int_Keyboard_IsPressedBySw3
0052 500E              JNC     ?C0011
                                           ; SOURCE LINE # 43
                                           ; SOURCE LINE # 44
0054 0500        R     INC     num
                                           ; SOURCE LINE # 45
0056 120000      R     LCALL   L?0014
                                           ; SOURCE LINE # 46
0059 7B00              MOV     R3,#00H
005B 7A00        R     MOV     R2,#HIGH str
005D 7900        R     MOV     R1,#LOW str
005F 120000      E     LCALL   _Int_Digtal_SetCacheByBin
                                           ; SOURCE LINE # 47
0062         ?C0011:
                                           ; SOURCE LINE # 48
0062 120000      E     LCALL   Int_Keyboard_IsPressedBySw4
0065 5010              JNC     ?C0012
                                           ; SOURCE LINE # 49
                                           ; SOURCE LINE # 50
0067 E4                CLR     A
0068 F500        R     MOV     num,A
                                           ; SOURCE LINE # 51
006A FB                MOV     R3,A
006B 120000      R     LCALL   L?0015
                                           ; SOURCE LINE # 52
006E 7B00              MOV     R3,#00H
0070 7A00        R     MOV     R2,#HIGH str
0072 7900        R     MOV     R1,#LOW str
0074 120000      E     LCALL   _Int_Digtal_SetCacheByBin
                                           ; SOURCE LINE # 53
0077         ?C0012:
                                           ; SOURCE LINE # 54
0077 120000      E     LCALL   Int_Digtal_FlushDigtal
                                           ; SOURCE LINE # 55
007A 8097              SJMP    ?C0007
             ; FUNCTION main (END)

C51 COMPILER V9.60.7.0   MAIN                                                              04/19/2025 13:05:25 PAGE 6   

NAME                                    CLASS   MSPACE  TYPE    OFFSET  SIZE
====                                    =====   ======  ====    ======  ====


P0 . . . . . . . . . . . . . . . . . .  SFR      DATA   U_CHAR   0080H  1
P1 . . . . . . . . . . . . . . . . . .  SFR      DATA   U_CHAR   0090H  1
P2 . . . . . . . . . . . . . . . . . .  SFR      DATA   U_CHAR   00A0H  1
P3 . . . . . . . . . . . . . . . . . .  SFR      DATA   U_CHAR   00B0H  1
XICON. . . . . . . . . . . . . . . . .  SFR      DATA   U_CHAR   00C0H  1
T0 . . . . . . . . . . . . . . . . . .  ABSBIT   -----  BIT      00B4H  1
AC . . . . . . . . . . . . . . . . . .  ABSBIT   -----  BIT      00D6H  1
P4 . . . . . . . . . . . . . . . . . .  SFR      DATA   U_CHAR   00E8H  1
T1 . . . . . . . . . . . . . . . . . .  ABSBIT   -----  BIT      00B5H  1
ISP_TRIG . . . . . . . . . . . . . . .  SFR      DATA   U_CHAR   00E6H  1
T2 . . . . . . . . . . . . . . . . . .  ABSBIT   -----  BIT      0090H  1
EA . . . . . . . . . . . . . . . . . .  ABSBIT   -----  BIT      00AFH  1
EC . . . . . . . . . . . . . . . . . .  ABSBIT   -----  BIT      00AEH  1
FE . . . . . . . . . . . . . . . . . .  ABSBIT   -----  BIT      009FH  1
IE . . . . . . . . . . . . . . . . . .  SFR      DATA   U_CHAR   00A8H  1
EXF2 . . . . . . . . . . . . . . . . .  ABSBIT   -----  BIT      00CEH  1
RD . . . . . . . . . . . . . . . . . .  ABSBIT   -----  BIT      00B7H  1
ES . . . . . . . . . . . . . . . . . .  ABSBIT   -----  BIT      00ACH  1
IP . . . . . . . . . . . . . . . . . .  SFR      DATA   U_CHAR   00B8H  1
RI . . . . . . . . . . . . . . . . . .  ABSBIT   -----  BIT      0098H  1
INT0 . . . . . . . . . . . . . . . . .  ABSBIT   -----  BIT      00B2H  1
CY . . . . . . . . . . . . . . . . . .  ABSBIT   -----  BIT      00D7H  1
TI . . . . . . . . . . . . . . . . . .  ABSBIT   -----  BIT      0099H  1
INT1 . . . . . . . . . . . . . . . . .  ABSBIT   -----  BIT      00B3H  1
RCAP2H . . . . . . . . . . . . . . . .  SFR      DATA   U_CHAR   00CBH  1
ISP_CMD. . . . . . . . . . . . . . . .  SFR      DATA   U_CHAR   00E5H  1
_Int_Digtal_SetCacheByBin. . . . . . .  EXTERN   CODE   PROC     -----  -----
PS . . . . . . . . . . . . . . . . . .  ABSBIT   -----  BIT      00BCH  1
SP . . . . . . . . . . . . . . . . . .  SFR      DATA   U_CHAR   0081H  1
T2EX . . . . . . . . . . . . . . . . .  ABSBIT   -----  BIT      0091H  1
Int_Digtal_FlushDigtal . . . . . . . .  EXTERN   CODE   PROC     -----  -----
OV . . . . . . . . . . . . . . . . . .  ABSBIT   -----  BIT      00D2H  1
RCAP2L . . . . . . . . . . . . . . . .  SFR      DATA   U_CHAR   00CAH  1
main . . . . . . . . . . . . . . . . .  PUBLIC   CODE   PROC     0000H  -----
  num. . . . . . . . . . . . . . . . .  AUTO     DATA   U_CHAR   0000H  1
  str. . . . . . . . . . . . . . . . .  AUTO     DATA   ARRAY    0001H  8
C_T2 . . . . . . . . . . . . . . . . .  ABSBIT   -----  BIT      00C9H  1
WR . . . . . . . . . . . . . . . . . .  ABSBIT   -----  BIT      00B6H  1
RCLK . . . . . . . . . . . . . . . . .  ABSBIT   -----  BIT      00CDH  1
TCLK . . . . . . . . . . . . . . . . .  ABSBIT   -----  BIT      00CCH  1
P00. . . . . . . . . . . . . . . . . .  ABSBIT   -----  BIT      0080H  1
SBUF . . . . . . . . . . . . . . . . .  SFR      DATA   U_CHAR   0099H  1
PCON . . . . . . . . . . . . . . . . .  SFR      DATA   U_CHAR   0087H  1
P10. . . . . . . . . . . . . . . . . .  ABSBIT   -----  BIT      0090H  1
P01. . . . . . . . . . . . . . . . . .  ABSBIT   -----  BIT      0081H  1
P20. . . . . . . . . . . . . . . . . .  ABSBIT   -----  BIT      00A0H  1
P11. . . . . . . . . . . . . . . . . .  ABSBIT   -----  BIT      0091H  1
P02. . . . . . . . . . . . . . . . . .  ABSBIT   -----  BIT      0082H  1
ISP_ADDRH. . . . . . . . . . . . . . .  SFR      DATA   U_CHAR   00E3H  1
P30. . . . . . . . . . . . . . . . . .  ABSBIT   -----  BIT      00B0H  1
P21. . . . . . . . . . . . . . . . . .  ABSBIT   -----  BIT      00A1H  1
P12. . . . . . . . . . . . . . . . . .  ABSBIT   -----  BIT      0092H  1
P03. . . . . . . . . . . . . . . . . .  ABSBIT   -----  BIT      0083H  1
_coverNumToBin . . . . . . . . . . . .  PUBLIC   CODE   PROC     0008H  -----
  num. . . . . . . . . . . . . . . . .  * REG *  DATA   U_CHAR   0007H  1
  p_data . . . . . . . . . . . . . . .  AUTO     DATA   PTR      0000H  3
  i. . . . . . . . . . . . . . . . . .  * REG *  DATA   U_CHAR   0006H  1
C51 COMPILER V9.60.7.0   MAIN                                                              04/19/2025 13:05:25 PAGE 7   

NAME                                    CLASS   MSPACE  TYPE    OFFSET  SIZE
====                                    =====   ======  ====    ======  ====


SCON . . . . . . . . . . . . . . . . .  SFR      DATA   U_CHAR   0098H  1
P31. . . . . . . . . . . . . . . . . .  ABSBIT   -----  BIT      00B1H  1
P22. . . . . . . . . . . . . . . . . .  ABSBIT   -----  BIT      00A2H  1
P13. . . . . . . . . . . . . . . . . .  ABSBIT   -----  BIT      0093H  1
P04. . . . . . . . . . . . . . . . . .  ABSBIT   -----  BIT      0084H  1
P40. . . . . . . . . . . . . . . . . .  ABSBIT   -----  BIT      00E8H  1
TMOD . . . . . . . . . . . . . . . . .  SFR      DATA   U_CHAR   0089H  1
TCON . . . . . . . . . . . . . . . . .  SFR      DATA   U_CHAR   0088H  1
P32. . . . . . . . . . . . . . . . . .  ABSBIT   -----  BIT      00B2H  1
P23. . . . . . . . . . . . . . . . . .  ABSBIT   -----  BIT      00A3H  1
P14. . . . . . . . . . . . . . . . . .  ABSBIT   -----  BIT      0094H  1
P05. . . . . . . . . . . . . . . . . .  ABSBIT   -----  BIT      0085H  1
P41. . . . . . . . . . . . . . . . . .  ABSBIT   -----  BIT      00E9H  1
P33. . . . . . . . . . . . . . . . . .  ABSBIT   -----  BIT      00B3H  1
P24. . . . . . . . . . . . . . . . . .  ABSBIT   -----  BIT      00A4H  1
P15. . . . . . . . . . . . . . . . . .  ABSBIT   -----  BIT      0095H  1
P06. . . . . . . . . . . . . . . . . .  ABSBIT   -----  BIT      0086H  1
ISP_ADDRL. . . . . . . . . . . . . . .  SFR      DATA   U_CHAR   00E4H  1
P42. . . . . . . . . . . . . . . . . .  ABSBIT   -----  BIT      00EAH  1
P34. . . . . . . . . . . . . . . . . .  ABSBIT   -----  BIT      00B4H  1
P25. . . . . . . . . . . . . . . . . .  ABSBIT   -----  BIT      00A5H  1
P16. . . . . . . . . . . . . . . . . .  ABSBIT   -----  BIT      0096H  1
P07. . . . . . . . . . . . . . . . . .  ABSBIT   -----  BIT      0087H  1
P43. . . . . . . . . . . . . . . . . .  ABSBIT   -----  BIT      00EBH  1
P35. . . . . . . . . . . . . . . . . .  ABSBIT   -----  BIT      00B5H  1
P26. . . . . . . . . . . . . . . . . .  ABSBIT   -----  BIT      00A6H  1
P17. . . . . . . . . . . . . . . . . .  ABSBIT   -----  BIT      0097H  1
P44. . . . . . . . . . . . . . . . . .  ABSBIT   -----  BIT      00ECH  1
P36. . . . . . . . . . . . . . . . . .  ABSBIT   -----  BIT      00B6H  1
P27. . . . . . . . . . . . . . . . . .  ABSBIT   -----  BIT      00A7H  1
P45. . . . . . . . . . . . . . . . . .  ABSBIT   -----  BIT      00EDH  1
P37. . . . . . . . . . . . . . . . . .  ABSBIT   -----  BIT      00B7H  1
P46. . . . . . . . . . . . . . . . . .  ABSBIT   -----  BIT      00EEH  1
s_digtal_codes . . . . . . . . . . . .  STATIC   DATA   ARRAY    0000H  10
IE0. . . . . . . . . . . . . . . . . .  ABSBIT   -----  BIT      0089H  1
IE1. . . . . . . . . . . . . . . . . .  ABSBIT   -----  BIT      008BH  1
AUXR . . . . . . . . . . . . . . . . .  SFR      DATA   U_CHAR   008EH  1
B. . . . . . . . . . . . . . . . . . .  SFR      DATA   U_CHAR   00F0H  1
CP_RL2 . . . . . . . . . . . . . . . .  ABSBIT   -----  BIT      00C8H  1
ACC. . . . . . . . . . . . . . . . . .  SFR      DATA   U_CHAR   00E0H  1
ET0. . . . . . . . . . . . . . . . . .  ABSBIT   -----  BIT      00A9H  1
ET1. . . . . . . . . . . . . . . . . .  ABSBIT   -----  BIT      00ABH  1
TF0. . . . . . . . . . . . . . . . . .  ABSBIT   -----  BIT      008DH  1
ET2. . . . . . . . . . . . . . . . . .  ABSBIT   -----  BIT      00ADH  1
TF1. . . . . . . . . . . . . . . . . .  ABSBIT   -----  BIT      008FH  1
TF2. . . . . . . . . . . . . . . . . .  ABSBIT   -----  BIT      00CFH  1
RB8. . . . . . . . . . . . . . . . . .  ABSBIT   -----  BIT      009AH  1
TH0. . . . . . . . . . . . . . . . . .  SFR      DATA   U_CHAR   008CH  1
EX0. . . . . . . . . . . . . . . . . .  ABSBIT   -----  BIT      00A8H  1
IT0. . . . . . . . . . . . . . . . . .  ABSBIT   -----  BIT      0088H  1
TH1. . . . . . . . . . . . . . . . . .  SFR      DATA   U_CHAR   008DH  1
TB8. . . . . . . . . . . . . . . . . .  ABSBIT   -----  BIT      009BH  1
EX1. . . . . . . . . . . . . . . . . .  ABSBIT   -----  BIT      00AAH  1
IT1. . . . . . . . . . . . . . . . . .  ABSBIT   -----  BIT      008AH  1
TH2. . . . . . . . . . . . . . . . . .  SFR      DATA   U_CHAR   00CDH  1
P. . . . . . . . . . . . . . . . . . .  ABSBIT   -----  BIT      00D0H  1
SM0. . . . . . . . . . . . . . . . . .  ABSBIT   -----  BIT      009FH  1
C51 COMPILER V9.60.7.0   MAIN                                                              04/19/2025 13:05:25 PAGE 8   

NAME                                    CLASS   MSPACE  TYPE    OFFSET  SIZE
====                                    =====   ======  ====    ======  ====


TL0. . . . . . . . . . . . . . . . . .  SFR      DATA   U_CHAR   008AH  1
SM1. . . . . . . . . . . . . . . . . .  ABSBIT   -----  BIT      009EH  1
TL1. . . . . . . . . . . . . . . . . .  SFR      DATA   U_CHAR   008BH  1
SM2. . . . . . . . . . . . . . . . . .  ABSBIT   -----  BIT      009DH  1
TL2. . . . . . . . . . . . . . . . . .  SFR      DATA   U_CHAR   00CCH  1
PT0. . . . . . . . . . . . . . . . . .  ABSBIT   -----  BIT      00B9H  1
PT1. . . . . . . . . . . . . . . . . .  ABSBIT   -----  BIT      00BBH  1
RS0. . . . . . . . . . . . . . . . . .  ABSBIT   -----  BIT      00D3H  1
ISP_CONTR. . . . . . . . . . . . . . .  SFR      DATA   U_CHAR   00E7H  1
PT2. . . . . . . . . . . . . . . . . .  ABSBIT   -----  BIT      00BDH  1
TR0. . . . . . . . . . . . . . . . . .  ABSBIT   -----  BIT      008CH  1
RS1. . . . . . . . . . . . . . . . . .  ABSBIT   -----  BIT      00D4H  1
TR1. . . . . . . . . . . . . . . . . .  ABSBIT   -----  BIT      008EH  1
TR2. . . . . . . . . . . . . . . . . .  ABSBIT   -----  BIT      00CAH  1
PX0. . . . . . . . . . . . . . . . . .  ABSBIT   -----  BIT      00B8H  1
WDT_CONTR. . . . . . . . . . . . . . .  SFR      DATA   U_CHAR   00E1H  1
PX1. . . . . . . . . . . . . . . . . .  ABSBIT   -----  BIT      00BAH  1
DPH. . . . . . . . . . . . . . . . . .  SFR      DATA   U_CHAR   0083H  1
DPL. . . . . . . . . . . . . . . . . .  SFR      DATA   U_CHAR   0082H  1
IPH. . . . . . . . . . . . . . . . . .  SFR      DATA   U_CHAR   00B7H  1
EXEN2. . . . . . . . . . . . . . . . .  ABSBIT   -----  BIT      00CBH  1
REN. . . . . . . . . . . . . . . . . .  ABSBIT   -----  BIT      009CH  1
T2MOD. . . . . . . . . . . . . . . . .  SFR      DATA   U_CHAR   00C9H  1
T2CON. . . . . . . . . . . . . . . . .  SFR      DATA   U_CHAR   00C8H  1
ISP_DATA . . . . . . . . . . . . . . .  SFR      DATA   U_CHAR   00E2H  1
SADEN. . . . . . . . . . . . . . . . .  SFR      DATA   U_CHAR   00B9H  1
RXD. . . . . . . . . . . . . . . . . .  ABSBIT   -----  BIT      00B0H  1
SADDR. . . . . . . . . . . . . . . . .  SFR      DATA   U_CHAR   00A9H  1
TXD. . . . . . . . . . . . . . . . . .  ABSBIT   -----  BIT      00B1H  1
AUXR1. . . . . . . . . . . . . . . . .  SFR      DATA   U_CHAR   00A2H  1
Int_Keyboard_IsPressedBySw1. . . . . .  EXTERN   CODE   PROC     -----  -----
F0 . . . . . . . . . . . . . . . . . .  ABSBIT   -----  BIT      00D5H  1
Int_Keyboard_IsPressedBySw2. . . . . .  EXTERN   CODE   PROC     -----  -----
F1 . . . . . . . . . . . . . . . . . .  ABSBIT   -----  BIT      00D1H  1
Int_Keyboard_IsPressedBySw3. . . . . .  EXTERN   CODE   PROC     -----  -----
Int_Keyboard_IsPressedBySw4. . . . . .  EXTERN   CODE   PROC     -----  -----
s_buff . . . . . . . . . . . . . . . .  STATIC   DATA   ARRAY    000AH  8
PSW. . . . . . . . . . . . . . . . . .  SFR      DATA   U_CHAR   00D0H  1


MODULE INFORMATION:   STATIC OVERLAYABLE
   CODE SIZE        =    188    ----
   CONSTANT SIZE    =   ----    ----
   XDATA SIZE       =   ----    ----
   PDATA SIZE       =   ----    ----
   DATA SIZE        =     18      12
   IDATA SIZE       =   ----    ----
   BIT SIZE         =   ----    ----
   EDATA SIZE       =   ----    ----
   HDATA SIZE       =   ----    ----
   XDATA CONST SIZE =   ----    ----
   FAR CONST SIZE   =   ----    ----
END OF MODULE INFORMATION.


C51 COMPILATION COMPLETE.  0 WARNING(S),  0 ERROR(S)
