C51 COMPILER V9.60.7.0   MAIN                                                              04/15/2025 14:02:44 PAGE 1   


C51 COMPILER V9.60.7.0, COMPILATION OF MODULE MAIN
OBJECT MODULE PLACED IN .\Objects\main.obj
COMPILER INVOKED BY: E:\Program Files\Keil_v5\C51\BIN\C51.EXE main.c OPTIMIZE(8,SPEED) BROWSE DEBUG OBJECTEXTEND PRINT(.
                    -\Listings\main.lst) TABS(2) OBJECT(.\Objects\main.obj)

line level    source

   1          #include <STC89C5XRC.H>
   2          #include <intrins.h>
   3          
   4          void Delay500ms()   //@11.0592MHz
   5          {
   6   1        unsigned char data i, j, k;
   7   1      
   8   1        _nop_();
   9   1        i = 4;
  10   1        j = 129;
  11   1        k = 119;
  12   1        do
  13   1        {
  14   2          do
  15   2          {
  16   3            while (--k);
  17   3          } while (--j);
  18   2        } while (--i);
  19   1      }
  20          
  21          
  22          void main()
  23          {
  24   1        unsigned char i = 0xFE, j = 0; // j = 0±Ì æœÚ”“
  25   1        while(1)
  26   1        {
  27   2          if(i == 0xFE)
  28   2            j = 0;
  29   2          if(i == 0x7F)
  30   2            j = 1;
  31   2          
  32   2          P0 = i;
  33   2          
  34   2          if (!j)
  35   2          {
  36   3            i = (i << 1) + 1;
  37   3          }
  38   2          else
  39   2          {
  40   3            i = (i >> 1) + 0x80;
  41   3          }
  42   2          Delay500ms();
  43   2        }
  44   1      }


MODULE INFORMATION:   STATIC OVERLAYABLE
   CODE SIZE        =     51    ----
   CONSTANT SIZE    =   ----    ----
   XDATA SIZE       =   ----    ----
   PDATA SIZE       =   ----    ----
   DATA SIZE        =   ----    ----
   IDATA SIZE       =   ----    ----
   BIT SIZE         =   ----    ----
C51 COMPILER V9.60.7.0   MAIN                                                              04/15/2025 14:02:44 PAGE 2   

END OF MODULE INFORMATION.


C51 COMPILATION COMPLETE.  0 WARNING(S),  0 ERROR(S)
