C51 COMPILER V9.60.7.0   COM_UTIL                                                          04/23/2025 20:29:14 PAGE 1   


C51 COMPILER V9.60.7.0, COMPILATION OF MODULE COM_UTIL
OBJECT MODULE PLACED IN .\build\Release\.obj\src\Com\Com_Util.o
COMPILER INVOKED BY: E:\Program Files\Keil_v5\C51\BIN\C51.exe .\src\Com\Com_Util.c OMF2 TABS(4) CODE NOCOND SYMBOLS PRIN
                    -T(.\build\Release\.obj\src\Com\Com_Util.lst) INCDIR(../../../Program Files/Keil_v5/C51/INC;src;src/Dri;src/Int;src/Com) 
                    -DEFINE(__UVISION_VERSION=526) OPTIMIZE(8,SPEED) SMALL ROM(LARGE) OBJECT(.\build\Release\.obj\src\Com\Com_Util.o)

line level    source

   1          #include "Com_Util.h"
   2          
   3          void Delay1ms(unsigned char ms) //@11.0592MHz
   4          {
   5   1          unsigned char data i, j;
   6   1      
   7   1          while (ms--) {
   8   2              _nop_();
   9   2              i = 2;
  10   2              j = 199;
  11   2              do {
  12   3                  while (--j);
  13   3              } while (--i);
  14   2          }
  15   1      }
C51 COMPILER V9.60.7.0   COM_UTIL                                                          04/23/2025 20:29:14 PAGE 2   

ASSEMBLY LISTING OF GENERATED OBJECT CODE


             ; FUNCTION _Delay1ms (BEGIN)
                                           ; SOURCE LINE # 3
;---- Variable 'ms' assigned to Register 'R7' ----
                                           ; SOURCE LINE # 4
0000         ?C0001:
                                           ; SOURCE LINE # 7
0000 AE07              MOV     R6,AR7
0002 1F                DEC     R7
0003 EE                MOV     A,R6
0004 600B              JZ      ?C0008
                                           ; SOURCE LINE # 8
0006 00                NOP     
                                           ; SOURCE LINE # 9
;---- Variable 'i' assigned to Register 'R6' ----
0007 7E02              MOV     R6,#02H
                                           ; SOURCE LINE # 10
;---- Variable 'j' assigned to Register 'R5' ----
0009 7DC7              MOV     R5,#0C7H
                                           ; SOURCE LINE # 11
000B         ?C0006:
                                           ; SOURCE LINE # 12
000B DDFE              DJNZ    R5,?C0006
                                           ; SOURCE LINE # 13
000D DEFC              DJNZ    R6,?C0006
                                           ; SOURCE LINE # 14
000F 80EF              SJMP    ?C0001
                                           ; SOURCE LINE # 15
0011         ?C0008:
0011 22                RET     
             ; FUNCTION _Delay1ms (END)

C51 COMPILER V9.60.7.0   COM_UTIL                                                          04/23/2025 20:29:14 PAGE 3   

NAME                                    CLASS   MSPACE  TYPE    OFFSET  SIZE
====                                    =====   ======  ====    ======  ====


_Delay1ms. . . . . . . . . . . . . . .  PUBLIC   CODE   PROC     0000H  -----
  ms . . . . . . . . . . . . . . . . .  * REG *  DATA   U_CHAR   0007H  1
  i. . . . . . . . . . . . . . . . . .  * REG *  DATA   U_CHAR   0006H  1
  j. . . . . . . . . . . . . . . . . .  * REG *  DATA   U_CHAR   0005H  1


MODULE INFORMATION:   STATIC OVERLAYABLE
   CODE SIZE        =     18    ----
   CONSTANT SIZE    =   ----    ----
   XDATA SIZE       =   ----    ----
   PDATA SIZE       =   ----    ----
   DATA SIZE        =   ----    ----
   IDATA SIZE       =   ----    ----
   BIT SIZE         =   ----    ----
   EDATA SIZE       =   ----    ----
   HDATA SIZE       =   ----    ----
   XDATA CONST SIZE =   ----    ----
   FAR CONST SIZE   =   ----    ----
END OF MODULE INFORMATION.


C51 COMPILATION COMPLETE.  0 WARNING(S),  0 ERROR(S)
