[2025-04-19 21:49:52]	[done]
	build successfully !

[2025-04-19 21:50:51]	[done]
	build successfully !

[2025-04-19 21:50:58]	[done]
	build successfully !

[2025-04-19 21:54:44]	compilation failed at : "e:\嵌入式\projects\P15_计算器\src\main.c", exit code: 2
command: 
  "E:\Program Files\Keil_v5\C51\BIN\C51.exe" .\src\main.c OMF2 TABS(4) CODE NOCOND SYMBOLS PRINT(.\build\Release\.obj\src\main.lst) INCDIR(../../../Program Files/Keil_v5/C51/INC;src;src/Com;src/Dri;src/Int) DEFINE(__UVISION_VERSION='526') OPTIMIZE(8,SPEED) SMALL ROM(LARGE) OBJECT(.\build\Release\.obj\src\main.o)
   at unify_builder.Program.Main(String[] args_)
---
C51 COMPILER V9.60.7.0 - SN: K1DZC-J84JUC
COPYRIGHT Copyright (C) 2012 - 2022 ARM Limited or its Affiliates. All rights reserved.
*** ERROR C141 IN LINE 11 OF .\src\main.c: syntax error near ')', expected 'sizeof'

C51 COMPILATION COMPLETE.  0 WARNING(S),  1 ERROR(S)

[2025-04-19 21:55:26]	[done]
	build successfully !

[2025-04-19 22:05:00]	[done]
	build successfully !

[2025-04-19 22:06:19]	[done]
	build successfully !

[2025-04-19 22:06:36]	[done]
	build successfully !

[2025-04-20 10:38:07]	[done]
	build successfully !

[2025-04-20 16:52:52]	compilation failed at : "e:\嵌入式\projects\P15_计算器\src\main.c", exit code: 2
command: 
  "E:\Program Files\Keil_v5\C51\BIN\C51.exe" .\src\main.c OMF2 TABS(4) CODE NOCOND SYMBOLS PRINT(.\build\Release\.obj\src\main.lst) INCDIR(../../../Program Files/Keil_v5/C51/INC;src;src/Com;src/Dri;src/Int) DEFINE(__UVISION_VERSION='526') OPTIMIZE(8,SPEED) SMALL ROM(LARGE) OBJECT(.\build\Release\.obj\src\main.o)
   at unify_builder.Program.Main(String[] args_)
---
C51 COMPILER V9.60.7.0 - SN: K1DZC-J84JUC
COPYRIGHT Copyright (C) 2012 - 2022 ARM Limited or its Affiliates. All rights reserved.
*** WARNING C206 IN LINE 27 OF .\src\main.c: 'InputEq': missing function-prototype
*** ERROR C231 IN LINE 34 OF .\src\main.c: 'InputEq': redefinition
*** ERROR C202 IN LINE 37 OF .\src\main.c: 'num2': undefined identifier
*** ERROR C202 IN LINE 41 OF .\src\main.c: 'num2': undefined identifier
*** ERROR C202 IN LINE 45 OF .\src\main.c: 'num2': undefined identifier
*** ERROR C202 IN LINE 49 OF .\src\main.c: 'num2': undefined identifier
*** ERROR C231 IN LINE 53 OF .\src\main.c: 'InputEq': redefinition

C51 COMPILATION COMPLETE.  1 WARNING(S),  6 ERROR(S)

[2025-04-20 16:53:45]	compilation failed at : "e:\嵌入式\projects\P15_计算器\src\main.c", exit code: 2
command: 
  "E:\Program Files\Keil_v5\C51\BIN\C51.exe" .\src\main.c OMF2 TABS(4) CODE NOCOND SYMBOLS PRINT(.\build\Release\.obj\src\main.lst) INCDIR(../../../Program Files/Keil_v5/C51/INC;src;src/Com;src/Dri;src/Int) DEFINE(__UVISION_VERSION='526') OPTIMIZE(8,SPEED) SMALL ROM(LARGE) OBJECT(.\build\Release\.obj\src\main.o)
   at unify_builder.Program.Main(String[] args_)
---
C51 COMPILER V9.60.7.0 - SN: K1DZC-J84JUC
COPYRIGHT Copyright (C) 2012 - 2022 ARM Limited or its Affiliates. All rights reserved.
*** ERROR C202 IN LINE 29 OF .\src\main.c: 'num2': undefined identifier
*** ERROR C202 IN LINE 33 OF .\src\main.c: 'num2': undefined identifier
*** ERROR C202 IN LINE 37 OF .\src\main.c: 'num2': undefined identifier
*** ERROR C202 IN LINE 41 OF .\src\main.c: 'num2': undefined identifier

C51 COMPILATION COMPLETE.  0 WARNING(S),  4 ERROR(S)

[2025-04-20 16:54:15]	[done]
	build successfully !

[2025-04-20 16:59:26]	[done]
	build successfully !

