[2025-04-23 20:52:35]	[done]
	build successfully !

[2025-04-23 20:53:47]	[done]
	build successfully !

[2025-04-23 20:54:06]	[done]
	build successfully !

[2025-04-23 21:12:27]	compilation failed at : "e:\«∂»Î Ω\projects\P22_∑‰√˘∆˜\src\Dri\Dri_Timer0.c", exit code: 2
command: 
  "E:\Program Files\Keil_v5\C51\BIN\C51.exe" .\src\Dri\Dri_Timer0.c OMF2 TABS(4) CODE NOCOND SYMBOLS PRINT(.\build\Release\.obj\src\Dri\Dri_Timer0.lst) INCDIR(../../../Program Files/Keil_v5/C51/INC;src;src/Com;src/Int;src/Dri) DEFINE(__UVISION_VERSION='526') OPTIMIZE(8,SPEED) SMALL ROM(LARGE) OBJECT(.\build\Release\.obj\src\Dri\Dri_Timer0.o)
   at unify_builder.Program.Main(String[] args_)
---
C51 COMPILER V9.60.7.0 - SN: K1DZC-J84JUC
COPYRIGHT Copyright (C) 2012 - 2022 ARM Limited or its Affiliates. All rights reserved.
*** ERROR C141 IN LINE 16 OF .\src\Dri\Dri_Timer0.c: syntax error near ':', expected ';'
*** ERROR C211 IN LINE 57 OF .\src\Dri\Dri_Timer0.c: call not to a function

C51 COMPILATION COMPLETE.  0 WARNING(S),  2 ERROR(S)

[2025-04-23 21:13:22]	[done]
	build successfully !

[2025-04-23 21:24:49]	[done]
	build successfully !

[2025-04-23 21:42:51]	[done]
	build successfully !

[2025-04-23 21:49:40]	compilation failed at : "e:\«∂»Î Ω\projects\P22_∑‰√˘∆˜\src\Int\Int_Key.c", exit code: 2
command: 
  "E:\Program Files\Keil_v5\C51\BIN\C51.exe" .\src\Int\Int_Key.c OMF2 TABS(4) CODE NOCOND SYMBOLS PRINT(.\build\Release\.obj\src\Int\Int_Key.lst) INCDIR(../../../Program Files/Keil_v5/C51/INC;src;src/Com;src/Int;src/Dri) DEFINE(__UVISION_VERSION='526') OPTIMIZE(8,SPEED) SMALL ROM(LARGE) OBJECT(.\build\Release\.obj\src\Int\Int_Key.o)
   at unify_builder.Program.Main(String[] args_)
---
C51 COMPILER V9.60.7.0 - SN: K1DZC-J84JUC
COPYRIGHT Copyright (C) 2012 - 2022 ARM Limited or its Affiliates. All rights reserved.
*** ERROR C202 IN LINE 18 OF .\src\Int\Int_Key.c: 'Int_Key_CallbackFunc': undefined identifier

C51 COMPILATION COMPLETE.  0 WARNING(S),  1 ERROR(S)

[2025-04-23 21:50:01]	[done]
	build successfully !

[2025-04-23 21:51:50]	[done]
	build successfully !

[2025-04-23 21:53:48]	[done]
	build successfully !

[2025-04-23 21:54:45]	[done]
	build successfully !

[2025-04-23 22:12:48]	[done]
	build successfully !

[2025-04-23 22:14:23]	[done]
	build successfully !

[2025-04-23 22:15:48]	[done]
	build successfully !

[2025-04-23 22:17:39]	[done]
	build successfully !

[2025-04-23 22:18:15]	[done]
	build successfully !

[2025-04-23 22:18:44]	[done]
	build successfully !

