C51 COMPILER V9.60.7.0   MAIN                                                              04/18/2025 16:55:30 PAGE 1   


C51 COMPILER V9.60.7.0, COMPILATION OF MODULE MAIN
OBJECT MODULE PLACED IN .\build\Release\.obj\src\main.o
COMPILER INVOKED BY: E:\Program Files\Keil_v5\C51\BIN\C51.exe .\src\main.c OMF2 TABS(4) CODE NOCOND SYMBOLS PRINT(.\buil
                    -d\Release\.obj\src\main.lst) INCDIR(../../../Program Files/Keil_v5/C51/INC;src;src/Int;src/Com) DEFINE(__UVISION_VERSION
                    -=526) OPTIMIZE(8,SPEED) SMALL ROM(LARGE) OBJECT(.\build\Release\.obj\src\main.o)

line level    source

   1          #include "Int_Digtal.h"
   2          #include "Int_Keyboard.h"
   3          
   4          void main()
   5          {
   6   1          unsigned long num = 0, i;
   7   1          SMG_EN = 0;
   8   1          LED_EN = 0;
   9   1          while(1)
  10   1          {
  11   2              i = 0;
  12   2              if(Int_Keyboard_IsPressedBySw1())
  13   2              {
  14   3                  num += 1;
  15   3              }
  16   2              if(Int_Keyboard_IsPressedBySw2())
  17   2              {
  18   3                  num += 10;
  19   3              }
  20   2              if(Int_Keyboard_IsPressedBySw3())
  21   2              {
  22   3                  num += 100;
  23   3              }
  24   2              if(Int_Keyboard_IsPressedBySw4())
  25   2              {
  26   3                  num += 1000;
  27   3              }
  28   2              Int_Digtal_SetCache(num);
  29   2              while(i < 100)
  30   2              {
  31   3                  Int_Digtal_FlushDigtal();
  32   3                  i++;
  33   3              }
  34   2          }
  35   1      }
C51 COMPILER V9.60.7.0   MAIN                                                              04/18/2025 16:55:30 PAGE 2   

ASSEMBLY LISTING OF GENERATED OBJECT CODE


             ; FUNCTION main (BEGIN)
                                           ; SOURCE LINE # 4
                                           ; SOURCE LINE # 5
                                           ; SOURCE LINE # 6
0000 E4                CLR     A
0001 F500        R     MOV     num+03H,A
0003 F500        R     MOV     num+02H,A
0005 F500        R     MOV     num+01H,A
0007 F500        R     MOV     num,A
                                           ; SOURCE LINE # 7
0009 C2B6              CLR     P36
                                           ; SOURCE LINE # 8
000B C2B4              CLR     P34
000D         ?C0001:
                                           ; SOURCE LINE # 9
                                           ; SOURCE LINE # 10
                                           ; SOURCE LINE # 11
000D E4                CLR     A
000E F500        R     MOV     i+03H,A
0010 F500        R     MOV     i+02H,A
0012 F500        R     MOV     i+01H,A
0014 F500        R     MOV     i,A
                                           ; SOURCE LINE # 12
0016 120000      E     LCALL   Int_Keyboard_IsPressedBySw1
0019 5015              JNC     ?C0003
                                           ; SOURCE LINE # 13
                                           ; SOURCE LINE # 14
001B E500        R     MOV     A,num+03H
001D 2401              ADD     A,#01H
001F F500        R     MOV     num+03H,A
0021 E4                CLR     A
0022 3500        R     ADDC    A,num+02H
0024 F500        R     MOV     num+02H,A
0026 E4                CLR     A
0027 3500        R     ADDC    A,num+01H
0029 F500        R     MOV     num+01H,A
002B E4                CLR     A
002C 3500        R     ADDC    A,num
002E F500        R     MOV     num,A
                                           ; SOURCE LINE # 15
0030         ?C0003:
                                           ; SOURCE LINE # 16
0030 120000      E     LCALL   Int_Keyboard_IsPressedBySw2
0033 5015              JNC     ?C0004
                                           ; SOURCE LINE # 17
                                           ; SOURCE LINE # 18
0035 E500        R     MOV     A,num+03H
0037 240A              ADD     A,#0AH
0039 F500        R     MOV     num+03H,A
003B E4                CLR     A
003C 3500        R     ADDC    A,num+02H
003E F500        R     MOV     num+02H,A
0040 E4                CLR     A
0041 3500        R     ADDC    A,num+01H
0043 F500        R     MOV     num+01H,A
0045 E4                CLR     A
0046 3500        R     ADDC    A,num
0048 F500        R     MOV     num,A
                                           ; SOURCE LINE # 19
C51 COMPILER V9.60.7.0   MAIN                                                              04/18/2025 16:55:30 PAGE 3   

004A         ?C0004:
                                           ; SOURCE LINE # 20
004A 120000      E     LCALL   Int_Keyboard_IsPressedBySw3
004D 5015              JNC     ?C0005
                                           ; SOURCE LINE # 21
                                           ; SOURCE LINE # 22
004F E500        R     MOV     A,num+03H
0051 2464              ADD     A,#064H
0053 F500        R     MOV     num+03H,A
0055 E4                CLR     A
0056 3500        R     ADDC    A,num+02H
0058 F500        R     MOV     num+02H,A
005A E4                CLR     A
005B 3500        R     ADDC    A,num+01H
005D F500        R     MOV     num+01H,A
005F E4                CLR     A
0060 3500        R     ADDC    A,num
0062 F500        R     MOV     num,A
                                           ; SOURCE LINE # 23
0064         ?C0005:
                                           ; SOURCE LINE # 24
0064 120000      E     LCALL   Int_Keyboard_IsPressedBySw4
0067 5016              JNC     ?C0006
                                           ; SOURCE LINE # 25
                                           ; SOURCE LINE # 26
0069 E500        R     MOV     A,num+03H
006B 24E8              ADD     A,#0E8H
006D F500        R     MOV     num+03H,A
006F E500        R     MOV     A,num+02H
0071 3403              ADDC    A,#03H
0073 F500        R     MOV     num+02H,A
0075 E4                CLR     A
0076 3500        R     ADDC    A,num+01H
0078 F500        R     MOV     num+01H,A
007A E4                CLR     A
007B 3500        R     ADDC    A,num
007D F500        R     MOV     num,A
                                           ; SOURCE LINE # 27
007F         ?C0006:
                                           ; SOURCE LINE # 28
007F AF00        R     MOV     R7,num+03H
0081 AE00        R     MOV     R6,num+02H
0083 AD00        R     MOV     R5,num+01H
0085 AC00        R     MOV     R4,num
0087 120000      E     LCALL   _Int_Digtal_SetCache
008A         ?C0007:
                                           ; SOURCE LINE # 29
008A E4                CLR     A
008B 7F64              MOV     R7,#064H
008D FE                MOV     R6,A
008E FD                MOV     R5,A
008F FC                MOV     R4,A
0090 AB00        R     MOV     R3,i+03H
0092 AA00        R     MOV     R2,i+02H
0094 A900        R     MOV     R1,i+01H
0096 A800        R     MOV     R0,i
0098 C3                CLR     C
0099 120000      E     LCALL   ?C?ULCMP
009C 4003              JC      $ + 5H
009E 020000      R     LJMP    ?C0001
                                           ; SOURCE LINE # 30
                                           ; SOURCE LINE # 31
C51 COMPILER V9.60.7.0   MAIN                                                              04/18/2025 16:55:30 PAGE 4   

00A1 120000      E     LCALL   Int_Digtal_FlushDigtal
                                           ; SOURCE LINE # 32
00A4 E500        R     MOV     A,i+03H
00A6 2401              ADD     A,#01H
00A8 F500        R     MOV     i+03H,A
00AA E4                CLR     A
00AB 3500        R     ADDC    A,i+02H
00AD F500        R     MOV     i+02H,A
00AF E4                CLR     A
00B0 3500        R     ADDC    A,i+01H
00B2 F500        R     MOV     i+01H,A
00B4 E4                CLR     A
00B5 3500        R     ADDC    A,i
00B7 F500        R     MOV     i,A
                                           ; SOURCE LINE # 33
00B9 80CF              SJMP    ?C0007
             ; FUNCTION main (END)

C51 COMPILER V9.60.7.0   MAIN                                                              04/18/2025 16:55:30 PAGE 5   

NAME                                    CLASS   MSPACE  TYPE    OFFSET  SIZE
====                                    =====   ======  ====    ======  ====


P0 . . . . . . . . . . . . . . . . . .  SFR      DATA   U_CHAR   0080H  1
P1 . . . . . . . . . . . . . . . . . .  SFR      DATA   U_CHAR   0090H  1
P2 . . . . . . . . . . . . . . . . . .  SFR      DATA   U_CHAR   00A0H  1
P3 . . . . . . . . . . . . . . . . . .  SFR      DATA   U_CHAR   00B0H  1
XICON. . . . . . . . . . . . . . . . .  SFR      DATA   U_CHAR   00C0H  1
T0 . . . . . . . . . . . . . . . . . .  ABSBIT   -----  BIT      00B4H  1
AC . . . . . . . . . . . . . . . . . .  ABSBIT   -----  BIT      00D6H  1
P4 . . . . . . . . . . . . . . . . . .  SFR      DATA   U_CHAR   00E8H  1
T1 . . . . . . . . . . . . . . . . . .  ABSBIT   -----  BIT      00B5H  1
ISP_TRIG . . . . . . . . . . . . . . .  SFR      DATA   U_CHAR   00E6H  1
T2 . . . . . . . . . . . . . . . . . .  ABSBIT   -----  BIT      0090H  1
EA . . . . . . . . . . . . . . . . . .  ABSBIT   -----  BIT      00AFH  1
EC . . . . . . . . . . . . . . . . . .  ABSBIT   -----  BIT      00AEH  1
FE . . . . . . . . . . . . . . . . . .  ABSBIT   -----  BIT      009FH  1
IE . . . . . . . . . . . . . . . . . .  SFR      DATA   U_CHAR   00A8H  1
EXF2 . . . . . . . . . . . . . . . . .  ABSBIT   -----  BIT      00CEH  1
RD . . . . . . . . . . . . . . . . . .  ABSBIT   -----  BIT      00B7H  1
ES . . . . . . . . . . . . . . . . . .  ABSBIT   -----  BIT      00ACH  1
IP . . . . . . . . . . . . . . . . . .  SFR      DATA   U_CHAR   00B8H  1
RI . . . . . . . . . . . . . . . . . .  ABSBIT   -----  BIT      0098H  1
INT0 . . . . . . . . . . . . . . . . .  ABSBIT   -----  BIT      00B2H  1
CY . . . . . . . . . . . . . . . . . .  ABSBIT   -----  BIT      00D7H  1
TI . . . . . . . . . . . . . . . . . .  ABSBIT   -----  BIT      0099H  1
INT1 . . . . . . . . . . . . . . . . .  ABSBIT   -----  BIT      00B3H  1
RCAP2H . . . . . . . . . . . . . . . .  SFR      DATA   U_CHAR   00CBH  1
ISP_CMD. . . . . . . . . . . . . . . .  SFR      DATA   U_CHAR   00E5H  1
PS . . . . . . . . . . . . . . . . . .  ABSBIT   -----  BIT      00BCH  1
SP . . . . . . . . . . . . . . . . . .  SFR      DATA   U_CHAR   0081H  1
T2EX . . . . . . . . . . . . . . . . .  ABSBIT   -----  BIT      0091H  1
Int_Digtal_FlushDigtal . . . . . . . .  EXTERN   CODE   PROC     -----  -----
OV . . . . . . . . . . . . . . . . . .  ABSBIT   -----  BIT      00D2H  1
RCAP2L . . . . . . . . . . . . . . . .  SFR      DATA   U_CHAR   00CAH  1
main . . . . . . . . . . . . . . . . .  PUBLIC   CODE   PROC     0000H  -----
  num. . . . . . . . . . . . . . . . .  AUTO     DATA   U_LONG   0000H  4
  i. . . . . . . . . . . . . . . . . .  AUTO     DATA   U_LONG   0004H  4
C_T2 . . . . . . . . . . . . . . . . .  ABSBIT   -----  BIT      00C9H  1
WR . . . . . . . . . . . . . . . . . .  ABSBIT   -----  BIT      00B6H  1
RCLK . . . . . . . . . . . . . . . . .  ABSBIT   -----  BIT      00CDH  1
TCLK . . . . . . . . . . . . . . . . .  ABSBIT   -----  BIT      00CCH  1
P00. . . . . . . . . . . . . . . . . .  ABSBIT   -----  BIT      0080H  1
SBUF . . . . . . . . . . . . . . . . .  SFR      DATA   U_CHAR   0099H  1
PCON . . . . . . . . . . . . . . . . .  SFR      DATA   U_CHAR   0087H  1
P10. . . . . . . . . . . . . . . . . .  ABSBIT   -----  BIT      0090H  1
P01. . . . . . . . . . . . . . . . . .  ABSBIT   -----  BIT      0081H  1
P20. . . . . . . . . . . . . . . . . .  ABSBIT   -----  BIT      00A0H  1
P11. . . . . . . . . . . . . . . . . .  ABSBIT   -----  BIT      0091H  1
P02. . . . . . . . . . . . . . . . . .  ABSBIT   -----  BIT      0082H  1
ISP_ADDRH. . . . . . . . . . . . . . .  SFR      DATA   U_CHAR   00E3H  1
P30. . . . . . . . . . . . . . . . . .  ABSBIT   -----  BIT      00B0H  1
P21. . . . . . . . . . . . . . . . . .  ABSBIT   -----  BIT      00A1H  1
P12. . . . . . . . . . . . . . . . . .  ABSBIT   -----  BIT      0092H  1
P03. . . . . . . . . . . . . . . . . .  ABSBIT   -----  BIT      0083H  1
SCON . . . . . . . . . . . . . . . . .  SFR      DATA   U_CHAR   0098H  1
P31. . . . . . . . . . . . . . . . . .  ABSBIT   -----  BIT      00B1H  1
P22. . . . . . . . . . . . . . . . . .  ABSBIT   -----  BIT      00A2H  1
P13. . . . . . . . . . . . . . . . . .  ABSBIT   -----  BIT      0093H  1
P04. . . . . . . . . . . . . . . . . .  ABSBIT   -----  BIT      0084H  1
C51 COMPILER V9.60.7.0   MAIN                                                              04/18/2025 16:55:30 PAGE 6   

NAME                                    CLASS   MSPACE  TYPE    OFFSET  SIZE
====                                    =====   ======  ====    ======  ====


P40. . . . . . . . . . . . . . . . . .  ABSBIT   -----  BIT      00E8H  1
TMOD . . . . . . . . . . . . . . . . .  SFR      DATA   U_CHAR   0089H  1
TCON . . . . . . . . . . . . . . . . .  SFR      DATA   U_CHAR   0088H  1
P32. . . . . . . . . . . . . . . . . .  ABSBIT   -----  BIT      00B2H  1
P23. . . . . . . . . . . . . . . . . .  ABSBIT   -----  BIT      00A3H  1
P14. . . . . . . . . . . . . . . . . .  ABSBIT   -----  BIT      0094H  1
P05. . . . . . . . . . . . . . . . . .  ABSBIT   -----  BIT      0085H  1
P41. . . . . . . . . . . . . . . . . .  ABSBIT   -----  BIT      00E9H  1
P33. . . . . . . . . . . . . . . . . .  ABSBIT   -----  BIT      00B3H  1
P24. . . . . . . . . . . . . . . . . .  ABSBIT   -----  BIT      00A4H  1
P15. . . . . . . . . . . . . . . . . .  ABSBIT   -----  BIT      0095H  1
P06. . . . . . . . . . . . . . . . . .  ABSBIT   -----  BIT      0086H  1
ISP_ADDRL. . . . . . . . . . . . . . .  SFR      DATA   U_CHAR   00E4H  1
P42. . . . . . . . . . . . . . . . . .  ABSBIT   -----  BIT      00EAH  1
P34. . . . . . . . . . . . . . . . . .  ABSBIT   -----  BIT      00B4H  1
P25. . . . . . . . . . . . . . . . . .  ABSBIT   -----  BIT      00A5H  1
P16. . . . . . . . . . . . . . . . . .  ABSBIT   -----  BIT      0096H  1
P07. . . . . . . . . . . . . . . . . .  ABSBIT   -----  BIT      0087H  1
P43. . . . . . . . . . . . . . . . . .  ABSBIT   -----  BIT      00EBH  1
P35. . . . . . . . . . . . . . . . . .  ABSBIT   -----  BIT      00B5H  1
P26. . . . . . . . . . . . . . . . . .  ABSBIT   -----  BIT      00A6H  1
P17. . . . . . . . . . . . . . . . . .  ABSBIT   -----  BIT      0097H  1
P44. . . . . . . . . . . . . . . . . .  ABSBIT   -----  BIT      00ECH  1
P36. . . . . . . . . . . . . . . . . .  ABSBIT   -----  BIT      00B6H  1
P27. . . . . . . . . . . . . . . . . .  ABSBIT   -----  BIT      00A7H  1
P45. . . . . . . . . . . . . . . . . .  ABSBIT   -----  BIT      00EDH  1
P37. . . . . . . . . . . . . . . . . .  ABSBIT   -----  BIT      00B7H  1
P46. . . . . . . . . . . . . . . . . .  ABSBIT   -----  BIT      00EEH  1
s_digtal_codes . . . . . . . . . . . .  STATIC   DATA   ARRAY    0000H  10
IE0. . . . . . . . . . . . . . . . . .  ABSBIT   -----  BIT      0089H  1
IE1. . . . . . . . . . . . . . . . . .  ABSBIT   -----  BIT      008BH  1
AUXR . . . . . . . . . . . . . . . . .  SFR      DATA   U_CHAR   008EH  1
B. . . . . . . . . . . . . . . . . . .  SFR      DATA   U_CHAR   00F0H  1
CP_RL2 . . . . . . . . . . . . . . . .  ABSBIT   -----  BIT      00C8H  1
ACC. . . . . . . . . . . . . . . . . .  SFR      DATA   U_CHAR   00E0H  1
ET0. . . . . . . . . . . . . . . . . .  ABSBIT   -----  BIT      00A9H  1
ET1. . . . . . . . . . . . . . . . . .  ABSBIT   -----  BIT      00ABH  1
TF0. . . . . . . . . . . . . . . . . .  ABSBIT   -----  BIT      008DH  1
_Int_Digtal_SetCache . . . . . . . . .  EXTERN   CODE   PROC     -----  -----
ET2. . . . . . . . . . . . . . . . . .  ABSBIT   -----  BIT      00ADH  1
TF1. . . . . . . . . . . . . . . . . .  ABSBIT   -----  BIT      008FH  1
TF2. . . . . . . . . . . . . . . . . .  ABSBIT   -----  BIT      00CFH  1
RB8. . . . . . . . . . . . . . . . . .  ABSBIT   -----  BIT      009AH  1
TH0. . . . . . . . . . . . . . . . . .  SFR      DATA   U_CHAR   008CH  1
EX0. . . . . . . . . . . . . . . . . .  ABSBIT   -----  BIT      00A8H  1
IT0. . . . . . . . . . . . . . . . . .  ABSBIT   -----  BIT      0088H  1
TH1. . . . . . . . . . . . . . . . . .  SFR      DATA   U_CHAR   008DH  1
TB8. . . . . . . . . . . . . . . . . .  ABSBIT   -----  BIT      009BH  1
EX1. . . . . . . . . . . . . . . . . .  ABSBIT   -----  BIT      00AAH  1
IT1. . . . . . . . . . . . . . . . . .  ABSBIT   -----  BIT      008AH  1
TH2. . . . . . . . . . . . . . . . . .  SFR      DATA   U_CHAR   00CDH  1
P. . . . . . . . . . . . . . . . . . .  ABSBIT   -----  BIT      00D0H  1
SM0. . . . . . . . . . . . . . . . . .  ABSBIT   -----  BIT      009FH  1
TL0. . . . . . . . . . . . . . . . . .  SFR      DATA   U_CHAR   008AH  1
SM1. . . . . . . . . . . . . . . . . .  ABSBIT   -----  BIT      009EH  1
TL1. . . . . . . . . . . . . . . . . .  SFR      DATA   U_CHAR   008BH  1
SM2. . . . . . . . . . . . . . . . . .  ABSBIT   -----  BIT      009DH  1
C51 COMPILER V9.60.7.0   MAIN                                                              04/18/2025 16:55:30 PAGE 7   

NAME                                    CLASS   MSPACE  TYPE    OFFSET  SIZE
====                                    =====   ======  ====    ======  ====


TL2. . . . . . . . . . . . . . . . . .  SFR      DATA   U_CHAR   00CCH  1
PT0. . . . . . . . . . . . . . . . . .  ABSBIT   -----  BIT      00B9H  1
PT1. . . . . . . . . . . . . . . . . .  ABSBIT   -----  BIT      00BBH  1
RS0. . . . . . . . . . . . . . . . . .  ABSBIT   -----  BIT      00D3H  1
ISP_CONTR. . . . . . . . . . . . . . .  SFR      DATA   U_CHAR   00E7H  1
PT2. . . . . . . . . . . . . . . . . .  ABSBIT   -----  BIT      00BDH  1
TR0. . . . . . . . . . . . . . . . . .  ABSBIT   -----  BIT      008CH  1
RS1. . . . . . . . . . . . . . . . . .  ABSBIT   -----  BIT      00D4H  1
TR1. . . . . . . . . . . . . . . . . .  ABSBIT   -----  BIT      008EH  1
TR2. . . . . . . . . . . . . . . . . .  ABSBIT   -----  BIT      00CAH  1
PX0. . . . . . . . . . . . . . . . . .  ABSBIT   -----  BIT      00B8H  1
WDT_CONTR. . . . . . . . . . . . . . .  SFR      DATA   U_CHAR   00E1H  1
PX1. . . . . . . . . . . . . . . . . .  ABSBIT   -----  BIT      00BAH  1
DPH. . . . . . . . . . . . . . . . . .  SFR      DATA   U_CHAR   0083H  1
DPL. . . . . . . . . . . . . . . . . .  SFR      DATA   U_CHAR   0082H  1
IPH. . . . . . . . . . . . . . . . . .  SFR      DATA   U_CHAR   00B7H  1
EXEN2. . . . . . . . . . . . . . . . .  ABSBIT   -----  BIT      00CBH  1
REN. . . . . . . . . . . . . . . . . .  ABSBIT   -----  BIT      009CH  1
T2MOD. . . . . . . . . . . . . . . . .  SFR      DATA   U_CHAR   00C9H  1
T2CON. . . . . . . . . . . . . . . . .  SFR      DATA   U_CHAR   00C8H  1
ISP_DATA . . . . . . . . . . . . . . .  SFR      DATA   U_CHAR   00E2H  1
SADEN. . . . . . . . . . . . . . . . .  SFR      DATA   U_CHAR   00B9H  1
RXD. . . . . . . . . . . . . . . . . .  ABSBIT   -----  BIT      00B0H  1
SADDR. . . . . . . . . . . . . . . . .  SFR      DATA   U_CHAR   00A9H  1
TXD. . . . . . . . . . . . . . . . . .  ABSBIT   -----  BIT      00B1H  1
AUXR1. . . . . . . . . . . . . . . . .  SFR      DATA   U_CHAR   00A2H  1
Int_Keyboard_IsPressedBySw1. . . . . .  EXTERN   CODE   PROC     -----  -----
F0 . . . . . . . . . . . . . . . . . .  ABSBIT   -----  BIT      00D5H  1
Int_Keyboard_IsPressedBySw2. . . . . .  EXTERN   CODE   PROC     -----  -----
F1 . . . . . . . . . . . . . . . . . .  ABSBIT   -----  BIT      00D1H  1
Int_Keyboard_IsPressedBySw3. . . . . .  EXTERN   CODE   PROC     -----  -----
Int_Keyboard_IsPressedBySw4. . . . . .  EXTERN   CODE   PROC     -----  -----
s_buff . . . . . . . . . . . . . . . .  STATIC   DATA   ARRAY    000AH  8
PSW. . . . . . . . . . . . . . . . . .  SFR      DATA   U_CHAR   00D0H  1


MODULE INFORMATION:   STATIC OVERLAYABLE
   CODE SIZE        =    187    ----
   CONSTANT SIZE    =   ----    ----
   XDATA SIZE       =   ----    ----
   PDATA SIZE       =   ----    ----
   DATA SIZE        =     18       8
   IDATA SIZE       =   ----    ----
   BIT SIZE         =   ----    ----
   EDATA SIZE       =   ----    ----
   HDATA SIZE       =   ----    ----
   XDATA CONST SIZE =   ----    ----
   FAR CONST SIZE   =   ----    ----
END OF MODULE INFORMATION.


C51 COMPILATION COMPLETE.  0 WARNING(S),  0 ERROR(S)
