[2025-04-27 21:22:40]	[done]
	build successfully !

[2025-04-27 21:22:44]	[done]
	build successfully !

[2025-04-27 21:24:06]	[done]
	build successfully !

[2025-04-27 21:24:38]	[done]
	build successfully !

[2025-04-27 21:25:12]	[done]
	build successfully !

[2025-04-27 21:27:10]	[done]
	build successfully !

[2025-04-27 21:27:36]	[done]
	build successfully !

[2025-04-27 21:55:18]	compilation failed at : "e:\嵌入式\projects\P23_串口通信_轮询版\src\main.c", exit code: 2
command: 
  "E:\Program Files\Keil_v5\C51\BIN\C51.exe" .\src\main.c OMF2 TABS(4) CODE NOCOND SYMBOLS PRINT(.\build\Release\.obj\src\main.lst) INCDIR(../../../Program Files/Keil_v5/C51/INC;src;src/Dri) DEFINE(__UVISION_VERSION='526') OPTIMIZE(8,SPEED) SMALL ROM(LARGE) OBJECT(.\build\Release\.obj\src\main.o)
   at unify_builder.Program.Main(String[] args_)
---
C51 COMPILER V9.60.7.0 - SN: K1DZC-J84JUC
COPYRIGHT Copyright (C) 2012 - 2022 ARM Limited or its Affiliates. All rights reserved.
*** ERROR C202 IN LINE 19 OF .\src\main.c: 'Ti': undefined identifier

C51 COMPILATION COMPLETE.  0 WARNING(S),  1 ERROR(S)

[2025-04-27 21:55:25]	[done]
	build successfully !

[2025-04-27 22:01:42]	[done]
	build successfully !

[2025-04-27 22:08:46]	[done]
	build successfully !

