C51 COMPILER V9.60.7.0   INT_DIGTAL                                                        04/21/2025 21:51:23 PAGE 1   


C51 COMPILER V9.60.7.0, COMPILATION OF MODULE INT_DIGTAL
OBJECT MODULE PLACED IN .\build\Release\.obj\src\Int\Int_Digtal.o
COMPILER INVOKED BY: E:\Program Files\Keil_v5\C51\BIN\C51.exe .\src\Int\Int_Digtal.c OMF2 TABS(4) CODE NOCOND SYMBOLS PR
                    -INT(.\build\Release\.obj\src\Int\Int_Digtal.lst) INCDIR(../../../Program Files/Keil_v5/C51/INC;src;src/Dri;src/Int) DEFI
                    -NE(__UVISION_VERSION=526) OPTIMIZE(8,SPEED) SMALL ROM(LARGE) OBJECT(.\build\Release\.obj\src\Int\Int_Digtal.o)

line level    source

   1          #include "Int_Digtal.h"
   2          #include "Dri_Timer0.h"
   3          
   4          // 数码管显示数组
   5          static unsigned char s_digtal_codes[10] = {
   6              0x3F, // 0
   7              0x06, // 1
   8              0x5B, // 2
   9              0x4F, // 3
  10              0x66, // 4
  11              0x6D, // 5
  12              0x7D, // 6
  13              0x07, // 7
  14              0x7F, // 8
  15              0x6F  // 9
  16          };
  17          
  18          static unsigned char s_buff[8];
  19          static unsigned char s_num;
  20          
  21          static void Int_Digtal_DisplaySingle(unsigned char n, unsigned char num)
  22          {
  23   1          P0 = 0;
  24   1          // 片选
  25   1          // 将P13，P14，P15清零
  26   1          P1 &= 0xC7;
  27   1          // 设置P13，P14，P15的值
  28   1          P1 |= (n << 3);
  29   1      
  30   1          // 段选
  31   1          P0 = num;
  32   1      }
  33          
  34          void Int_Digtal_SetCache(unsigned long num)
  35          {
  36   1          unsigned char i;
  37   1          for (i = 0; i < 8; i++) {
  38   2              s_buff[i] = 0x00;
  39   2          }
  40   1          if (num == 0) {
  41   2              s_buff[7] = s_digtal_codes[0];
  42   2              return;
  43   2          }
  44   1          i = 7;
  45   1          while (num != 0) {
  46   2              s_buff[i] = s_digtal_codes[num % 10];
  47   2              num /= 10;
  48   2              i--;
  49   2          }
  50   1      }
  51          
  52          void Int_Digtal_FlushDigtal()
  53          {
C51 COMPILER V9.60.7.0   INT_DIGTAL                                                        04/21/2025 21:51:23 PAGE 2   

  54   1          unsigned char i;
  55   1          for (i = 0; i < 8; i++) {
  56   2              Int_Digtal_DisplaySingle(i, s_buff[i]);
  57   2          }
  58   1      }
  59          
  60          void Int_Digtal_Callback()
  61          {
  62   1          Int_Digtal_DisplaySingle(s_num, s_buff[s_num]);
  63   1          s_num++;
  64   1          if (s_num >= 8)
  65   1              s_num = 0;
  66   1      }
  67          
  68          void Int_Digtal_Init()
  69          {
  70   1          SMG_EN = 0; // SMG_EN 低电平有效
  71   1          LED_EN = 0; // LED_EN 高电平有效
  72   1          s_num  = 0;
  73   1          Dri_Timer0_RegisterCallbackFunc(Int_Digtal_Callback);
  74   1      }
C51 COMPILER V9.60.7.0   INT_DIGTAL                                                        04/21/2025 21:51:23 PAGE 3   

ASSEMBLY LISTING OF GENERATED OBJECT CODE


             ; FUNCTION _Int_Digtal_DisplaySingle (BEGIN)
                                           ; SOURCE LINE # 21
;---- Variable 'num' assigned to Register 'R5' ----
;---- Variable 'n' assigned to Register 'R7' ----
                                           ; SOURCE LINE # 22
                                           ; SOURCE LINE # 23
0000 E4                CLR     A
0001 F580              MOV     P0,A
                                           ; SOURCE LINE # 26
0003 5390C7            ANL     P1,#0C7H
                                           ; SOURCE LINE # 28
0006 EF                MOV     A,R7
0007 33                RLC     A
0008 33                RLC     A
0009 33                RLC     A
000A 54F8              ANL     A,#0F8H
000C 4290              ORL     P1,A
                                           ; SOURCE LINE # 31
000E 8D80              MOV     P0,R5
                                           ; SOURCE LINE # 32
0010 22                RET     
             ; FUNCTION _Int_Digtal_DisplaySingle (END)

             ; FUNCTION _Int_Digtal_SetCache (BEGIN)
                                           ; SOURCE LINE # 34
0000 8F00        R     MOV     num+03H,R7
0002 8E00        R     MOV     num+02H,R6
0004 8D00        R     MOV     num+01H,R5
0006 8C00        R     MOV     num,R4
                                           ; SOURCE LINE # 35
                                           ; SOURCE LINE # 37
0008 E4                CLR     A
0009 F500        R     MOV     i,A
000B         ?C0002:
                                           ; SOURCE LINE # 38
000B 7400        R     MOV     A,#LOW s_buff
000D 2500        R     ADD     A,i
000F F8                MOV     R0,A
0010 E4                CLR     A
0011 F6                MOV     @R0,A
                                           ; SOURCE LINE # 39
0012 0500        R     INC     i
0014 E500        R     MOV     A,i
0016 B408F2            CJNE    A,#08H,?C0002
0019         ?C0003:
                                           ; SOURCE LINE # 40
0019 E4                CLR     A
001A FF                MOV     R7,A
001B FE                MOV     R6,A
001C FD                MOV     R5,A
001D FC                MOV     R4,A
001E AB00        R     MOV     R3,num+03H
0020 AA00        R     MOV     R2,num+02H
0022 A900        R     MOV     R1,num+01H
0024 A800        R     MOV     R0,num
0026 C3                CLR     C
0027 120000      E     LCALL   ?C?ULCMP
002A 7004              JNZ     ?C0005
                                           ; SOURCE LINE # 41
C51 COMPILER V9.60.7.0   INT_DIGTAL                                                        04/21/2025 21:51:23 PAGE 4   

002C 850000      R     MOV     s_buff+07H,s_digtal_codes
002F 22                RET     
                                           ; SOURCE LINE # 43
0030         ?C0005:
                                           ; SOURCE LINE # 44
0030 750007      R     MOV     i,#07H
0033         ?C0007:
                                           ; SOURCE LINE # 45
0033 E4                CLR     A
0034 FF                MOV     R7,A
0035 FE                MOV     R6,A
0036 FD                MOV     R5,A
0037 FC                MOV     R4,A
0038 AB00        R     MOV     R3,num+03H
003A AA00        R     MOV     R2,num+02H
003C A900        R     MOV     R1,num+01H
003E A800        R     MOV     R0,num
0040 C3                CLR     C
0041 120000      E     LCALL   ?C?ULCMP
0044 603B              JZ      ?C0006
                                           ; SOURCE LINE # 46
0046 E4                CLR     A
0047 7B0A              MOV     R3,#0AH
0049 FA                MOV     R2,A
004A F9                MOV     R1,A
004B F8                MOV     R0,A
004C AF00        R     MOV     R7,num+03H
004E AE00        R     MOV     R6,num+02H
0050 AD00        R     MOV     R5,num+01H
0052 AC00        R     MOV     R4,num
0054 120000      E     LCALL   ?C?ULDIV
0057 7400        R     MOV     A,#LOW s_digtal_codes
0059 2B                ADD     A,R3
005A F8                MOV     R0,A
005B E6                MOV     A,@R0
005C FF                MOV     R7,A
005D 7400        R     MOV     A,#LOW s_buff
005F 2500        R     ADD     A,i
0061 F8                MOV     R0,A
0062 A607              MOV     @R0,AR7
                                           ; SOURCE LINE # 47
0064 AF00        R     MOV     R7,num+03H
0066 AE00        R     MOV     R6,num+02H
0068 AD00        R     MOV     R5,num+01H
006A AC00        R     MOV     R4,num
006C E4                CLR     A
006D 7B0A              MOV     R3,#0AH
006F FA                MOV     R2,A
0070 F9                MOV     R1,A
0071 F8                MOV     R0,A
0072 120000      E     LCALL   ?C?ULDIV
0075 8F00        R     MOV     num+03H,R7
0077 8E00        R     MOV     num+02H,R6
0079 8D00        R     MOV     num+01H,R5
007B 8C00        R     MOV     num,R4
                                           ; SOURCE LINE # 48
007D 1500        R     DEC     i
                                           ; SOURCE LINE # 49
007F 80B2              SJMP    ?C0007
                                           ; SOURCE LINE # 50
0081         ?C0006:
0081 22                RET     
C51 COMPILER V9.60.7.0   INT_DIGTAL                                                        04/21/2025 21:51:23 PAGE 5   

             ; FUNCTION _Int_Digtal_SetCache (END)

             ; FUNCTION Int_Digtal_FlushDigtal (BEGIN)
                                           ; SOURCE LINE # 52
                                           ; SOURCE LINE # 53
                                           ; SOURCE LINE # 55
;---- Variable 'i' assigned to Register 'R6' ----
0000 E4                CLR     A
0001 FE                MOV     R6,A
0002         ?C0009:
                                           ; SOURCE LINE # 56
0002 AF06              MOV     R7,AR6
0004 7400        R     MOV     A,#LOW s_buff
0006 2E                ADD     A,R6
0007 F8                MOV     R0,A
0008 E6                MOV     A,@R0
0009 FD                MOV     R5,A
000A 120000      R     LCALL   _Int_Digtal_DisplaySingle
                                           ; SOURCE LINE # 57
000D 0E                INC     R6
000E BE08F1            CJNE    R6,#08H,?C0009
                                           ; SOURCE LINE # 58
0011         ?C0012:
0011 22                RET     
             ; FUNCTION Int_Digtal_FlushDigtal (END)

             ; FUNCTION Int_Digtal_Callback (BEGIN)
                                           ; SOURCE LINE # 60
                                           ; SOURCE LINE # 61
                                           ; SOURCE LINE # 62
0000 7400        R     MOV     A,#LOW s_buff
0002 2500        R     ADD     A,s_num
0004 F8                MOV     R0,A
0005 E6                MOV     A,@R0
0006 FD                MOV     R5,A
0007 AF00        R     MOV     R7,s_num
0009 120000      R     LCALL   _Int_Digtal_DisplaySingle
                                           ; SOURCE LINE # 63
000C 0500        R     INC     s_num
                                           ; SOURCE LINE # 64
000E E500        R     MOV     A,s_num
0010 C3                CLR     C
0011 9408              SUBB    A,#08H
0013 4003              JC      ?C0014
                                           ; SOURCE LINE # 65
0015 E4                CLR     A
0016 F500        R     MOV     s_num,A
                                           ; SOURCE LINE # 66
0018         ?C0014:
0018 22                RET     
             ; FUNCTION Int_Digtal_Callback (END)

             ; FUNCTION Int_Digtal_Init (BEGIN)
                                           ; SOURCE LINE # 68
                                           ; SOURCE LINE # 69
                                           ; SOURCE LINE # 70
0000 C2B6              CLR     P36
                                           ; SOURCE LINE # 71
0002 C2B4              CLR     P34
                                           ; SOURCE LINE # 72
0004 E4                CLR     A
0005 F500        R     MOV     s_num,A
C51 COMPILER V9.60.7.0   INT_DIGTAL                                                        04/21/2025 21:51:23 PAGE 6   

                                           ; SOURCE LINE # 73
0007 7BFF              MOV     R3,#0FFH
0009 7A00        R     MOV     R2,#HIGH Int_Digtal_Callback
000B 7900        R     MOV     R1,#LOW Int_Digtal_Callback
000D 020000      E     LJMP    _Dri_Timer0_RegisterCallbackFunc
             ; FUNCTION Int_Digtal_Init (END)

C51 COMPILER V9.60.7.0   INT_DIGTAL                                                        04/21/2025 21:51:23 PAGE 7   

NAME                                    CLASS   MSPACE  TYPE    OFFSET  SIZE
====                                    =====   ======  ====    ======  ====


P0 . . . . . . . . . . . . . . . . . .  SFR      DATA   U_CHAR   0080H  1
P1 . . . . . . . . . . . . . . . . . .  SFR      DATA   U_CHAR   0090H  1
P2 . . . . . . . . . . . . . . . . . .  SFR      DATA   U_CHAR   00A0H  1
_Dri_Timer0_RegisterCallbackFunc . . .  EXTERN   CODE   PROC     -----  -----
P3 . . . . . . . . . . . . . . . . . .  SFR      DATA   U_CHAR   00B0H  1
XICON. . . . . . . . . . . . . . . . .  SFR      DATA   U_CHAR   00C0H  1
T0 . . . . . . . . . . . . . . . . . .  ABSBIT   -----  BIT      00B4H  1
AC . . . . . . . . . . . . . . . . . .  ABSBIT   -----  BIT      00D6H  1
P4 . . . . . . . . . . . . . . . . . .  SFR      DATA   U_CHAR   00E8H  1
T1 . . . . . . . . . . . . . . . . . .  ABSBIT   -----  BIT      00B5H  1
ISP_TRIG . . . . . . . . . . . . . . .  SFR      DATA   U_CHAR   00E6H  1
T2 . . . . . . . . . . . . . . . . . .  ABSBIT   -----  BIT      0090H  1
EA . . . . . . . . . . . . . . . . . .  ABSBIT   -----  BIT      00AFH  1
_Int_Digtal_DisplaySingle. . . . . . .  STATIC   CODE   PROC     0000H  -----
  n. . . . . . . . . . . . . . . . . .  * REG *  DATA   U_CHAR   0007H  1
  num. . . . . . . . . . . . . . . . .  * REG *  DATA   U_CHAR   0005H  1
EC . . . . . . . . . . . . . . . . . .  ABSBIT   -----  BIT      00AEH  1
FE . . . . . . . . . . . . . . . . . .  ABSBIT   -----  BIT      009FH  1
IE . . . . . . . . . . . . . . . . . .  SFR      DATA   U_CHAR   00A8H  1
size_t . . . . . . . . . . . . . . . .  TYPEDEF  -----  U_INT    -----  2
EXF2 . . . . . . . . . . . . . . . . .  ABSBIT   -----  BIT      00CEH  1
RD . . . . . . . . . . . . . . . . . .  ABSBIT   -----  BIT      00B7H  1
ES . . . . . . . . . . . . . . . . . .  ABSBIT   -----  BIT      00ACH  1
IP . . . . . . . . . . . . . . . . . .  SFR      DATA   U_CHAR   00B8H  1
RI . . . . . . . . . . . . . . . . . .  ABSBIT   -----  BIT      0098H  1
INT0 . . . . . . . . . . . . . . . . .  ABSBIT   -----  BIT      00B2H  1
CY . . . . . . . . . . . . . . . . . .  ABSBIT   -----  BIT      00D7H  1
TI . . . . . . . . . . . . . . . . . .  ABSBIT   -----  BIT      0099H  1
INT1 . . . . . . . . . . . . . . . . .  ABSBIT   -----  BIT      00B3H  1
CallbackFunc . . . . . . . . . . . . .  TYPEDEF  -----  PTR      -----  3
RCAP2H . . . . . . . . . . . . . . . .  SFR      DATA   U_CHAR   00CBH  1
ISP_CMD. . . . . . . . . . . . . . . .  SFR      DATA   U_CHAR   00E5H  1
PS . . . . . . . . . . . . . . . . . .  ABSBIT   -----  BIT      00BCH  1
SP . . . . . . . . . . . . . . . . . .  SFR      DATA   U_CHAR   0081H  1
T2EX . . . . . . . . . . . . . . . . .  ABSBIT   -----  BIT      0091H  1
s_num. . . . . . . . . . . . . . . . .  STATIC   DATA   U_CHAR   0000H  1
Int_Digtal_FlushDigtal . . . . . . . .  PUBLIC   CODE   PROC     0000H  -----
  i. . . . . . . . . . . . . . . . . .  * REG *  DATA   U_CHAR   0006H  1
OV . . . . . . . . . . . . . . . . . .  ABSBIT   -----  BIT      00D2H  1
RCAP2L . . . . . . . . . . . . . . . .  SFR      DATA   U_CHAR   00CAH  1
C_T2 . . . . . . . . . . . . . . . . .  ABSBIT   -----  BIT      00C9H  1
WR . . . . . . . . . . . . . . . . . .  ABSBIT   -----  BIT      00B6H  1
RCLK . . . . . . . . . . . . . . . . .  ABSBIT   -----  BIT      00CDH  1
TCLK . . . . . . . . . . . . . . . . .  ABSBIT   -----  BIT      00CCH  1
P00. . . . . . . . . . . . . . . . . .  ABSBIT   -----  BIT      0080H  1
SBUF . . . . . . . . . . . . . . . . .  SFR      DATA   U_CHAR   0099H  1
PCON . . . . . . . . . . . . . . . . .  SFR      DATA   U_CHAR   0087H  1
P10. . . . . . . . . . . . . . . . . .  ABSBIT   -----  BIT      0090H  1
P01. . . . . . . . . . . . . . . . . .  ABSBIT   -----  BIT      0081H  1
P20. . . . . . . . . . . . . . . . . .  ABSBIT   -----  BIT      00A0H  1
P11. . . . . . . . . . . . . . . . . .  ABSBIT   -----  BIT      0091H  1
P02. . . . . . . . . . . . . . . . . .  ABSBIT   -----  BIT      0082H  1
ISP_ADDRH. . . . . . . . . . . . . . .  SFR      DATA   U_CHAR   00E3H  1
P30. . . . . . . . . . . . . . . . . .  ABSBIT   -----  BIT      00B0H  1
P21. . . . . . . . . . . . . . . . . .  ABSBIT   -----  BIT      00A1H  1
P12. . . . . . . . . . . . . . . . . .  ABSBIT   -----  BIT      0092H  1
P03. . . . . . . . . . . . . . . . . .  ABSBIT   -----  BIT      0083H  1
C51 COMPILER V9.60.7.0   INT_DIGTAL                                                        04/21/2025 21:51:23 PAGE 8   

NAME                                    CLASS   MSPACE  TYPE    OFFSET  SIZE
====                                    =====   ======  ====    ======  ====


SCON . . . . . . . . . . . . . . . . .  SFR      DATA   U_CHAR   0098H  1
P31. . . . . . . . . . . . . . . . . .  ABSBIT   -----  BIT      00B1H  1
P22. . . . . . . . . . . . . . . . . .  ABSBIT   -----  BIT      00A2H  1
P13. . . . . . . . . . . . . . . . . .  ABSBIT   -----  BIT      0093H  1
P04. . . . . . . . . . . . . . . . . .  ABSBIT   -----  BIT      0084H  1
P40. . . . . . . . . . . . . . . . . .  ABSBIT   -----  BIT      00E8H  1
TMOD . . . . . . . . . . . . . . . . .  SFR      DATA   U_CHAR   0089H  1
TCON . . . . . . . . . . . . . . . . .  SFR      DATA   U_CHAR   0088H  1
P32. . . . . . . . . . . . . . . . . .  ABSBIT   -----  BIT      00B2H  1
P23. . . . . . . . . . . . . . . . . .  ABSBIT   -----  BIT      00A3H  1
P14. . . . . . . . . . . . . . . . . .  ABSBIT   -----  BIT      0094H  1
P05. . . . . . . . . . . . . . . . . .  ABSBIT   -----  BIT      0085H  1
P41. . . . . . . . . . . . . . . . . .  ABSBIT   -----  BIT      00E9H  1
P33. . . . . . . . . . . . . . . . . .  ABSBIT   -----  BIT      00B3H  1
P24. . . . . . . . . . . . . . . . . .  ABSBIT   -----  BIT      00A4H  1
P15. . . . . . . . . . . . . . . . . .  ABSBIT   -----  BIT      0095H  1
P06. . . . . . . . . . . . . . . . . .  ABSBIT   -----  BIT      0086H  1
ISP_ADDRL. . . . . . . . . . . . . . .  SFR      DATA   U_CHAR   00E4H  1
P42. . . . . . . . . . . . . . . . . .  ABSBIT   -----  BIT      00EAH  1
P34. . . . . . . . . . . . . . . . . .  ABSBIT   -----  BIT      00B4H  1
P25. . . . . . . . . . . . . . . . . .  ABSBIT   -----  BIT      00A5H  1
P16. . . . . . . . . . . . . . . . . .  ABSBIT   -----  BIT      0096H  1
P07. . . . . . . . . . . . . . . . . .  ABSBIT   -----  BIT      0087H  1
P43. . . . . . . . . . . . . . . . . .  ABSBIT   -----  BIT      00EBH  1
P35. . . . . . . . . . . . . . . . . .  ABSBIT   -----  BIT      00B5H  1
P26. . . . . . . . . . . . . . . . . .  ABSBIT   -----  BIT      00A6H  1
P17. . . . . . . . . . . . . . . . . .  ABSBIT   -----  BIT      0097H  1
P44. . . . . . . . . . . . . . . . . .  ABSBIT   -----  BIT      00ECH  1
P36. . . . . . . . . . . . . . . . . .  ABSBIT   -----  BIT      00B6H  1
P27. . . . . . . . . . . . . . . . . .  ABSBIT   -----  BIT      00A7H  1
P45. . . . . . . . . . . . . . . . . .  ABSBIT   -----  BIT      00EDH  1
P37. . . . . . . . . . . . . . . . . .  ABSBIT   -----  BIT      00B7H  1
P46. . . . . . . . . . . . . . . . . .  ABSBIT   -----  BIT      00EEH  1
s_digtal_codes . . . . . . . . . . . .  STATIC   DATA   ARRAY    0001H  10
IE0. . . . . . . . . . . . . . . . . .  ABSBIT   -----  BIT      0089H  1
IE1. . . . . . . . . . . . . . . . . .  ABSBIT   -----  BIT      008BH  1
AUXR . . . . . . . . . . . . . . . . .  SFR      DATA   U_CHAR   008EH  1
B. . . . . . . . . . . . . . . . . . .  SFR      DATA   U_CHAR   00F0H  1
CP_RL2 . . . . . . . . . . . . . . . .  ABSBIT   -----  BIT      00C8H  1
ACC. . . . . . . . . . . . . . . . . .  SFR      DATA   U_CHAR   00E0H  1
ET0. . . . . . . . . . . . . . . . . .  ABSBIT   -----  BIT      00A9H  1
ET1. . . . . . . . . . . . . . . . . .  ABSBIT   -----  BIT      00ABH  1
TF0. . . . . . . . . . . . . . . . . .  ABSBIT   -----  BIT      008DH  1
_Int_Digtal_SetCache . . . . . . . . .  PUBLIC   CODE   PROC     0000H  -----
  num. . . . . . . . . . . . . . . . .  AUTO     DATA   U_LONG   0000H  4
  i. . . . . . . . . . . . . . . . . .  AUTO     DATA   U_CHAR   0004H  1
ET2. . . . . . . . . . . . . . . . . .  ABSBIT   -----  BIT      00ADH  1
TF1. . . . . . . . . . . . . . . . . .  ABSBIT   -----  BIT      008FH  1
TF2. . . . . . . . . . . . . . . . . .  ABSBIT   -----  BIT      00CFH  1
RB8. . . . . . . . . . . . . . . . . .  ABSBIT   -----  BIT      009AH  1
TH0. . . . . . . . . . . . . . . . . .  SFR      DATA   U_CHAR   008CH  1
EX0. . . . . . . . . . . . . . . . . .  ABSBIT   -----  BIT      00A8H  1
IT0. . . . . . . . . . . . . . . . . .  ABSBIT   -----  BIT      0088H  1
TH1. . . . . . . . . . . . . . . . . .  SFR      DATA   U_CHAR   008DH  1
TB8. . . . . . . . . . . . . . . . . .  ABSBIT   -----  BIT      009BH  1
EX1. . . . . . . . . . . . . . . . . .  ABSBIT   -----  BIT      00AAH  1
IT1. . . . . . . . . . . . . . . . . .  ABSBIT   -----  BIT      008AH  1
C51 COMPILER V9.60.7.0   INT_DIGTAL                                                        04/21/2025 21:51:23 PAGE 9   

NAME                                    CLASS   MSPACE  TYPE    OFFSET  SIZE
====                                    =====   ======  ====    ======  ====


TH2. . . . . . . . . . . . . . . . . .  SFR      DATA   U_CHAR   00CDH  1
P. . . . . . . . . . . . . . . . . . .  ABSBIT   -----  BIT      00D0H  1
SM0. . . . . . . . . . . . . . . . . .  ABSBIT   -----  BIT      009FH  1
TL0. . . . . . . . . . . . . . . . . .  SFR      DATA   U_CHAR   008AH  1
SM1. . . . . . . . . . . . . . . . . .  ABSBIT   -----  BIT      009EH  1
TL1. . . . . . . . . . . . . . . . . .  SFR      DATA   U_CHAR   008BH  1
SM2. . . . . . . . . . . . . . . . . .  ABSBIT   -----  BIT      009DH  1
TL2. . . . . . . . . . . . . . . . . .  SFR      DATA   U_CHAR   00CCH  1
PT0. . . . . . . . . . . . . . . . . .  ABSBIT   -----  BIT      00B9H  1
PT1. . . . . . . . . . . . . . . . . .  ABSBIT   -----  BIT      00BBH  1
RS0. . . . . . . . . . . . . . . . . .  ABSBIT   -----  BIT      00D3H  1
ISP_CONTR. . . . . . . . . . . . . . .  SFR      DATA   U_CHAR   00E7H  1
PT2. . . . . . . . . . . . . . . . . .  ABSBIT   -----  BIT      00BDH  1
TR0. . . . . . . . . . . . . . . . . .  ABSBIT   -----  BIT      008CH  1
RS1. . . . . . . . . . . . . . . . . .  ABSBIT   -----  BIT      00D4H  1
TR1. . . . . . . . . . . . . . . . . .  ABSBIT   -----  BIT      008EH  1
Int_Digtal_Callback. . . . . . . . . .  PUBLIC   CODE   PROC     0000H  -----
TR2. . . . . . . . . . . . . . . . . .  ABSBIT   -----  BIT      00CAH  1
PX0. . . . . . . . . . . . . . . . . .  ABSBIT   -----  BIT      00B8H  1
WDT_CONTR. . . . . . . . . . . . . . .  SFR      DATA   U_CHAR   00E1H  1
PX1. . . . . . . . . . . . . . . . . .  ABSBIT   -----  BIT      00BAH  1
Int_Digtal_Init. . . . . . . . . . . .  PUBLIC   CODE   PROC     0000H  -----
DPH. . . . . . . . . . . . . . . . . .  SFR      DATA   U_CHAR   0083H  1
DPL. . . . . . . . . . . . . . . . . .  SFR      DATA   U_CHAR   0082H  1
IPH. . . . . . . . . . . . . . . . . .  SFR      DATA   U_CHAR   00B7H  1
EXEN2. . . . . . . . . . . . . . . . .  ABSBIT   -----  BIT      00CBH  1
REN. . . . . . . . . . . . . . . . . .  ABSBIT   -----  BIT      009CH  1
T2MOD. . . . . . . . . . . . . . . . .  SFR      DATA   U_CHAR   00C9H  1
T2CON. . . . . . . . . . . . . . . . .  SFR      DATA   U_CHAR   00C8H  1
ISP_DATA . . . . . . . . . . . . . . .  SFR      DATA   U_CHAR   00E2H  1
SADEN. . . . . . . . . . . . . . . . .  SFR      DATA   U_CHAR   00B9H  1
RXD. . . . . . . . . . . . . . . . . .  ABSBIT   -----  BIT      00B0H  1
SADDR. . . . . . . . . . . . . . . . .  SFR      DATA   U_CHAR   00A9H  1
TXD. . . . . . . . . . . . . . . . . .  ABSBIT   -----  BIT      00B1H  1
AUXR1. . . . . . . . . . . . . . . . .  SFR      DATA   U_CHAR   00A2H  1
F0 . . . . . . . . . . . . . . . . . .  ABSBIT   -----  BIT      00D5H  1
F1 . . . . . . . . . . . . . . . . . .  ABSBIT   -----  BIT      00D1H  1
s_buff . . . . . . . . . . . . . . . .  STATIC   DATA   ARRAY    000BH  8
PSW. . . . . . . . . . . . . . . . . .  SFR      DATA   U_CHAR   00D0H  1


MODULE INFORMATION:   STATIC OVERLAYABLE
   CODE SIZE        =    206    ----
   CONSTANT SIZE    =   ----    ----
   XDATA SIZE       =   ----    ----
   PDATA SIZE       =   ----    ----
   DATA SIZE        =     19       5
   IDATA SIZE       =   ----    ----
   BIT SIZE         =   ----    ----
   EDATA SIZE       =   ----    ----
   HDATA SIZE       =   ----    ----
   XDATA CONST SIZE =   ----    ----
   FAR CONST SIZE   =   ----    ----
END OF MODULE INFORMATION.


C51 COMPILATION COMPLETE.  0 WARNING(S),  0 ERROR(S)
