C51 COMPILER V9.60.7.0   INT_KEYBOARD                                                      04/18/2025 16:55:30 PAGE 1   


C51 COMPILER V9.60.7.0, COMPILATION OF MODULE INT_KEYBOARD
OBJECT MODULE PLACED IN .\build\Release\.obj\src\Int\Int_Keyboard.o
COMPILER INVOKED BY: E:\Program Files\Keil_v5\C51\BIN\C51.exe .\src\Int\Int_Keyboard.c OMF2 TABS(4) CODE NOCOND SYMBOLS 
                    -PRINT(.\build\Release\.obj\src\Int\Int_Keyboard.lst) INCDIR(../../../Program Files/Keil_v5/C51/INC;src;src/Int;src/Com) 
                    -DEFINE(__UVISION_VERSION=526) OPTIMIZE(8,SPEED) SMALL ROM(LARGE) OBJECT(.\build\Release\.obj\src\Int\Int_Keyboard.o)

line level    source

   1          #include "Int_Keyboard.h"
   2          
   3          bit Int_Keyboard_IsPressedBySw1()
   4          {
   5   1          if(P42)
   6   1          {
   7   2              Delay10ms();
   8   2              if(P42)
   9   2              {
  10   3                  return 0;
  11   3              }
  12   2          }
  13   1          while(1)
  14   1          {
  15   2              if(P42)
  16   2              {
  17   3                  Delay10ms();
  18   3                  if(P42)
  19   3                  {
  20   4                      return 1;
  21   4                  }
  22   3              }
  23   2          }
  24   1      }
  25          
  26          bit Int_Keyboard_IsPressedBySw2()
  27          {
  28   1          if(P43)
  29   1          {
  30   2              Delay10ms();
  31   2              if(P43)
  32   2              {
  33   3                  return 0;
  34   3              }
  35   2          }
  36   1          while(1)
  37   1          {
  38   2              if(P43)
  39   2              {
  40   3                  Delay10ms();
  41   3                  if(P43)
  42   3                  {
  43   4                      return 1;
  44   4                  }
  45   3              }
  46   2          }
  47   1      }
  48          
  49          bit Int_Keyboard_IsPressedBySw3()
  50          {
  51   1          if(P32)
  52   1          {
  53   2              Delay10ms();
C51 COMPILER V9.60.7.0   INT_KEYBOARD                                                      04/18/2025 16:55:30 PAGE 2   

  54   2              if(P32)
  55   2              {
  56   3                  return 0;
  57   3              }
  58   2          }
  59   1          while(1)
  60   1          {
  61   2              if(P32)
  62   2              {
  63   3                  Delay10ms();
  64   3                  if(P32)
  65   3                  {
  66   4                      return 1;
  67   4                  }
  68   3              }
  69   2          }
  70   1      }
  71          
  72          bit Int_Keyboard_IsPressedBySw4()
  73          {
  74   1          if(P33)
  75   1          {
  76   2              Delay10ms();
  77   2              if(P33)
  78   2              {
  79   3                  return 0;
  80   3              }
  81   2          }
  82   1          while(1)
  83   1          {
  84   2              if(P33)
  85   2              {
  86   3                  Delay10ms();
  87   3                  if(P33)
  88   3                  {
  89   4                      return 1;
  90   4                  }
  91   3              }
  92   2          }
  93   1      }
C51 COMPILER V9.60.7.0   INT_KEYBOARD                                                      04/18/2025 16:55:30 PAGE 3   

ASSEMBLY LISTING OF GENERATED OBJECT CODE


             ; FUNCTION Int_Keyboard_IsPressedBySw1 (BEGIN)
                                           ; SOURCE LINE # 3
                                           ; SOURCE LINE # 4
                                           ; SOURCE LINE # 5
0000 30EA08            JNB     P42,?C0004
                                           ; SOURCE LINE # 6
                                           ; SOURCE LINE # 7
0003 120000      E     LCALL   Delay10ms
                                           ; SOURCE LINE # 8
0006 30EA02            JNB     P42,?C0004
                                           ; SOURCE LINE # 9
                                           ; SOURCE LINE # 10
0009 C3                CLR     C
000A 22                RET     
                                           ; SOURCE LINE # 11
                                           ; SOURCE LINE # 12
000B         ?C0004:
                                           ; SOURCE LINE # 13
                                           ; SOURCE LINE # 14
                                           ; SOURCE LINE # 15
000B 30EAFD            JNB     P42,?C0004
                                           ; SOURCE LINE # 16
                                           ; SOURCE LINE # 17
000E 120000      E     LCALL   Delay10ms
                                           ; SOURCE LINE # 18
0011 30EAF7            JNB     P42,?C0004
                                           ; SOURCE LINE # 19
                                           ; SOURCE LINE # 20
0014 D3                SETB    C
                                           ; SOURCE LINE # 21
                                           ; SOURCE LINE # 22
                                           ; SOURCE LINE # 23
                                           ; SOURCE LINE # 24
0015         ?C0003:
0015 22                RET     
             ; FUNCTION Int_Keyboard_IsPressedBySw1 (END)

             ; FUNCTION Int_Keyboard_IsPressedBySw2 (BEGIN)
                                           ; SOURCE LINE # 26
                                           ; SOURCE LINE # 27
                                           ; SOURCE LINE # 28
0000 30EB08            JNB     P43,?C0011
                                           ; SOURCE LINE # 29
                                           ; SOURCE LINE # 30
0003 120000      E     LCALL   Delay10ms
                                           ; SOURCE LINE # 31
0006 30EB02            JNB     P43,?C0011
                                           ; SOURCE LINE # 32
                                           ; SOURCE LINE # 33
0009 C3                CLR     C
000A 22                RET     
                                           ; SOURCE LINE # 34
                                           ; SOURCE LINE # 35
000B         ?C0011:
                                           ; SOURCE LINE # 36
                                           ; SOURCE LINE # 37
                                           ; SOURCE LINE # 38
000B 30EBFD            JNB     P43,?C0011
                                           ; SOURCE LINE # 39
C51 COMPILER V9.60.7.0   INT_KEYBOARD                                                      04/18/2025 16:55:30 PAGE 4   

                                           ; SOURCE LINE # 40
000E 120000      E     LCALL   Delay10ms
                                           ; SOURCE LINE # 41
0011 30EBF7            JNB     P43,?C0011
                                           ; SOURCE LINE # 42
                                           ; SOURCE LINE # 43
0014 D3                SETB    C
                                           ; SOURCE LINE # 44
                                           ; SOURCE LINE # 45
                                           ; SOURCE LINE # 46
                                           ; SOURCE LINE # 47
0015         ?C0010:
0015 22                RET     
             ; FUNCTION Int_Keyboard_IsPressedBySw2 (END)

             ; FUNCTION Int_Keyboard_IsPressedBySw3 (BEGIN)
                                           ; SOURCE LINE # 49
                                           ; SOURCE LINE # 50
                                           ; SOURCE LINE # 51
0000 30B208            JNB     P32,?C0018
                                           ; SOURCE LINE # 52
                                           ; SOURCE LINE # 53
0003 120000      E     LCALL   Delay10ms
                                           ; SOURCE LINE # 54
0006 30B202            JNB     P32,?C0018
                                           ; SOURCE LINE # 55
                                           ; SOURCE LINE # 56
0009 C3                CLR     C
000A 22                RET     
                                           ; SOURCE LINE # 57
                                           ; SOURCE LINE # 58
000B         ?C0018:
                                           ; SOURCE LINE # 59
                                           ; SOURCE LINE # 60
                                           ; SOURCE LINE # 61
000B 30B2FD            JNB     P32,?C0018
                                           ; SOURCE LINE # 62
                                           ; SOURCE LINE # 63
000E 120000      E     LCALL   Delay10ms
                                           ; SOURCE LINE # 64
0011 30B2F7            JNB     P32,?C0018
                                           ; SOURCE LINE # 65
                                           ; SOURCE LINE # 66
0014 D3                SETB    C
                                           ; SOURCE LINE # 67
                                           ; SOURCE LINE # 68
                                           ; SOURCE LINE # 69
                                           ; SOURCE LINE # 70
0015         ?C0017:
0015 22                RET     
             ; FUNCTION Int_Keyboard_IsPressedBySw3 (END)

             ; FUNCTION Int_Keyboard_IsPressedBySw4 (BEGIN)
                                           ; SOURCE LINE # 72
                                           ; SOURCE LINE # 73
                                           ; SOURCE LINE # 74
0000 30B308            JNB     P33,?C0025
                                           ; SOURCE LINE # 75
                                           ; SOURCE LINE # 76
0003 120000      E     LCALL   Delay10ms
                                           ; SOURCE LINE # 77
0006 30B302            JNB     P33,?C0025
C51 COMPILER V9.60.7.0   INT_KEYBOARD                                                      04/18/2025 16:55:30 PAGE 5   

                                           ; SOURCE LINE # 78
                                           ; SOURCE LINE # 79
0009 C3                CLR     C
000A 22                RET     
                                           ; SOURCE LINE # 80
                                           ; SOURCE LINE # 81
000B         ?C0025:
                                           ; SOURCE LINE # 82
                                           ; SOURCE LINE # 83
                                           ; SOURCE LINE # 84
000B 30B3FD            JNB     P33,?C0025
                                           ; SOURCE LINE # 85
                                           ; SOURCE LINE # 86
000E 120000      E     LCALL   Delay10ms
                                           ; SOURCE LINE # 87
0011 30B3F7            JNB     P33,?C0025
                                           ; SOURCE LINE # 88
                                           ; SOURCE LINE # 89
0014 D3                SETB    C
                                           ; SOURCE LINE # 90
                                           ; SOURCE LINE # 91
                                           ; SOURCE LINE # 92
                                           ; SOURCE LINE # 93
0015         ?C0024:
0015 22                RET     
             ; FUNCTION Int_Keyboard_IsPressedBySw4 (END)

C51 COMPILER V9.60.7.0   INT_KEYBOARD                                                      04/18/2025 16:55:30 PAGE 6   

NAME                                    CLASS   MSPACE  TYPE    OFFSET  SIZE
====                                    =====   ======  ====    ======  ====


P0 . . . . . . . . . . . . . . . . . .  SFR      DATA   U_CHAR   0080H  1
P1 . . . . . . . . . . . . . . . . . .  SFR      DATA   U_CHAR   0090H  1
P2 . . . . . . . . . . . . . . . . . .  SFR      DATA   U_CHAR   00A0H  1
P3 . . . . . . . . . . . . . . . . . .  SFR      DATA   U_CHAR   00B0H  1
XICON. . . . . . . . . . . . . . . . .  SFR      DATA   U_CHAR   00C0H  1
T0 . . . . . . . . . . . . . . . . . .  ABSBIT   -----  BIT      00B4H  1
AC . . . . . . . . . . . . . . . . . .  ABSBIT   -----  BIT      00D6H  1
P4 . . . . . . . . . . . . . . . . . .  SFR      DATA   U_CHAR   00E8H  1
T1 . . . . . . . . . . . . . . . . . .  ABSBIT   -----  BIT      00B5H  1
ISP_TRIG . . . . . . . . . . . . . . .  SFR      DATA   U_CHAR   00E6H  1
T2 . . . . . . . . . . . . . . . . . .  ABSBIT   -----  BIT      0090H  1
EA . . . . . . . . . . . . . . . . . .  ABSBIT   -----  BIT      00AFH  1
EC . . . . . . . . . . . . . . . . . .  ABSBIT   -----  BIT      00AEH  1
FE . . . . . . . . . . . . . . . . . .  ABSBIT   -----  BIT      009FH  1
IE . . . . . . . . . . . . . . . . . .  SFR      DATA   U_CHAR   00A8H  1
EXF2 . . . . . . . . . . . . . . . . .  ABSBIT   -----  BIT      00CEH  1
RD . . . . . . . . . . . . . . . . . .  ABSBIT   -----  BIT      00B7H  1
ES . . . . . . . . . . . . . . . . . .  ABSBIT   -----  BIT      00ACH  1
IP . . . . . . . . . . . . . . . . . .  SFR      DATA   U_CHAR   00B8H  1
RI . . . . . . . . . . . . . . . . . .  ABSBIT   -----  BIT      0098H  1
INT0 . . . . . . . . . . . . . . . . .  ABSBIT   -----  BIT      00B2H  1
CY . . . . . . . . . . . . . . . . . .  ABSBIT   -----  BIT      00D7H  1
TI . . . . . . . . . . . . . . . . . .  ABSBIT   -----  BIT      0099H  1
INT1 . . . . . . . . . . . . . . . . .  ABSBIT   -----  BIT      00B3H  1
RCAP2H . . . . . . . . . . . . . . . .  SFR      DATA   U_CHAR   00CBH  1
ISP_CMD. . . . . . . . . . . . . . . .  SFR      DATA   U_CHAR   00E5H  1
PS . . . . . . . . . . . . . . . . . .  ABSBIT   -----  BIT      00BCH  1
SP . . . . . . . . . . . . . . . . . .  SFR      DATA   U_CHAR   0081H  1
T2EX . . . . . . . . . . . . . . . . .  ABSBIT   -----  BIT      0091H  1
OV . . . . . . . . . . . . . . . . . .  ABSBIT   -----  BIT      00D2H  1
RCAP2L . . . . . . . . . . . . . . . .  SFR      DATA   U_CHAR   00CAH  1
C_T2 . . . . . . . . . . . . . . . . .  ABSBIT   -----  BIT      00C9H  1
WR . . . . . . . . . . . . . . . . . .  ABSBIT   -----  BIT      00B6H  1
RCLK . . . . . . . . . . . . . . . . .  ABSBIT   -----  BIT      00CDH  1
TCLK . . . . . . . . . . . . . . . . .  ABSBIT   -----  BIT      00CCH  1
P00. . . . . . . . . . . . . . . . . .  ABSBIT   -----  BIT      0080H  1
SBUF . . . . . . . . . . . . . . . . .  SFR      DATA   U_CHAR   0099H  1
PCON . . . . . . . . . . . . . . . . .  SFR      DATA   U_CHAR   0087H  1
P10. . . . . . . . . . . . . . . . . .  ABSBIT   -----  BIT      0090H  1
P01. . . . . . . . . . . . . . . . . .  ABSBIT   -----  BIT      0081H  1
P20. . . . . . . . . . . . . . . . . .  ABSBIT   -----  BIT      00A0H  1
P11. . . . . . . . . . . . . . . . . .  ABSBIT   -----  BIT      0091H  1
P02. . . . . . . . . . . . . . . . . .  ABSBIT   -----  BIT      0082H  1
ISP_ADDRH. . . . . . . . . . . . . . .  SFR      DATA   U_CHAR   00E3H  1
P30. . . . . . . . . . . . . . . . . .  ABSBIT   -----  BIT      00B0H  1
P21. . . . . . . . . . . . . . . . . .  ABSBIT   -----  BIT      00A1H  1
P12. . . . . . . . . . . . . . . . . .  ABSBIT   -----  BIT      0092H  1
P03. . . . . . . . . . . . . . . . . .  ABSBIT   -----  BIT      0083H  1
SCON . . . . . . . . . . . . . . . . .  SFR      DATA   U_CHAR   0098H  1
P31. . . . . . . . . . . . . . . . . .  ABSBIT   -----  BIT      00B1H  1
P22. . . . . . . . . . . . . . . . . .  ABSBIT   -----  BIT      00A2H  1
P13. . . . . . . . . . . . . . . . . .  ABSBIT   -----  BIT      0093H  1
P04. . . . . . . . . . . . . . . . . .  ABSBIT   -----  BIT      0084H  1
P40. . . . . . . . . . . . . . . . . .  ABSBIT   -----  BIT      00E8H  1
Delay10ms. . . . . . . . . . . . . . .  EXTERN   CODE   PROC     -----  -----
TMOD . . . . . . . . . . . . . . . . .  SFR      DATA   U_CHAR   0089H  1
TCON . . . . . . . . . . . . . . . . .  SFR      DATA   U_CHAR   0088H  1
C51 COMPILER V9.60.7.0   INT_KEYBOARD                                                      04/18/2025 16:55:30 PAGE 7   

NAME                                    CLASS   MSPACE  TYPE    OFFSET  SIZE
====                                    =====   ======  ====    ======  ====


P32. . . . . . . . . . . . . . . . . .  ABSBIT   -----  BIT      00B2H  1
P23. . . . . . . . . . . . . . . . . .  ABSBIT   -----  BIT      00A3H  1
P14. . . . . . . . . . . . . . . . . .  ABSBIT   -----  BIT      0094H  1
P05. . . . . . . . . . . . . . . . . .  ABSBIT   -----  BIT      0085H  1
P41. . . . . . . . . . . . . . . . . .  ABSBIT   -----  BIT      00E9H  1
P33. . . . . . . . . . . . . . . . . .  ABSBIT   -----  BIT      00B3H  1
P24. . . . . . . . . . . . . . . . . .  ABSBIT   -----  BIT      00A4H  1
P15. . . . . . . . . . . . . . . . . .  ABSBIT   -----  BIT      0095H  1
P06. . . . . . . . . . . . . . . . . .  ABSBIT   -----  BIT      0086H  1
ISP_ADDRL. . . . . . . . . . . . . . .  SFR      DATA   U_CHAR   00E4H  1
P42. . . . . . . . . . . . . . . . . .  ABSBIT   -----  BIT      00EAH  1
P34. . . . . . . . . . . . . . . . . .  ABSBIT   -----  BIT      00B4H  1
P25. . . . . . . . . . . . . . . . . .  ABSBIT   -----  BIT      00A5H  1
P16. . . . . . . . . . . . . . . . . .  ABSBIT   -----  BIT      0096H  1
P07. . . . . . . . . . . . . . . . . .  ABSBIT   -----  BIT      0087H  1
P43. . . . . . . . . . . . . . . . . .  ABSBIT   -----  BIT      00EBH  1
P35. . . . . . . . . . . . . . . . . .  ABSBIT   -----  BIT      00B5H  1
P26. . . . . . . . . . . . . . . . . .  ABSBIT   -----  BIT      00A6H  1
P17. . . . . . . . . . . . . . . . . .  ABSBIT   -----  BIT      0097H  1
P44. . . . . . . . . . . . . . . . . .  ABSBIT   -----  BIT      00ECH  1
P36. . . . . . . . . . . . . . . . . .  ABSBIT   -----  BIT      00B6H  1
P27. . . . . . . . . . . . . . . . . .  ABSBIT   -----  BIT      00A7H  1
P45. . . . . . . . . . . . . . . . . .  ABSBIT   -----  BIT      00EDH  1
P37. . . . . . . . . . . . . . . . . .  ABSBIT   -----  BIT      00B7H  1
P46. . . . . . . . . . . . . . . . . .  ABSBIT   -----  BIT      00EEH  1
IE0. . . . . . . . . . . . . . . . . .  ABSBIT   -----  BIT      0089H  1
IE1. . . . . . . . . . . . . . . . . .  ABSBIT   -----  BIT      008BH  1
AUXR . . . . . . . . . . . . . . . . .  SFR      DATA   U_CHAR   008EH  1
B. . . . . . . . . . . . . . . . . . .  SFR      DATA   U_CHAR   00F0H  1
CP_RL2 . . . . . . . . . . . . . . . .  ABSBIT   -----  BIT      00C8H  1
ACC. . . . . . . . . . . . . . . . . .  SFR      DATA   U_CHAR   00E0H  1
ET0. . . . . . . . . . . . . . . . . .  ABSBIT   -----  BIT      00A9H  1
ET1. . . . . . . . . . . . . . . . . .  ABSBIT   -----  BIT      00ABH  1
TF0. . . . . . . . . . . . . . . . . .  ABSBIT   -----  BIT      008DH  1
ET2. . . . . . . . . . . . . . . . . .  ABSBIT   -----  BIT      00ADH  1
TF1. . . . . . . . . . . . . . . . . .  ABSBIT   -----  BIT      008FH  1
TF2. . . . . . . . . . . . . . . . . .  ABSBIT   -----  BIT      00CFH  1
RB8. . . . . . . . . . . . . . . . . .  ABSBIT   -----  BIT      009AH  1
TH0. . . . . . . . . . . . . . . . . .  SFR      DATA   U_CHAR   008CH  1
EX0. . . . . . . . . . . . . . . . . .  ABSBIT   -----  BIT      00A8H  1
IT0. . . . . . . . . . . . . . . . . .  ABSBIT   -----  BIT      0088H  1
TH1. . . . . . . . . . . . . . . . . .  SFR      DATA   U_CHAR   008DH  1
TB8. . . . . . . . . . . . . . . . . .  ABSBIT   -----  BIT      009BH  1
EX1. . . . . . . . . . . . . . . . . .  ABSBIT   -----  BIT      00AAH  1
IT1. . . . . . . . . . . . . . . . . .  ABSBIT   -----  BIT      008AH  1
TH2. . . . . . . . . . . . . . . . . .  SFR      DATA   U_CHAR   00CDH  1
P. . . . . . . . . . . . . . . . . . .  ABSBIT   -----  BIT      00D0H  1
SM0. . . . . . . . . . . . . . . . . .  ABSBIT   -----  BIT      009FH  1
TL0. . . . . . . . . . . . . . . . . .  SFR      DATA   U_CHAR   008AH  1
SM1. . . . . . . . . . . . . . . . . .  ABSBIT   -----  BIT      009EH  1
TL1. . . . . . . . . . . . . . . . . .  SFR      DATA   U_CHAR   008BH  1
SM2. . . . . . . . . . . . . . . . . .  ABSBIT   -----  BIT      009DH  1
TL2. . . . . . . . . . . . . . . . . .  SFR      DATA   U_CHAR   00CCH  1
PT0. . . . . . . . . . . . . . . . . .  ABSBIT   -----  BIT      00B9H  1
PT1. . . . . . . . . . . . . . . . . .  ABSBIT   -----  BIT      00BBH  1
RS0. . . . . . . . . . . . . . . . . .  ABSBIT   -----  BIT      00D3H  1
ISP_CONTR. . . . . . . . . . . . . . .  SFR      DATA   U_CHAR   00E7H  1
C51 COMPILER V9.60.7.0   INT_KEYBOARD                                                      04/18/2025 16:55:30 PAGE 8   

NAME                                    CLASS   MSPACE  TYPE    OFFSET  SIZE
====                                    =====   ======  ====    ======  ====


PT2. . . . . . . . . . . . . . . . . .  ABSBIT   -----  BIT      00BDH  1
TR0. . . . . . . . . . . . . . . . . .  ABSBIT   -----  BIT      008CH  1
RS1. . . . . . . . . . . . . . . . . .  ABSBIT   -----  BIT      00D4H  1
TR1. . . . . . . . . . . . . . . . . .  ABSBIT   -----  BIT      008EH  1
TR2. . . . . . . . . . . . . . . . . .  ABSBIT   -----  BIT      00CAH  1
PX0. . . . . . . . . . . . . . . . . .  ABSBIT   -----  BIT      00B8H  1
WDT_CONTR. . . . . . . . . . . . . . .  SFR      DATA   U_CHAR   00E1H  1
PX1. . . . . . . . . . . . . . . . . .  ABSBIT   -----  BIT      00BAH  1
DPH. . . . . . . . . . . . . . . . . .  SFR      DATA   U_CHAR   0083H  1
DPL. . . . . . . . . . . . . . . . . .  SFR      DATA   U_CHAR   0082H  1
IPH. . . . . . . . . . . . . . . . . .  SFR      DATA   U_CHAR   00B7H  1
EXEN2. . . . . . . . . . . . . . . . .  ABSBIT   -----  BIT      00CBH  1
REN. . . . . . . . . . . . . . . . . .  ABSBIT   -----  BIT      009CH  1
T2MOD. . . . . . . . . . . . . . . . .  SFR      DATA   U_CHAR   00C9H  1
T2CON. . . . . . . . . . . . . . . . .  SFR      DATA   U_CHAR   00C8H  1
ISP_DATA . . . . . . . . . . . . . . .  SFR      DATA   U_CHAR   00E2H  1
SADEN. . . . . . . . . . . . . . . . .  SFR      DATA   U_CHAR   00B9H  1
RXD. . . . . . . . . . . . . . . . . .  ABSBIT   -----  BIT      00B0H  1
SADDR. . . . . . . . . . . . . . . . .  SFR      DATA   U_CHAR   00A9H  1
TXD. . . . . . . . . . . . . . . . . .  ABSBIT   -----  BIT      00B1H  1
AUXR1. . . . . . . . . . . . . . . . .  SFR      DATA   U_CHAR   00A2H  1
Int_Keyboard_IsPressedBySw1. . . . . .  PUBLIC   CODE   PROC     0000H  -----
F0 . . . . . . . . . . . . . . . . . .  ABSBIT   -----  BIT      00D5H  1
Int_Keyboard_IsPressedBySw2. . . . . .  PUBLIC   CODE   PROC     0000H  -----
F1 . . . . . . . . . . . . . . . . . .  ABSBIT   -----  BIT      00D1H  1
Int_Keyboard_IsPressedBySw3. . . . . .  PUBLIC   CODE   PROC     0000H  -----
Int_Keyboard_IsPressedBySw4. . . . . .  PUBLIC   CODE   PROC     0000H  -----
PSW. . . . . . . . . . . . . . . . . .  SFR      DATA   U_CHAR   00D0H  1


MODULE INFORMATION:   STATIC OVERLAYABLE
   CODE SIZE        =     88    ----
   CONSTANT SIZE    =   ----    ----
   XDATA SIZE       =   ----    ----
   PDATA SIZE       =   ----    ----
   DATA SIZE        =   ----    ----
   IDATA SIZE       =   ----    ----
   BIT SIZE         =   ----    ----
   EDATA SIZE       =   ----    ----
   HDATA SIZE       =   ----    ----
   XDATA CONST SIZE =   ----    ----
   FAR CONST SIZE   =   ----    ----
END OF MODULE INFORMATION.


C51 COMPILATION COMPLETE.  0 WARNING(S),  0 ERROR(S)
