[2025-04-20 22:43:59]	[done]
	build successfully !

[2025-04-20 22:44:27]	[done]
	build successfully !

[2025-04-21 14:29:32]	[done]
	build successfully !

[2025-04-21 15:40:11]	compilation failed at : "e:\嵌入式\projects\P16_定时器_回调函数\src\Dri\Dri_Timer0.c", exit code: 2
command: 
  "E:\Program Files\Keil_v5\C51\BIN\C51.exe" .\src\Dri\Dri_Timer0.c OMF2 TABS(4) CODE NOCOND SYMBOLS PRINT(.\build\Release\.obj\src\Dri\Dri_Timer0.lst) INCDIR(../../../Program Files/Keil_v5/C51/INC;src;src/Int;src/Dri) DEFINE(__UVISION_VERSION='526') OPTIMIZE(8,SPEED) SMALL ROM(LARGE) OBJECT(.\build\Release\.obj\src\Dri\Dri_Timer0.o)
   at unify_builder.Program.Main(String[] args_)
---
C51 COMPILER V9.60.7.0 - SN: K1DZC-J84JUC
COPYRIGHT Copyright (C) 2012 - 2022 ARM Limited or its Affiliates. All rights reserved.
*** ERROR C202 IN LINE 19 OF .\src\Dri\Dri_Timer0.c: 'NULL': undefined identifier
*** ERROR C202 IN LINE 27 OF .\src\Dri\Dri_Timer0.c: 's_ms_count': undefined identifier
*** ERROR C202 IN LINE 28 OF .\src\Dri\Dri_Timer0.c: 's_ms_count': undefined identifier
*** ERROR C202 IN LINE 31 OF .\src\Dri\Dri_Timer0.c: 's_ms_count': undefined identifier
*** ERROR C158 IN LINE 36 OF .\src\Dri\Dri_Timer0.c: '_Dri_Timer0_RegisterCallbackFunc': function contains unnamed parameter
*** ERROR C141 IN LINE 41 OF .\src\Dri\Dri_Timer0.c: syntax error near '}', expected '__asm'

C51 COMPILATION COMPLETE.  0 WARNING(S),  6 ERROR(S)

[2025-04-21 15:40:30]	compilation failed at : "e:\嵌入式\projects\P16_定时器_回调函数\src\Dri\Dri_Timer0.c", exit code: 2
command: 
  "E:\Program Files\Keil_v5\C51\BIN\C51.exe" .\src\Dri\Dri_Timer0.c OMF2 TABS(4) CODE NOCOND SYMBOLS PRINT(.\build\Release\.obj\src\Dri\Dri_Timer0.lst) INCDIR(../../../Program Files/Keil_v5/C51/INC;src;src/Int;src/Dri) DEFINE(__UVISION_VERSION='526') OPTIMIZE(8,SPEED) SMALL ROM(LARGE) OBJECT(.\build\Release\.obj\src\Dri\Dri_Timer0.o)
   at unify_builder.Program.Main(String[] args_)
---
C51 COMPILER V9.60.7.0 - SN: K1DZC-J84JUC
COPYRIGHT Copyright (C) 2012 - 2022 ARM Limited or its Affiliates. All rights reserved.
*** ERROR C202 IN LINE 27 OF .\src\Dri\Dri_Timer0.c: 's_ms_count': undefined identifier
*** ERROR C202 IN LINE 28 OF .\src\Dri\Dri_Timer0.c: 's_ms_count': undefined identifier
*** ERROR C202 IN LINE 31 OF .\src\Dri\Dri_Timer0.c: 's_ms_count': undefined identifier
*** ERROR C158 IN LINE 36 OF .\src\Dri\Dri_Timer0.c: '_Dri_Timer0_RegisterCallbackFunc': function contains unnamed parameter
*** ERROR C141 IN LINE 41 OF .\src\Dri\Dri_Timer0.c: syntax error near '}', expected '__asm'

C51 COMPILATION COMPLETE.  0 WARNING(S),  5 ERROR(S)

[2025-04-21 15:40:59]	compilation failed at : "e:\嵌入式\projects\P16_定时器_回调函数\src\Dri\Dri_Timer0.c", exit code: 2
command: 
  "E:\Program Files\Keil_v5\C51\BIN\C51.exe" .\src\Dri\Dri_Timer0.c OMF2 TABS(4) CODE NOCOND SYMBOLS PRINT(.\build\Release\.obj\src\Dri\Dri_Timer0.lst) INCDIR(../../../Program Files/Keil_v5/C51/INC;src;src/Int;src/Dri) DEFINE(__UVISION_VERSION='526') OPTIMIZE(8,SPEED) SMALL ROM(LARGE) OBJECT(.\build\Release\.obj\src\Dri\Dri_Timer0.o)
   at unify_builder.Program.Main(String[] args_)
---
C51 COMPILER V9.60.7.0 - SN: K1DZC-J84JUC
COPYRIGHT Copyright (C) 2012 - 2022 ARM Limited or its Affiliates. All rights reserved.
*** ERROR C158 IN LINE 30 OF .\src\Dri\Dri_Timer0.c: '_Dri_Timer0_RegisterCallbackFunc': function contains unnamed parameter

C51 COMPILATION COMPLETE.  0 WARNING(S),  1 ERROR(S)

[2025-04-21 15:42:09]	[done]
	build successfully !

[2025-04-21 15:44:44]	[done]
	build successfully !

[2025-04-21 15:47:08]	compilation failed at : "e:\嵌入式\projects\P16_定时器_回调函数\src\Dri\Dri_Timer0.c", exit code: 2
command: 
  "E:\Program Files\Keil_v5\C51\BIN\C51.exe" .\src\Dri\Dri_Timer0.c OMF2 TABS(4) CODE NOCOND SYMBOLS PRINT(.\build\Release\.obj\src\Dri\Dri_Timer0.lst) INCDIR(../../../Program Files/Keil_v5/C51/INC;src;src/Int;src/Dri) DEFINE(__UVISION_VERSION='526') OPTIMIZE(8,SPEED) SMALL ROM(LARGE) OBJECT(.\build\Release\.obj\src\Dri\Dri_Timer0.o)
   at unify_builder.Program.Main(String[] args_)
---
C51 COMPILER V9.60.7.0 - SN: K1DZC-J84JUC
COPYRIGHT Copyright (C) 2012 - 2022 ARM Limited or its Affiliates. All rights reserved.
*** ERROR C158 IN LINE 45 OF .\src\Dri\Dri_Timer0.c: '_Dri_Timer0_DeRegisterCallbackFunc': function contains unnamed parameter
*** ERROR C202 IN LINE 50 OF .\src\Dri\Dri_Timer0.c: 'func': undefined identifier
*** ERROR C211 IN LINE 67 OF .\src\Dri\Dri_Timer0.c: call not to a function

C51 COMPILATION COMPLETE.  0 WARNING(S),  3 ERROR(S)

[2025-04-21 15:47:23]	compilation failed at : "e:\嵌入式\projects\P16_定时器_回调函数\src\Dri\Dri_Timer0.c", exit code: 2
command: 
  "E:\Program Files\Keil_v5\C51\BIN\C51.exe" .\src\Dri\Dri_Timer0.c OMF2 TABS(4) CODE NOCOND SYMBOLS PRINT(.\build\Release\.obj\src\Dri\Dri_Timer0.lst) INCDIR(../../../Program Files/Keil_v5/C51/INC;src;src/Int;src/Dri) DEFINE(__UVISION_VERSION='526') OPTIMIZE(8,SPEED) SMALL ROM(LARGE) OBJECT(.\build\Release\.obj\src\Dri\Dri_Timer0.o)
   at unify_builder.Program.Main(String[] args_)
---
C51 COMPILER V9.60.7.0 - SN: K1DZC-J84JUC
COPYRIGHT Copyright (C) 2012 - 2022 ARM Limited or its Affiliates. All rights reserved.
*** ERROR C158 IN LINE 45 OF .\src\Dri\Dri_Timer0.c: '_Dri_Timer0_DeRegisterCallbackFunc': function contains unnamed parameter
*** ERROR C202 IN LINE 50 OF .\src\Dri\Dri_Timer0.c: 'func': undefined identifier

C51 COMPILATION COMPLETE.  0 WARNING(S),  2 ERROR(S)

[2025-04-21 15:47:44]	[done]
	build successfully !

[2025-04-21 15:47:52]	[done]
	build successfully !

[2025-04-21 15:53:24]	[done]
	build successfully !

[2025-04-21 16:08:22]	compilation failed at : "e:\嵌入式\projects\P16_定时器_回调函数\src\Int\Int_Digtal.c", exit code: 2
command: 
  "E:\Program Files\Keil_v5\C51\BIN\C51.exe" .\src\Int\Int_Digtal.c OMF2 TABS(4) CODE NOCOND SYMBOLS PRINT(.\build\Release\.obj\src\Int\Int_Digtal.lst) INCDIR(../../../Program Files/Keil_v5/C51/INC;src;src/Int;src/Dri) DEFINE(__UVISION_VERSION='526') OPTIMIZE(8,SPEED) SMALL ROM(LARGE) OBJECT(.\build\Release\.obj\src\Int\Int_Digtal.o)
   at unify_builder.Program.Main(String[] args_)
---
C51 COMPILER V9.60.7.0 - SN: K1DZC-J84JUC
COPYRIGHT Copyright (C) 2012 - 2022 ARM Limited or its Affiliates. All rights reserved.
*** ERROR C141 IN LINE 57 OF .\src\Int\Int_Digtal.c: syntax error near ')', expected ';'
*** ERROR C202 IN LINE 59 OF .\src\Int\Int_Digtal.c: 's_mum': undefined identifier

C51 COMPILATION COMPLETE.  0 WARNING(S),  2 ERROR(S)

[2025-04-21 16:08:34]	compilation failed at : "e:\嵌入式\projects\P16_定时器_回调函数\src\Int\Int_Digtal.c", exit code: 2
command: 
  "E:\Program Files\Keil_v5\C51\BIN\C51.exe" .\src\Int\Int_Digtal.c OMF2 TABS(4) CODE NOCOND SYMBOLS PRINT(.\build\Release\.obj\src\Int\Int_Digtal.lst) INCDIR(../../../Program Files/Keil_v5/C51/INC;src;src/Int;src/Dri) DEFINE(__UVISION_VERSION='526') OPTIMIZE(8,SPEED) SMALL ROM(LARGE) OBJECT(.\build\Release\.obj\src\Int\Int_Digtal.o)
   at unify_builder.Program.Main(String[] args_)
---
C51 COMPILER V9.60.7.0 - SN: K1DZC-J84JUC
COPYRIGHT Copyright (C) 2012 - 2022 ARM Limited or its Affiliates. All rights reserved.
*** ERROR C141 IN LINE 57 OF .\src\Int\Int_Digtal.c: syntax error near ')', expected ';'

C51 COMPILATION COMPLETE.  0 WARNING(S),  1 ERROR(S)

[2025-04-21 16:08:54]	compilation failed at : "e:\嵌入式\projects\P16_定时器_回调函数\src\Int\Int_Digtal.c", exit code: 2
command: 
  "E:\Program Files\Keil_v5\C51\BIN\C51.exe" .\src\Int\Int_Digtal.c OMF2 TABS(4) CODE NOCOND SYMBOLS PRINT(.\build\Release\.obj\src\Int\Int_Digtal.lst) INCDIR(../../../Program Files/Keil_v5/C51/INC;src;src/Int;src/Dri) DEFINE(__UVISION_VERSION='526') OPTIMIZE(8,SPEED) SMALL ROM(LARGE) OBJECT(.\build\Release\.obj\src\Int\Int_Digtal.o)
   at unify_builder.Program.Main(String[] args_)
---
C51 COMPILER V9.60.7.0 - SN: K1DZC-J84JUC
COPYRIGHT Copyright (C) 2012 - 2022 ARM Limited or its Affiliates. All rights reserved.
*** WARNING C206 IN LINE 68 OF .\src\Int\Int_Digtal.c: 'Dri_Timer0_RegisterCallbackFunc': missing function-prototype
*** ERROR C267 IN LINE 68 OF .\src\Int\Int_Digtal.c: 'Dri_Timer0_RegisterCallbackFunc': requires ANSI-style prototype

C51 COMPILATION COMPLETE.  1 WARNING(S),  1 ERROR(S)

[2025-04-21 16:09:15]	[done]
	build successfully !

[2025-04-21 16:11:42]	[done]
	build successfully !

[2025-04-21 16:52:48]	[done]
	build successfully !

