C51 COMPILER V9.60.7.0   DRI_UART                                                          04/28/2025 21:51:50 PAGE 1   


C51 COMPILER V9.60.7.0, COMPILATION OF MODULE DRI_UART
OBJECT MODULE PLACED IN .\build\Release\.obj\src\Int\Dri_Uart.o
COMPILER INVOKED BY: E:\Program Files\Keil_v5\C51\BIN\C51.exe .\src\Int\Dri_Uart.c OMF2 TABS(4) CODE NOCOND SYMBOLS PRIN
                    -T(.\build\Release\.obj\src\Int\Dri_Uart.lst) INCDIR(../../../Program Files/Keil_v5/C51/INC;src;src/Int) DEFINE(__UVISION
                    -_VERSION=526) OPTIMIZE(8,SPEED) SMALL ROM(LARGE) OBJECT(.\build\Release\.obj\src\Int\Dri_Uart.o)

line level    source

   1          #include "Dri_Uart.h"
   2          
   3          static char s_res;
   4          // 没有新数据为0，有新数据为1，正在发送为0，发送完毕为1
   5          static bit s_rdata_flag = 0, s_tdata_flag = 0;
   6          
   7          void Dri_Uart_Init()
   8          {
   9   1          // 中断总开关
  10   1          EA = 1;
  11   1          // 串口中断开关
  12   1          ES = 1;
  13   1      
  14   1          // 串口工作模式
  15   1          SM0 = 0;
  16   1          SM1 = 1;
  17   1          SM2 = 0;
  18   1          REN = 1;
  19   1          TI  = 1;
  20   1          RI  = 0;
  21   1      
  22   1          // 设置串口工作频率 SMOD
  23   1          PCON &= 0x7F;
  24   1      
  25   1          // 设置定时器1工作模式
  26   1          TMOD &= 0x0F;
  27   1          TMOD |= 0x20;
  28   1          TH1 = TL1 = 0xFD;
  29   1          TR1       = 1;
  30   1      }
  31          
  32          static void Dri_Uart_Func() interrupt 4
  33          {
  34   1          if (RI) {
  35   2              s_res        = SBUF;
  36   2              s_rdata_flag = 1;
  37   2              RI           = 0;
  38   2          } else {
  39   2              s_tdata_flag = 1;
  40   2              TI           = 0;
  41   2          }
  42   1      }
  43          
  44          unsigned char Dri_Uart_Rdata()
  45          {
  46   1          if (s_rdata_flag) {
  47   2              s_rdata_flag = 0;
  48   2              return s_res;
  49   2          }
  50   1          return 0;
  51   1      }
  52          
  53          void Dri_Uart_Tdata(unsigned char tdata)
C51 COMPILER V9.60.7.0   DRI_UART                                                          04/28/2025 21:51:50 PAGE 2   

  54          {
  55   1          while (!s_tdata_flag);
  56   1          s_tdata_flag = 0;
  57   1          SBUF         = tdata;
  58   1      }
C51 COMPILER V9.60.7.0   DRI_UART                                                          04/28/2025 21:51:50 PAGE 3   

ASSEMBLY LISTING OF GENERATED OBJECT CODE


             ; FUNCTION Dri_Uart_Init (BEGIN)
                                           ; SOURCE LINE # 7
                                           ; SOURCE LINE # 8
                                           ; SOURCE LINE # 10
0000 D2AF              SETB    EA
                                           ; SOURCE LINE # 12
0002 D2AC              SETB    ES
                                           ; SOURCE LINE # 15
0004 C29F              CLR     SM0
                                           ; SOURCE LINE # 16
0006 D29E              SETB    SM1
                                           ; SOURCE LINE # 17
0008 C29D              CLR     SM2
                                           ; SOURCE LINE # 18
000A D29C              SETB    REN
                                           ; SOURCE LINE # 19
000C D299              SETB    TI
                                           ; SOURCE LINE # 20
000E C298              CLR     RI
                                           ; SOURCE LINE # 23
0010 53877F            ANL     PCON,#07FH
                                           ; SOURCE LINE # 26
0013 53890F            ANL     TMOD,#0FH
                                           ; SOURCE LINE # 27
0016 438920            ORL     TMOD,#020H
                                           ; SOURCE LINE # 28
0019 758BFD            MOV     TL1,#0FDH
001C 758DFD            MOV     TH1,#0FDH
                                           ; SOURCE LINE # 29
001F D28E              SETB    TR1
                                           ; SOURCE LINE # 30
0021 22                RET     
             ; FUNCTION Dri_Uart_Init (END)

             ; FUNCTION Dri_Uart_Func (BEGIN)
                                           ; SOURCE LINE # 32
                                           ; SOURCE LINE # 34
0000 309808            JNB     RI,?C0002
                                           ; SOURCE LINE # 35
0003 859900      R     MOV     s_res,SBUF
                                           ; SOURCE LINE # 36
0006 D200        R     SETB    s_rdata_flag
                                           ; SOURCE LINE # 37
0008 C298              CLR     RI
                                           ; SOURCE LINE # 38
000A 32                RETI    
000B         ?C0002:
                                           ; SOURCE LINE # 39
000B D200        R     SETB    s_tdata_flag
                                           ; SOURCE LINE # 40
000D C299              CLR     TI
                                           ; SOURCE LINE # 41
                                           ; SOURCE LINE # 42
000F         ?C0004:
000F 32                RETI    
             ; FUNCTION Dri_Uart_Func (END)

             ; FUNCTION Dri_Uart_Rdata (BEGIN)
                                           ; SOURCE LINE # 44
C51 COMPILER V9.60.7.0   DRI_UART                                                          04/28/2025 21:51:50 PAGE 4   

                                           ; SOURCE LINE # 45
                                           ; SOURCE LINE # 46
0000 300005            JNB     s_rdata_flag,?C0005
                                           ; SOURCE LINE # 47
0003 C200        R     CLR     s_rdata_flag
                                           ; SOURCE LINE # 48
0005 AF00        R     MOV     R7,s_res
0007 22                RET     
                                           ; SOURCE LINE # 49
0008         ?C0005:
                                           ; SOURCE LINE # 50
0008 7F00              MOV     R7,#00H
                                           ; SOURCE LINE # 51
000A         ?C0006:
000A 22                RET     
             ; FUNCTION Dri_Uart_Rdata (END)

             ; FUNCTION _Dri_Uart_Tdata (BEGIN)
                                           ; SOURCE LINE # 53
;---- Variable 'tdata' assigned to Register 'R7' ----
                                           ; SOURCE LINE # 54
0000         ?C0007:
                                           ; SOURCE LINE # 55
0000 3000FD            JNB     s_tdata_flag,?C0007
                                           ; SOURCE LINE # 56
0003 C200        R     CLR     s_tdata_flag
                                           ; SOURCE LINE # 57
0005 8F99              MOV     SBUF,R7
                                           ; SOURCE LINE # 58
0007 22                RET     
             ; FUNCTION _Dri_Uart_Tdata (END)

C51 COMPILER V9.60.7.0   DRI_UART                                                          04/28/2025 21:51:50 PAGE 5   

NAME                                    CLASS   MSPACE  TYPE    OFFSET  SIZE
====                                    =====   ======  ====    ======  ====


P0 . . . . . . . . . . . . . . . . . .  SFR      DATA   U_CHAR   0080H  1
P1 . . . . . . . . . . . . . . . . . .  SFR      DATA   U_CHAR   0090H  1
P2 . . . . . . . . . . . . . . . . . .  SFR      DATA   U_CHAR   00A0H  1
P3 . . . . . . . . . . . . . . . . . .  SFR      DATA   U_CHAR   00B0H  1
XICON. . . . . . . . . . . . . . . . .  SFR      DATA   U_CHAR   00C0H  1
T0 . . . . . . . . . . . . . . . . . .  ABSBIT   -----  BIT      00B4H  1
AC . . . . . . . . . . . . . . . . . .  ABSBIT   -----  BIT      00D6H  1
P4 . . . . . . . . . . . . . . . . . .  SFR      DATA   U_CHAR   00E8H  1
T1 . . . . . . . . . . . . . . . . . .  ABSBIT   -----  BIT      00B5H  1
ISP_TRIG . . . . . . . . . . . . . . .  SFR      DATA   U_CHAR   00E6H  1
T2 . . . . . . . . . . . . . . . . . .  ABSBIT   -----  BIT      0090H  1
EA . . . . . . . . . . . . . . . . . .  ABSBIT   -----  BIT      00AFH  1
EC . . . . . . . . . . . . . . . . . .  ABSBIT   -----  BIT      00AEH  1
FE . . . . . . . . . . . . . . . . . .  ABSBIT   -----  BIT      009FH  1
Dri_Uart_Func. . . . . . . . . . . . .  STATIC   CODE   PROC     0000H  -----
IE . . . . . . . . . . . . . . . . . .  SFR      DATA   U_CHAR   00A8H  1
Dri_Uart_Init. . . . . . . . . . . . .  PUBLIC   CODE   PROC     0000H  -----
EXF2 . . . . . . . . . . . . . . . . .  ABSBIT   -----  BIT      00CEH  1
RD . . . . . . . . . . . . . . . . . .  ABSBIT   -----  BIT      00B7H  1
ES . . . . . . . . . . . . . . . . . .  ABSBIT   -----  BIT      00ACH  1
IP . . . . . . . . . . . . . . . . . .  SFR      DATA   U_CHAR   00B8H  1
RI . . . . . . . . . . . . . . . . . .  ABSBIT   -----  BIT      0098H  1
INT0 . . . . . . . . . . . . . . . . .  ABSBIT   -----  BIT      00B2H  1
CY . . . . . . . . . . . . . . . . . .  ABSBIT   -----  BIT      00D7H  1
TI . . . . . . . . . . . . . . . . . .  ABSBIT   -----  BIT      0099H  1
INT1 . . . . . . . . . . . . . . . . .  ABSBIT   -----  BIT      00B3H  1
s_res. . . . . . . . . . . . . . . . .  STATIC   DATA   CHAR     0000H  1
RCAP2H . . . . . . . . . . . . . . . .  SFR      DATA   U_CHAR   00CBH  1
ISP_CMD. . . . . . . . . . . . . . . .  SFR      DATA   U_CHAR   00E5H  1
PS . . . . . . . . . . . . . . . . . .  ABSBIT   -----  BIT      00BCH  1
SP . . . . . . . . . . . . . . . . . .  SFR      DATA   U_CHAR   0081H  1
T2EX . . . . . . . . . . . . . . . . .  ABSBIT   -----  BIT      0091H  1
OV . . . . . . . . . . . . . . . . . .  ABSBIT   -----  BIT      00D2H  1
RCAP2L . . . . . . . . . . . . . . . .  SFR      DATA   U_CHAR   00CAH  1
C_T2 . . . . . . . . . . . . . . . . .  ABSBIT   -----  BIT      00C9H  1
WR . . . . . . . . . . . . . . . . . .  ABSBIT   -----  BIT      00B6H  1
RCLK . . . . . . . . . . . . . . . . .  ABSBIT   -----  BIT      00CDH  1
TCLK . . . . . . . . . . . . . . . . .  ABSBIT   -----  BIT      00CCH  1
P00. . . . . . . . . . . . . . . . . .  ABSBIT   -----  BIT      0080H  1
SBUF . . . . . . . . . . . . . . . . .  SFR      DATA   U_CHAR   0099H  1
PCON . . . . . . . . . . . . . . . . .  SFR      DATA   U_CHAR   0087H  1
P10. . . . . . . . . . . . . . . . . .  ABSBIT   -----  BIT      0090H  1
P01. . . . . . . . . . . . . . . . . .  ABSBIT   -----  BIT      0081H  1
P20. . . . . . . . . . . . . . . . . .  ABSBIT   -----  BIT      00A0H  1
P11. . . . . . . . . . . . . . . . . .  ABSBIT   -----  BIT      0091H  1
P02. . . . . . . . . . . . . . . . . .  ABSBIT   -----  BIT      0082H  1
ISP_ADDRH. . . . . . . . . . . . . . .  SFR      DATA   U_CHAR   00E3H  1
P30. . . . . . . . . . . . . . . . . .  ABSBIT   -----  BIT      00B0H  1
P21. . . . . . . . . . . . . . . . . .  ABSBIT   -----  BIT      00A1H  1
P12. . . . . . . . . . . . . . . . . .  ABSBIT   -----  BIT      0092H  1
P03. . . . . . . . . . . . . . . . . .  ABSBIT   -----  BIT      0083H  1
SCON . . . . . . . . . . . . . . . . .  SFR      DATA   U_CHAR   0098H  1
P31. . . . . . . . . . . . . . . . . .  ABSBIT   -----  BIT      00B1H  1
P22. . . . . . . . . . . . . . . . . .  ABSBIT   -----  BIT      00A2H  1
P13. . . . . . . . . . . . . . . . . .  ABSBIT   -----  BIT      0093H  1
P04. . . . . . . . . . . . . . . . . .  ABSBIT   -----  BIT      0084H  1
P40. . . . . . . . . . . . . . . . . .  ABSBIT   -----  BIT      00E8H  1
C51 COMPILER V9.60.7.0   DRI_UART                                                          04/28/2025 21:51:50 PAGE 6   

NAME                                    CLASS   MSPACE  TYPE    OFFSET  SIZE
====                                    =====   ======  ====    ======  ====


TMOD . . . . . . . . . . . . . . . . .  SFR      DATA   U_CHAR   0089H  1
TCON . . . . . . . . . . . . . . . . .  SFR      DATA   U_CHAR   0088H  1
P32. . . . . . . . . . . . . . . . . .  ABSBIT   -----  BIT      00B2H  1
P23. . . . . . . . . . . . . . . . . .  ABSBIT   -----  BIT      00A3H  1
P14. . . . . . . . . . . . . . . . . .  ABSBIT   -----  BIT      0094H  1
P05. . . . . . . . . . . . . . . . . .  ABSBIT   -----  BIT      0085H  1
P41. . . . . . . . . . . . . . . . . .  ABSBIT   -----  BIT      00E9H  1
P33. . . . . . . . . . . . . . . . . .  ABSBIT   -----  BIT      00B3H  1
P24. . . . . . . . . . . . . . . . . .  ABSBIT   -----  BIT      00A4H  1
P15. . . . . . . . . . . . . . . . . .  ABSBIT   -----  BIT      0095H  1
P06. . . . . . . . . . . . . . . . . .  ABSBIT   -----  BIT      0086H  1
ISP_ADDRL. . . . . . . . . . . . . . .  SFR      DATA   U_CHAR   00E4H  1
P42. . . . . . . . . . . . . . . . . .  ABSBIT   -----  BIT      00EAH  1
P34. . . . . . . . . . . . . . . . . .  ABSBIT   -----  BIT      00B4H  1
P25. . . . . . . . . . . . . . . . . .  ABSBIT   -----  BIT      00A5H  1
P16. . . . . . . . . . . . . . . . . .  ABSBIT   -----  BIT      0096H  1
P07. . . . . . . . . . . . . . . . . .  ABSBIT   -----  BIT      0087H  1
P43. . . . . . . . . . . . . . . . . .  ABSBIT   -----  BIT      00EBH  1
P35. . . . . . . . . . . . . . . . . .  ABSBIT   -----  BIT      00B5H  1
P26. . . . . . . . . . . . . . . . . .  ABSBIT   -----  BIT      00A6H  1
P17. . . . . . . . . . . . . . . . . .  ABSBIT   -----  BIT      0097H  1
P44. . . . . . . . . . . . . . . . . .  ABSBIT   -----  BIT      00ECH  1
P36. . . . . . . . . . . . . . . . . .  ABSBIT   -----  BIT      00B6H  1
P27. . . . . . . . . . . . . . . . . .  ABSBIT   -----  BIT      00A7H  1
P45. . . . . . . . . . . . . . . . . .  ABSBIT   -----  BIT      00EDH  1
P37. . . . . . . . . . . . . . . . . .  ABSBIT   -----  BIT      00B7H  1
P46. . . . . . . . . . . . . . . . . .  ABSBIT   -----  BIT      00EEH  1
IE0. . . . . . . . . . . . . . . . . .  ABSBIT   -----  BIT      0089H  1
IE1. . . . . . . . . . . . . . . . . .  ABSBIT   -----  BIT      008BH  1
AUXR . . . . . . . . . . . . . . . . .  SFR      DATA   U_CHAR   008EH  1
B. . . . . . . . . . . . . . . . . . .  SFR      DATA   U_CHAR   00F0H  1
CP_RL2 . . . . . . . . . . . . . . . .  ABSBIT   -----  BIT      00C8H  1
ACC. . . . . . . . . . . . . . . . . .  SFR      DATA   U_CHAR   00E0H  1
ET0. . . . . . . . . . . . . . . . . .  ABSBIT   -----  BIT      00A9H  1
ET1. . . . . . . . . . . . . . . . . .  ABSBIT   -----  BIT      00ABH  1
TF0. . . . . . . . . . . . . . . . . .  ABSBIT   -----  BIT      008DH  1
ET2. . . . . . . . . . . . . . . . . .  ABSBIT   -----  BIT      00ADH  1
TF1. . . . . . . . . . . . . . . . . .  ABSBIT   -----  BIT      008FH  1
TF2. . . . . . . . . . . . . . . . . .  ABSBIT   -----  BIT      00CFH  1
RB8. . . . . . . . . . . . . . . . . .  ABSBIT   -----  BIT      009AH  1
TH0. . . . . . . . . . . . . . . . . .  SFR      DATA   U_CHAR   008CH  1
EX0. . . . . . . . . . . . . . . . . .  ABSBIT   -----  BIT      00A8H  1
IT0. . . . . . . . . . . . . . . . . .  ABSBIT   -----  BIT      0088H  1
TH1. . . . . . . . . . . . . . . . . .  SFR      DATA   U_CHAR   008DH  1
TB8. . . . . . . . . . . . . . . . . .  ABSBIT   -----  BIT      009BH  1
EX1. . . . . . . . . . . . . . . . . .  ABSBIT   -----  BIT      00AAH  1
IT1. . . . . . . . . . . . . . . . . .  ABSBIT   -----  BIT      008AH  1
TH2. . . . . . . . . . . . . . . . . .  SFR      DATA   U_CHAR   00CDH  1
P. . . . . . . . . . . . . . . . . . .  ABSBIT   -----  BIT      00D0H  1
SM0. . . . . . . . . . . . . . . . . .  ABSBIT   -----  BIT      009FH  1
TL0. . . . . . . . . . . . . . . . . .  SFR      DATA   U_CHAR   008AH  1
SM1. . . . . . . . . . . . . . . . . .  ABSBIT   -----  BIT      009EH  1
TL1. . . . . . . . . . . . . . . . . .  SFR      DATA   U_CHAR   008BH  1
SM2. . . . . . . . . . . . . . . . . .  ABSBIT   -----  BIT      009DH  1
TL2. . . . . . . . . . . . . . . . . .  SFR      DATA   U_CHAR   00CCH  1
PT0. . . . . . . . . . . . . . . . . .  ABSBIT   -----  BIT      00B9H  1
PT1. . . . . . . . . . . . . . . . . .  ABSBIT   -----  BIT      00BBH  1
C51 COMPILER V9.60.7.0   DRI_UART                                                          04/28/2025 21:51:50 PAGE 7   

NAME                                    CLASS   MSPACE  TYPE    OFFSET  SIZE
====                                    =====   ======  ====    ======  ====


RS0. . . . . . . . . . . . . . . . . .  ABSBIT   -----  BIT      00D3H  1
ISP_CONTR. . . . . . . . . . . . . . .  SFR      DATA   U_CHAR   00E7H  1
PT2. . . . . . . . . . . . . . . . . .  ABSBIT   -----  BIT      00BDH  1
TR0. . . . . . . . . . . . . . . . . .  ABSBIT   -----  BIT      008CH  1
RS1. . . . . . . . . . . . . . . . . .  ABSBIT   -----  BIT      00D4H  1
TR1. . . . . . . . . . . . . . . . . .  ABSBIT   -----  BIT      008EH  1
TR2. . . . . . . . . . . . . . . . . .  ABSBIT   -----  BIT      00CAH  1
PX0. . . . . . . . . . . . . . . . . .  ABSBIT   -----  BIT      00B8H  1
WDT_CONTR. . . . . . . . . . . . . . .  SFR      DATA   U_CHAR   00E1H  1
PX1. . . . . . . . . . . . . . . . . .  ABSBIT   -----  BIT      00BAH  1
DPH. . . . . . . . . . . . . . . . . .  SFR      DATA   U_CHAR   0083H  1
s_rdata_flag . . . . . . . . . . . . .  STATIC   DATA   BIT      0000H  1
DPL. . . . . . . . . . . . . . . . . .  SFR      DATA   U_CHAR   0082H  1
s_tdata_flag . . . . . . . . . . . . .  STATIC   DATA   BIT      0001H  1
IPH. . . . . . . . . . . . . . . . . .  SFR      DATA   U_CHAR   00B7H  1
EXEN2. . . . . . . . . . . . . . . . .  ABSBIT   -----  BIT      00CBH  1
REN. . . . . . . . . . . . . . . . . .  ABSBIT   -----  BIT      009CH  1
T2MOD. . . . . . . . . . . . . . . . .  SFR      DATA   U_CHAR   00C9H  1
T2CON. . . . . . . . . . . . . . . . .  SFR      DATA   U_CHAR   00C8H  1
ISP_DATA . . . . . . . . . . . . . . .  SFR      DATA   U_CHAR   00E2H  1
SADEN. . . . . . . . . . . . . . . . .  SFR      DATA   U_CHAR   00B9H  1
Dri_Uart_Rdata . . . . . . . . . . . .  PUBLIC   CODE   PROC     0000H  -----
RXD. . . . . . . . . . . . . . . . . .  ABSBIT   -----  BIT      00B0H  1
SADDR. . . . . . . . . . . . . . . . .  SFR      DATA   U_CHAR   00A9H  1
_Dri_Uart_Tdata. . . . . . . . . . . .  PUBLIC   CODE   PROC     0000H  -----
  tdata. . . . . . . . . . . . . . . .  * REG *  DATA   U_CHAR   0007H  1
TXD. . . . . . . . . . . . . . . . . .  ABSBIT   -----  BIT      00B1H  1
AUXR1. . . . . . . . . . . . . . . . .  SFR      DATA   U_CHAR   00A2H  1
F0 . . . . . . . . . . . . . . . . . .  ABSBIT   -----  BIT      00D5H  1
F1 . . . . . . . . . . . . . . . . . .  ABSBIT   -----  BIT      00D1H  1
PSW. . . . . . . . . . . . . . . . . .  SFR      DATA   U_CHAR   00D0H  1


MODULE INFORMATION:   STATIC OVERLAYABLE
   CODE SIZE        =     72    ----
   CONSTANT SIZE    =   ----    ----
   XDATA SIZE       =   ----    ----
   PDATA SIZE       =   ----    ----
   DATA SIZE        =      1    ----
   IDATA SIZE       =   ----    ----
   BIT SIZE         =      2    ----
   EDATA SIZE       =   ----    ----
   HDATA SIZE       =   ----    ----
   XDATA CONST SIZE =   ----    ----
   FAR CONST SIZE   =   ----    ----
END OF MODULE INFORMATION.


C51 COMPILATION COMPLETE.  0 WARNING(S),  0 ERROR(S)
