[2025-04-22 23:13:17]	compilation failed at : "e:\嵌入式\projects\P18_点阵屏移动\src\Int\Int_MatrixLed.c", exit code: 2
command: 
  "E:\Program Files\Keil_v5\C51\BIN\C51.exe" .\src\Int\Int_MatrixLed.c OMF2 TABS(4) CODE NOCOND SYMBOLS PRINT(.\build\Release\.obj\src\Int\Int_MatrixLed.lst) INCDIR(../../../Program Files/Keil_v5/C51/INC;src;src/Int) DEFINE(__UVISION_VERSION='526') OPTIMIZE(8,SPEED) SMALL ROM(LARGE) OBJECT(.\build\Release\.obj\src\Int\Int_MatrixLed.o)
   at unify_builder.Program.Main(String[] args_)
---
C51 COMPILER V9.60.7.0 - SN: K1DZC-J84JUC
COPYRIGHT Copyright (C) 2012 - 2022 ARM Limited or its Affiliates. All rights reserved.
*** ERROR C141 IN LINE 12 OF .\src\Int\Int_MatrixLed.h: syntax error near ')', expected '<id>'
*** ERROR C141 IN LINE 5 OF .\src\Int\Int_MatrixLed.c: syntax error near ')', expected '<id>'
*** ERROR C141 IN LINE 12 OF .\src\Int\Int_MatrixLed.c: syntax error near 'code', expected 'sizeof'
*** ERROR C202 IN LINE 21 OF .\src\Int\Int_MatrixLed.c: 'P10': undefined identifier
*** ERROR C202 IN LINE 23 OF .\src\Int\Int_MatrixLed.c: 'P10': undefined identifier
*** ERROR C202 IN LINE 25 OF .\src\Int\Int_MatrixLed.c: 'P12': undefined identifier
*** ERROR C202 IN LINE 26 OF .\src\Int\Int_MatrixLed.c: 'P12': undefined identifier
*** ERROR C202 IN LINE 27 OF .\src\Int\Int_MatrixLed.c: 'P11': undefined identifier
*** ERROR C202 IN LINE 28 OF .\src\Int\Int_MatrixLed.c: 'P11': undefined identifier
*** ERROR C202 IN LINE 30 OF .\src\Int\Int_MatrixLed.c: 'P0': undefined identifier

C51 COMPILATION COMPLETE.  0 WARNING(S),  10 ERROR(S)

[2025-04-22 23:14:29]	compilation failed at : "e:\嵌入式\projects\P18_点阵屏移动\src\Int\Int_MatrixLed.c", exit code: 2
command: 
  "E:\Program Files\Keil_v5\C51\BIN\C51.exe" .\src\Int\Int_MatrixLed.c OMF2 TABS(4) CODE NOCOND SYMBOLS PRINT(.\build\Release\.obj\src\Int\Int_MatrixLed.lst) INCDIR(../../../Program Files/Keil_v5/C51/INC;src;src/Int) DEFINE(__UVISION_VERSION='526') OPTIMIZE(8,SPEED) SMALL ROM(LARGE) OBJECT(.\build\Release\.obj\src\Int\Int_MatrixLed.o)
   at unify_builder.Program.Main(String[] args_)
---
C51 COMPILER V9.60.7.0 - SN: K1DZC-J84JUC
COPYRIGHT Copyright (C) 2012 - 2022 ARM Limited or its Affiliates. All rights reserved.
*** ERROR C141 IN LINE 14 OF .\src\Int\Int_MatrixLed.h: syntax error near ')', expected '<id>'
*** ERROR C141 IN LINE 5 OF .\src\Int\Int_MatrixLed.c: syntax error near ')', expected '<id>'
*** ERROR C141 IN LINE 12 OF .\src\Int\Int_MatrixLed.c: syntax error near 'code', expected 'sizeof'

C51 COMPILATION COMPLETE.  0 WARNING(S),  3 ERROR(S)

[2025-04-22 23:15:09]	compilation failed at : "e:\嵌入式\projects\P18_点阵屏移动\src\Int\Int_MatrixLed.c", exit code: 2
command: 
  "E:\Program Files\Keil_v5\C51\BIN\C51.exe" .\src\Int\Int_MatrixLed.c OMF2 TABS(4) CODE NOCOND SYMBOLS PRINT(.\build\Release\.obj\src\Int\Int_MatrixLed.lst) INCDIR(../../../Program Files/Keil_v5/C51/INC;src;src/Int) DEFINE(__UVISION_VERSION='526') OPTIMIZE(8,SPEED) SMALL ROM(LARGE) OBJECT(.\build\Release\.obj\src\Int\Int_MatrixLed.o)
   at unify_builder.Program.Main(String[] args_)
---
C51 COMPILER V9.60.7.0 - SN: K1DZC-J84JUC
COPYRIGHT Copyright (C) 2012 - 2022 ARM Limited or its Affiliates. All rights reserved.
*** ERROR C141 IN LINE 13 OF .\src\Int\Int_MatrixLed.h: syntax error near ')', expected '<id>'
*** ERROR C141 IN LINE 5 OF .\src\Int\Int_MatrixLed.c: syntax error near ')', expected '<id>'
*** ERROR C141 IN LINE 12 OF .\src\Int\Int_MatrixLed.c: syntax error near 'code', expected 'sizeof'

C51 COMPILATION COMPLETE.  0 WARNING(S),  3 ERROR(S)

[2025-04-22 23:15:44]	compilation failed at : "e:\嵌入式\projects\P18_点阵屏移动\src\Int\Int_MatrixLed.c", exit code: 2
command: 
  "E:\Program Files\Keil_v5\C51\BIN\C51.exe" .\src\Int\Int_MatrixLed.c OMF2 TABS(4) CODE NOCOND SYMBOLS PRINT(.\build\Release\.obj\src\Int\Int_MatrixLed.lst) INCDIR(../../../Program Files/Keil_v5/C51/INC;src;src/Int) DEFINE(__UVISION_VERSION='526') OPTIMIZE(8,SPEED) SMALL ROM(LARGE) OBJECT(.\build\Release\.obj\src\Int\Int_MatrixLed.o)
   at unify_builder.Program.Main(String[] args_)
---
C51 COMPILER V9.60.7.0 - SN: K1DZC-J84JUC
COPYRIGHT Copyright (C) 2012 - 2022 ARM Limited or its Affiliates. All rights reserved.
*** ERROR C141 IN LINE 13 OF .\src\Int\Int_MatrixLed.h: syntax error near ')', expected '<id>'
*** ERROR C141 IN LINE 5 OF .\src\Int\Int_MatrixLed.c: syntax error near ')', expected '<id>'
*** ERROR C141 IN LINE 12 OF .\src\Int\Int_MatrixLed.c: syntax error near 'code', expected 'sizeof'

C51 COMPILATION COMPLETE.  0 WARNING(S),  3 ERROR(S)

[2025-04-22 23:16:40]	[done]
	build successfully !

[2025-04-22 23:18:13]	[done]
	build successfully !

[2025-04-22 23:18:21]	[done]
	build successfully !

[2025-04-22 23:20:08]	[done]
	build successfully !

[2025-04-22 23:21:04]	[done]
	build successfully !

[2025-04-22 23:22:10]	[done]
	build successfully !

[2025-04-22 23:22:27]	[done]
	build successfully !

[2025-04-22 23:23:31]	[done]
	build successfully !

[2025-04-23 13:13:42]	[done]
	build successfully !

[2025-04-23 13:14:10]	[done]
	build successfully !

[2025-04-23 14:00:09]	[done]
	build successfully !

[2025-04-23 14:01:45]	[done]
	build successfully !

[2025-04-23 14:07:13]	[done]
	build successfully !

[2025-04-23 14:07:43]	[done]
	build successfully !

[2025-04-23 14:08:01]	[done]
	build successfully !

[2025-04-23 14:09:22]	[done]
	build successfully !

[2025-04-23 16:35:37]	[done]
	build successfully !

