[2025-04-20 20:48:23]	[done]
	build successfully !

[2025-04-20 21:03:53]	[done]
	build successfully !

[2025-04-20 21:05:55]	compilation failed at : "e:\嵌入式\projects\P16_定时器\src\Dri\Dri_Time0.c", exit code: 2
command: 
  "E:\Program Files\Keil_v5\C51\BIN\C51.exe" .\src\Dri\Dri_Time0.c OMF2 TABS(4) CODE NOCOND SYMBOLS PRINT(.\build\Release\.obj\src\Dri\Dri_Time0.lst) INCDIR(../../../Program Files/Keil_v5/C51/INC;src;src/Int;src/Dri;src/Com) DEFINE(__UVISION_VERSION='526') OPTIMIZE(8,SPEED) SMALL ROM(LARGE) OBJECT(.\build\Release\.obj\src\Dri\Dri_Time0.o)
   at unify_builder.Program.Main(String[] args_)
---
C51 COMPILER V9.60.7.0 - SN: K1DZC-J84JUC
COPYRIGHT Copyright (C) 2012 - 2022 ARM Limited or its Affiliates. All rights reserved.
*** ERROR C141 IN LINE 8 OF .\src\Dri\Dri_Time0.h: syntax error near ';', expected 'hdata'

C51 COMPILATION COMPLETE.  0 WARNING(S),  1 ERROR(S)

[2025-04-20 21:06:15]	[done]
	build successfully !

[2025-04-20 21:08:14]	[done]
	build successfully !

[2025-04-20 21:09:17]	[done]
	build successfully !

[2025-04-20 21:09:49]	compilation failed at : "e:\嵌入式\projects\P16_定时器\src\main.c", exit code: 2
command: 
  "E:\Program Files\Keil_v5\C51\BIN\C51.exe" .\src\main.c OMF2 TABS(4) CODE NOCOND SYMBOLS PRINT(.\build\Release\.obj\src\main.lst) INCDIR(../../../Program Files/Keil_v5/C51/INC;src;src/Int;src/Dri;src/Com) DEFINE(__UVISION_VERSION='526') OPTIMIZE(8,SPEED) SMALL ROM(LARGE) OBJECT(.\build\Release\.obj\src\main.o)
   at unify_builder.Program.Main(String[] args_)
---
C51 COMPILER V9.60.7.0 - SN: K1DZC-J84JUC
COPYRIGHT Copyright (C) 2012 - 2022 ARM Limited or its Affiliates. All rights reserved.
*** ERROR C202 IN LINE 5 OF .\src\main.c: 'SMG_EN': undefined identifier
*** ERROR C202 IN LINE 6 OF .\src\main.c: 'LED_EN': undefined identifier

C51 COMPILATION COMPLETE.  0 WARNING(S),  2 ERROR(S)

[2025-04-20 21:10:23]	[done]
	build successfully !

[2025-04-20 22:34:09]	[done]
	build successfully !

