[2025-04-16 20:05:48]	[done]
	build successfully !

[2025-04-16 20:06:01]	[done]
	build successfully !

[2025-04-16 20:06:19]	[done]
	build successfully !

[2025-04-16 20:06:28]	[done]
	build successfully !

[2025-04-16 20:07:04]	[done]
	build successfully !

[2025-04-16 20:07:20]	[done]
	build successfully !

[2025-04-16 20:07:38]	[done]
	build successfully !

[2025-04-16 20:07:48]	[done]
	build successfully !

[2025-04-16 20:07:55]	[done]
	build successfully !

[2025-04-16 20:08:41]	[done]
	build successfully !

[2025-04-16 20:08:50]	[done]
	build successfully !

[2025-04-16 20:09:03]	[done]
	build successfully !

[2025-04-16 20:10:11]	[done]
	build successfully !

[2025-04-16 20:19:57]	[done]
	build successfully !

[2025-04-16 20:47:48]	[done]
	build successfully !

[2025-04-16 20:48:53]	compilation failed at : "e:\嵌入式\projects\P07_动态数码管\src\main.c", exit code: 2
command: 
  "E:\Program Files\Keil_v5\C51\BIN\C51.exe" .\src\main.c OMF2 TABS(4) CODE NOCOND SYMBOLS PRINT(.\build\Release\.obj\src\main.lst) INCDIR(../../../Program Files/Keil_v5/C51/INC) DEFINE(__UVISION_VERSION='526') OPTIMIZE(8,SPEED) SMALL ROM(LARGE) OBJECT(.\build\Release\.obj\src\main.o)
   at unify_builder.Program.Main(String[] args_)
---
C51 COMPILER V9.60.7.0 - SN: K1DZC-J84JUC
COPYRIGHT Copyright (C) 2012 - 2022 ARM Limited or its Affiliates. All rights reserved.
*** WARNING C280 IN LINE 59 OF .\src\main.c: 'num': unreferenced local variable
*** ERROR C141 IN LINE 61 OF .\src\main.c: syntax error near ';', expected 'hdata'

C51 COMPILATION COMPLETE.  1 WARNING(S),  1 ERROR(S)

[2025-04-16 20:49:02]	[done]
	build successfully !

[2025-04-16 20:49:43]	[done]
	build successfully !

[2025-04-16 20:50:07]	[done]
	build successfully !

[2025-04-16 20:50:37]	[done]
	build successfully !

[2025-04-16 20:50:53]	[done]
	build successfully !

[2025-04-16 20:51:01]	[done]
	build successfully !

[2025-04-16 20:51:30]	[done]
	build successfully !

[2025-04-16 20:51:52]	[done]
	build successfully !

[2025-04-16 20:52:08]	[done]
	build successfully !

[2025-04-16 20:52:37]	[done]
	build successfully !

[2025-04-16 20:53:06]	[done]
	build successfully !

[2025-04-16 20:53:36]	[done]
	build successfully !

[2025-04-16 20:53:53]	[done]
	build successfully !

[2025-04-16 20:54:12]	[done]
	build successfully !

[2025-04-16 20:54:26]	[done]
	build successfully !

[2025-04-16 20:57:50]	compilation failed at : "e:\嵌入式\projects\P07_动态数码管\src\main.c", exit code: 2
command: 
  "E:\Program Files\Keil_v5\C51\BIN\C51.exe" .\src\main.c OMF2 TABS(4) CODE NOCOND SYMBOLS PRINT(.\build\Release\.obj\src\main.lst) INCDIR(../../../Program Files/Keil_v5/C51/INC) DEFINE(__UVISION_VERSION='526') OPTIMIZE(8,SPEED) SMALL ROM(LARGE) OBJECT(.\build\Release\.obj\src\main.o)
   at unify_builder.Program.Main(String[] args_)
---
C51 COMPILER V9.60.7.0 - SN: K1DZC-J84JUC
COPYRIGHT Copyright (C) 2012 - 2022 ARM Limited or its Affiliates. All rights reserved.
*** WARNING C318 IN LINE 88 OF .\src\main.c: can't open file 'STC89C5xRC.H'
*** ERROR C202 IN LINE 135 OF .\src\main.c: 'P0': undefined identifier
*** ERROR C202 IN LINE 138 OF .\src\main.c: 'P1': undefined identifier
*** ERROR C202 IN LINE 139 OF .\src\main.c: 'P1': undefined identifier
*** ERROR C202 IN LINE 142 OF .\src\main.c: 'P0': undefined identifier
*** ERROR C202 IN LINE 185 OF .\src\main.c: 'P36': undefined identifier
*** ERROR C202 IN LINE 186 OF .\src\main.c: 'P34': undefined identifier

C51 COMPILATION COMPLETE.  1 WARNING(S),  6 ERROR(S)

[2025-04-16 20:58:07]	[done]
	build successfully !

[2025-04-16 21:00:05]	[done]
	build successfully !

[2025-04-16 21:00:12]	[done]
	build successfully !

[2025-04-16 21:00:30]	[done]
	build successfully !

[2025-04-16 21:02:35]	compilation failed at : "e:\嵌入式\projects\P07_动态数码管\src\main.c", exit code: 2
command: 
  "E:\Program Files\Keil_v5\C51\BIN\C51.exe" .\src\main.c OMF2 TABS(4) CODE NOCOND SYMBOLS PRINT(.\build\Release\.obj\src\main.lst) INCDIR(../../../Program Files/Keil_v5/C51/INC) DEFINE(__UVISION_VERSION='526') OPTIMIZE(8,SPEED) SMALL ROM(LARGE) OBJECT(.\build\Release\.obj\src\main.o)
   at unify_builder.Program.Main(String[] args_)
---
C51 COMPILER V9.60.7.0 - SN: K1DZC-J84JUC
COPYRIGHT Copyright (C) 2012 - 2022 ARM Limited or its Affiliates. All rights reserved.
*** WARNING C318 IN LINE 88 OF .\src\main.c: can't open file 'STC89C5xRC.H'
*** ERROR C202 IN LINE 135 OF .\src\main.c: 'P0': undefined identifier
*** ERROR C202 IN LINE 138 OF .\src\main.c: 'P1': undefined identifier
*** ERROR C202 IN LINE 139 OF .\src\main.c: 'P1': undefined identifier
*** ERROR C202 IN LINE 142 OF .\src\main.c: 'P0': undefined identifier
*** ERROR C202 IN LINE 185 OF .\src\main.c: 'P36': undefined identifier
*** ERROR C202 IN LINE 186 OF .\src\main.c: 'P34': undefined identifier

C51 COMPILATION COMPLETE.  1 WARNING(S),  6 ERROR(S)

[2025-04-16 21:02:49]	[done]
	build successfully !

[2025-04-16 21:04:27]	[done]
	build successfully !

[2025-04-16 21:05:21]	[done]
	build successfully !

[2025-04-16 21:13:40]	[done]
	build successfully !

[2025-04-16 21:14:33]	[done]
	build successfully !

[2025-04-16 21:17:41]	[done]
	build successfully !

[2025-04-16 21:17:52]	[done]
	build successfully !

[2025-04-16 21:19:38]	[done]
	build successfully !

[2025-04-16 21:25:17]	[done]
	build successfully !

[2025-04-16 21:25:29]	[done]
	build successfully !

[2025-04-16 21:26:13]	[done]
	build successfully !

[2025-04-16 21:27:00]	[done]
	build successfully !

[2025-04-16 21:27:42]	[done]
	build successfully !

[2025-04-16 21:27:46]	[done]
	build successfully !

[2025-04-16 21:30:28]	[done]
	build successfully !

[2025-04-16 21:31:19]	[done]
	build successfully !

[2025-04-16 21:31:29]	[done]
	build successfully !

[2025-04-16 21:32:45]	[done]
	build successfully !

[2025-04-16 21:33:21]	[done]
	build successfully !

[2025-04-16 21:33:29]	[done]
	build successfully !

[2025-04-17 13:51:14]	[done]
	build successfully !

[2025-04-17 13:51:27]	[done]
	build successfully !

[2025-04-17 13:54:32]	[done]
	build successfully !

[2025-04-17 13:55:35]	[done]
	build successfully !

[2025-04-17 13:55:43]	[done]
	build successfully !

[2025-04-17 13:55:53]	[done]
	build successfully !

[2025-04-17 13:57:02]	[done]
	build successfully !

[2025-04-17 13:57:19]	[done]
	build successfully !

[2025-04-17 13:57:27]	[done]
	build successfully !

[2025-04-17 14:10:23]	[done]
	build successfully !

[2025-04-17 14:12:58]	[done]
	build successfully !

[2025-04-17 14:13:10]	[done]
	build successfully !

[2025-04-17 14:13:23]	[done]
	build successfully !

