C51 COMPILER V9.60.7.0   INT_MATRIXLED                                                     04/23/2025 20:29:14 PAGE 1   


C51 COMPILER V9.60.7.0, COMPILATION OF MODULE INT_MATRIXLED
OBJECT MODULE PLACED IN .\build\Release\.obj\src\Int\Int_MatrixLED.o
COMPILER INVOKED BY: E:\Program Files\Keil_v5\C51\BIN\C51.exe .\src\Int\Int_MatrixLED.c OMF2 TABS(4) CODE NOCOND SYMBOLS
                    - PRINT(.\build\Release\.obj\src\Int\Int_MatrixLED.lst) INCDIR(../../../Program Files/Keil_v5/C51/INC;src;src/Dri;src/Int
                    -;src/Com) DEFINE(__UVISION_VERSION=526) OPTIMIZE(8,SPEED) SMALL ROM(LARGE) OBJECT(.\build\Release\.obj\src\Int\Int_Matri
                    -xLED.o)

line level    source

   1          #include "Int_MatrixLED.h"
   2          
   3          static unsigned char s_pics[8];
   4          static unsigned char s_current_line;
   5          
   6          void Int_MatrixLed_Move(unsigned char pics)
   7          {
   8   1          unsigned char i;
   9   1          for (i = 7; i > 0; i--) {
  10   2              s_pics[i] = s_pics[i - 1];
  11   2          }
  12   1          s_pics[0] = pics;
  13   1      }
  14          
  15          static void Int_MatrixLED_CallbackFlush()
  16          {
  17   1          P0 = 0xFF;
  18   1          if (s_current_line == 0) {
  19   2              SER = 1;
  20   2          } else {
  21   2              SER = 0;
  22   2          }
  23   1      
  24   1          SCK = 0;
  25   1          SCK = 1;
  26   1          RCK = 0;
  27   1          RCK = 1;
  28   1      
  29   1          P0 = ~s_pics[s_current_line];
  30   1      
  31   1          s_current_line++;
  32   1      
  33   1          if (s_current_line >= 8) {
  34   2              s_current_line = 0;
  35   2          }
  36   1      }
  37          
  38          void Int_MatrixLED_Init()
  39          {
  40   1          s_current_line = 0;
  41   1          MATRIXLED_EN   = 0;
  42   1          LED_EN         = 0;
  43   1          // Dri_Timer0_RegisterCallbackFunc(Int_MatrixLED_CallbackMove);
  44   1          Dri_Timer0_RegisterCallbackFunc(Int_MatrixLED_CallbackFlush);
  45   1      }
C51 COMPILER V9.60.7.0   INT_MATRIXLED                                                     04/23/2025 20:29:14 PAGE 2   

ASSEMBLY LISTING OF GENERATED OBJECT CODE


             ; FUNCTION _Int_MatrixLed_Move (BEGIN)
                                           ; SOURCE LINE # 6
;---- Variable 'pics' assigned to Register 'R7' ----
                                           ; SOURCE LINE # 7
                                           ; SOURCE LINE # 9
;---- Variable 'i' assigned to Register 'R6' ----
0000 7E07              MOV     R6,#07H
0002         ?C0001:
                                           ; SOURCE LINE # 10
0002 7400        R     MOV     A,#LOW s_pics+0FFFFH
0004 2E                ADD     A,R6
0005 F8                MOV     R0,A
0006 E6                MOV     A,@R0
0007 FD                MOV     R5,A
0008 7400        R     MOV     A,#LOW s_pics
000A 2E                ADD     A,R6
000B F8                MOV     R0,A
000C A605              MOV     @R0,AR5
                                           ; SOURCE LINE # 11
000E DEF2              DJNZ    R6,?C0001
0010         ?C0002:
                                           ; SOURCE LINE # 12
0010 8F00        R     MOV     s_pics,R7
                                           ; SOURCE LINE # 13
0012 22                RET     
             ; FUNCTION _Int_MatrixLed_Move (END)

             ; FUNCTION Int_MatrixLED_CallbackFlush (BEGIN)
                                           ; SOURCE LINE # 15
                                           ; SOURCE LINE # 16
                                           ; SOURCE LINE # 17
0000 7580FF            MOV     P0,#0FFH
                                           ; SOURCE LINE # 18
0003 E500        R     MOV     A,s_current_line
0005 7004              JNZ     ?C0005
                                           ; SOURCE LINE # 19
0007 D290              SETB    P10
                                           ; SOURCE LINE # 20
0009 8002              SJMP    ?C0006
000B         ?C0005:
                                           ; SOURCE LINE # 21
000B C290              CLR     P10
                                           ; SOURCE LINE # 22
000D         ?C0006:
                                           ; SOURCE LINE # 24
000D C292              CLR     P12
                                           ; SOURCE LINE # 25
000F D292              SETB    P12
                                           ; SOURCE LINE # 26
0011 C291              CLR     P11
                                           ; SOURCE LINE # 27
0013 D291              SETB    P11
                                           ; SOURCE LINE # 29
0015 7400        R     MOV     A,#LOW s_pics
0017 2500        R     ADD     A,s_current_line
0019 F8                MOV     R0,A
001A E6                MOV     A,@R0
001B F4                CPL     A
001C F580              MOV     P0,A
C51 COMPILER V9.60.7.0   INT_MATRIXLED                                                     04/23/2025 20:29:14 PAGE 3   

                                           ; SOURCE LINE # 31
001E 0500        R     INC     s_current_line
                                           ; SOURCE LINE # 33
0020 E500        R     MOV     A,s_current_line
0022 C3                CLR     C
0023 9408              SUBB    A,#08H
0025 4003              JC      ?C0008
                                           ; SOURCE LINE # 34
0027 E4                CLR     A
0028 F500        R     MOV     s_current_line,A
                                           ; SOURCE LINE # 35
                                           ; SOURCE LINE # 36
002A         ?C0008:
002A 22                RET     
             ; FUNCTION Int_MatrixLED_CallbackFlush (END)

             ; FUNCTION Int_MatrixLED_Init (BEGIN)
                                           ; SOURCE LINE # 38
                                           ; SOURCE LINE # 39
                                           ; SOURCE LINE # 40
0000 E4                CLR     A
0001 F500        R     MOV     s_current_line,A
                                           ; SOURCE LINE # 41
0003 C2B5              CLR     P35
                                           ; SOURCE LINE # 42
0005 C2B4              CLR     P34
                                           ; SOURCE LINE # 44
0007 7BFF              MOV     R3,#0FFH
0009 7A00        R     MOV     R2,#HIGH Int_MatrixLED_CallbackFlush
000B 7900        R     MOV     R1,#LOW Int_MatrixLED_CallbackFlush
000D 020000      E     LJMP    _Dri_Timer0_RegisterCallbackFunc
             ; FUNCTION Int_MatrixLED_Init (END)

C51 COMPILER V9.60.7.0   INT_MATRIXLED                                                     04/23/2025 20:29:14 PAGE 4   

NAME                                    CLASS   MSPACE  TYPE    OFFSET  SIZE
====                                    =====   ======  ====    ======  ====


P0 . . . . . . . . . . . . . . . . . .  SFR      DATA   U_CHAR   0080H  1
P1 . . . . . . . . . . . . . . . . . .  SFR      DATA   U_CHAR   0090H  1
P2 . . . . . . . . . . . . . . . . . .  SFR      DATA   U_CHAR   00A0H  1
_Dri_Timer0_RegisterCallbackFunc . . .  EXTERN   CODE   PROC     -----  -----
P3 . . . . . . . . . . . . . . . . . .  SFR      DATA   U_CHAR   00B0H  1
XICON. . . . . . . . . . . . . . . . .  SFR      DATA   U_CHAR   00C0H  1
T0 . . . . . . . . . . . . . . . . . .  ABSBIT   -----  BIT      00B4H  1
AC . . . . . . . . . . . . . . . . . .  ABSBIT   -----  BIT      00D6H  1
P4 . . . . . . . . . . . . . . . . . .  SFR      DATA   U_CHAR   00E8H  1
s_pics . . . . . . . . . . . . . . . .  STATIC   DATA   ARRAY    0000H  8
T1 . . . . . . . . . . . . . . . . . .  ABSBIT   -----  BIT      00B5H  1
ISP_TRIG . . . . . . . . . . . . . . .  SFR      DATA   U_CHAR   00E6H  1
T2 . . . . . . . . . . . . . . . . . .  ABSBIT   -----  BIT      0090H  1
EA . . . . . . . . . . . . . . . . . .  ABSBIT   -----  BIT      00AFH  1
EC . . . . . . . . . . . . . . . . . .  ABSBIT   -----  BIT      00AEH  1
FE . . . . . . . . . . . . . . . . . .  ABSBIT   -----  BIT      009FH  1
IE . . . . . . . . . . . . . . . . . .  SFR      DATA   U_CHAR   00A8H  1
Callback . . . . . . . . . . . . . . .  TYPEDEF  -----  PTR      -----  3
size_t . . . . . . . . . . . . . . . .  TYPEDEF  -----  U_INT    -----  2
EXF2 . . . . . . . . . . . . . . . . .  ABSBIT   -----  BIT      00CEH  1
RD . . . . . . . . . . . . . . . . . .  ABSBIT   -----  BIT      00B7H  1
_Int_MatrixLed_Move. . . . . . . . . .  PUBLIC   CODE   PROC     0000H  -----
  pics . . . . . . . . . . . . . . . .  * REG *  DATA   U_CHAR   0007H  1
  i. . . . . . . . . . . . . . . . . .  * REG *  DATA   U_CHAR   0006H  1
ES . . . . . . . . . . . . . . . . . .  ABSBIT   -----  BIT      00ACH  1
IP . . . . . . . . . . . . . . . . . .  SFR      DATA   U_CHAR   00B8H  1
RI . . . . . . . . . . . . . . . . . .  ABSBIT   -----  BIT      0098H  1
INT0 . . . . . . . . . . . . . . . . .  ABSBIT   -----  BIT      00B2H  1
CY . . . . . . . . . . . . . . . . . .  ABSBIT   -----  BIT      00D7H  1
TI . . . . . . . . . . . . . . . . . .  ABSBIT   -----  BIT      0099H  1
INT1 . . . . . . . . . . . . . . . . .  ABSBIT   -----  BIT      00B3H  1
RCAP2H . . . . . . . . . . . . . . . .  SFR      DATA   U_CHAR   00CBH  1
ISP_CMD. . . . . . . . . . . . . . . .  SFR      DATA   U_CHAR   00E5H  1
PS . . . . . . . . . . . . . . . . . .  ABSBIT   -----  BIT      00BCH  1
SP . . . . . . . . . . . . . . . . . .  SFR      DATA   U_CHAR   0081H  1
T2EX . . . . . . . . . . . . . . . . .  ABSBIT   -----  BIT      0091H  1
OV . . . . . . . . . . . . . . . . . .  ABSBIT   -----  BIT      00D2H  1
RCAP2L . . . . . . . . . . . . . . . .  SFR      DATA   U_CHAR   00CAH  1
C_T2 . . . . . . . . . . . . . . . . .  ABSBIT   -----  BIT      00C9H  1
WR . . . . . . . . . . . . . . . . . .  ABSBIT   -----  BIT      00B6H  1
RCLK . . . . . . . . . . . . . . . . .  ABSBIT   -----  BIT      00CDH  1
TCLK . . . . . . . . . . . . . . . . .  ABSBIT   -----  BIT      00CCH  1
P00. . . . . . . . . . . . . . . . . .  ABSBIT   -----  BIT      0080H  1
SBUF . . . . . . . . . . . . . . . . .  SFR      DATA   U_CHAR   0099H  1
PCON . . . . . . . . . . . . . . . . .  SFR      DATA   U_CHAR   0087H  1
P10. . . . . . . . . . . . . . . . . .  ABSBIT   -----  BIT      0090H  1
P01. . . . . . . . . . . . . . . . . .  ABSBIT   -----  BIT      0081H  1
P20. . . . . . . . . . . . . . . . . .  ABSBIT   -----  BIT      00A0H  1
P11. . . . . . . . . . . . . . . . . .  ABSBIT   -----  BIT      0091H  1
P02. . . . . . . . . . . . . . . . . .  ABSBIT   -----  BIT      0082H  1
ISP_ADDRH. . . . . . . . . . . . . . .  SFR      DATA   U_CHAR   00E3H  1
P30. . . . . . . . . . . . . . . . . .  ABSBIT   -----  BIT      00B0H  1
P21. . . . . . . . . . . . . . . . . .  ABSBIT   -----  BIT      00A1H  1
P12. . . . . . . . . . . . . . . . . .  ABSBIT   -----  BIT      0092H  1
P03. . . . . . . . . . . . . . . . . .  ABSBIT   -----  BIT      0083H  1
SCON . . . . . . . . . . . . . . . . .  SFR      DATA   U_CHAR   0098H  1
P31. . . . . . . . . . . . . . . . . .  ABSBIT   -----  BIT      00B1H  1
C51 COMPILER V9.60.7.0   INT_MATRIXLED                                                     04/23/2025 20:29:14 PAGE 5   

NAME                                    CLASS   MSPACE  TYPE    OFFSET  SIZE
====                                    =====   ======  ====    ======  ====


P22. . . . . . . . . . . . . . . . . .  ABSBIT   -----  BIT      00A2H  1
P13. . . . . . . . . . . . . . . . . .  ABSBIT   -----  BIT      0093H  1
P04. . . . . . . . . . . . . . . . . .  ABSBIT   -----  BIT      0084H  1
P40. . . . . . . . . . . . . . . . . .  ABSBIT   -----  BIT      00E8H  1
TMOD . . . . . . . . . . . . . . . . .  SFR      DATA   U_CHAR   0089H  1
TCON . . . . . . . . . . . . . . . . .  SFR      DATA   U_CHAR   0088H  1
P32. . . . . . . . . . . . . . . . . .  ABSBIT   -----  BIT      00B2H  1
P23. . . . . . . . . . . . . . . . . .  ABSBIT   -----  BIT      00A3H  1
P14. . . . . . . . . . . . . . . . . .  ABSBIT   -----  BIT      0094H  1
P05. . . . . . . . . . . . . . . . . .  ABSBIT   -----  BIT      0085H  1
P41. . . . . . . . . . . . . . . . . .  ABSBIT   -----  BIT      00E9H  1
P33. . . . . . . . . . . . . . . . . .  ABSBIT   -----  BIT      00B3H  1
P24. . . . . . . . . . . . . . . . . .  ABSBIT   -----  BIT      00A4H  1
P15. . . . . . . . . . . . . . . . . .  ABSBIT   -----  BIT      0095H  1
P06. . . . . . . . . . . . . . . . . .  ABSBIT   -----  BIT      0086H  1
ISP_ADDRL. . . . . . . . . . . . . . .  SFR      DATA   U_CHAR   00E4H  1
P42. . . . . . . . . . . . . . . . . .  ABSBIT   -----  BIT      00EAH  1
P34. . . . . . . . . . . . . . . . . .  ABSBIT   -----  BIT      00B4H  1
P25. . . . . . . . . . . . . . . . . .  ABSBIT   -----  BIT      00A5H  1
P16. . . . . . . . . . . . . . . . . .  ABSBIT   -----  BIT      0096H  1
P07. . . . . . . . . . . . . . . . . .  ABSBIT   -----  BIT      0087H  1
P43. . . . . . . . . . . . . . . . . .  ABSBIT   -----  BIT      00EBH  1
P35. . . . . . . . . . . . . . . . . .  ABSBIT   -----  BIT      00B5H  1
P26. . . . . . . . . . . . . . . . . .  ABSBIT   -----  BIT      00A6H  1
P17. . . . . . . . . . . . . . . . . .  ABSBIT   -----  BIT      0097H  1
P44. . . . . . . . . . . . . . . . . .  ABSBIT   -----  BIT      00ECH  1
P36. . . . . . . . . . . . . . . . . .  ABSBIT   -----  BIT      00B6H  1
P27. . . . . . . . . . . . . . . . . .  ABSBIT   -----  BIT      00A7H  1
P45. . . . . . . . . . . . . . . . . .  ABSBIT   -----  BIT      00EDH  1
P37. . . . . . . . . . . . . . . . . .  ABSBIT   -----  BIT      00B7H  1
P46. . . . . . . . . . . . . . . . . .  ABSBIT   -----  BIT      00EEH  1
IE0. . . . . . . . . . . . . . . . . .  ABSBIT   -----  BIT      0089H  1
IE1. . . . . . . . . . . . . . . . . .  ABSBIT   -----  BIT      008BH  1
AUXR . . . . . . . . . . . . . . . . .  SFR      DATA   U_CHAR   008EH  1
B. . . . . . . . . . . . . . . . . . .  SFR      DATA   U_CHAR   00F0H  1
CP_RL2 . . . . . . . . . . . . . . . .  ABSBIT   -----  BIT      00C8H  1
ACC. . . . . . . . . . . . . . . . . .  SFR      DATA   U_CHAR   00E0H  1
ET0. . . . . . . . . . . . . . . . . .  ABSBIT   -----  BIT      00A9H  1
ET1. . . . . . . . . . . . . . . . . .  ABSBIT   -----  BIT      00ABH  1
TF0. . . . . . . . . . . . . . . . . .  ABSBIT   -----  BIT      008DH  1
ET2. . . . . . . . . . . . . . . . . .  ABSBIT   -----  BIT      00ADH  1
TF1. . . . . . . . . . . . . . . . . .  ABSBIT   -----  BIT      008FH  1
TF2. . . . . . . . . . . . . . . . . .  ABSBIT   -----  BIT      00CFH  1
RB8. . . . . . . . . . . . . . . . . .  ABSBIT   -----  BIT      009AH  1
TH0. . . . . . . . . . . . . . . . . .  SFR      DATA   U_CHAR   008CH  1
EX0. . . . . . . . . . . . . . . . . .  ABSBIT   -----  BIT      00A8H  1
IT0. . . . . . . . . . . . . . . . . .  ABSBIT   -----  BIT      0088H  1
TH1. . . . . . . . . . . . . . . . . .  SFR      DATA   U_CHAR   008DH  1
TB8. . . . . . . . . . . . . . . . . .  ABSBIT   -----  BIT      009BH  1
EX1. . . . . . . . . . . . . . . . . .  ABSBIT   -----  BIT      00AAH  1
IT1. . . . . . . . . . . . . . . . . .  ABSBIT   -----  BIT      008AH  1
TH2. . . . . . . . . . . . . . . . . .  SFR      DATA   U_CHAR   00CDH  1
P. . . . . . . . . . . . . . . . . . .  ABSBIT   -----  BIT      00D0H  1
SM0. . . . . . . . . . . . . . . . . .  ABSBIT   -----  BIT      009FH  1
TL0. . . . . . . . . . . . . . . . . .  SFR      DATA   U_CHAR   008AH  1
SM1. . . . . . . . . . . . . . . . . .  ABSBIT   -----  BIT      009EH  1
TL1. . . . . . . . . . . . . . . . . .  SFR      DATA   U_CHAR   008BH  1
C51 COMPILER V9.60.7.0   INT_MATRIXLED                                                     04/23/2025 20:29:14 PAGE 6   

NAME                                    CLASS   MSPACE  TYPE    OFFSET  SIZE
====                                    =====   ======  ====    ======  ====


SM2. . . . . . . . . . . . . . . . . .  ABSBIT   -----  BIT      009DH  1
TL2. . . . . . . . . . . . . . . . . .  SFR      DATA   U_CHAR   00CCH  1
Int_MatrixLED_Init . . . . . . . . . .  PUBLIC   CODE   PROC     0000H  -----
PT0. . . . . . . . . . . . . . . . . .  ABSBIT   -----  BIT      00B9H  1
Int_MatrixLED_CallbackFlush. . . . . .  STATIC   CODE   PROC     0000H  -----
PT1. . . . . . . . . . . . . . . . . .  ABSBIT   -----  BIT      00BBH  1
RS0. . . . . . . . . . . . . . . . . .  ABSBIT   -----  BIT      00D3H  1
ISP_CONTR. . . . . . . . . . . . . . .  SFR      DATA   U_CHAR   00E7H  1
PT2. . . . . . . . . . . . . . . . . .  ABSBIT   -----  BIT      00BDH  1
TR0. . . . . . . . . . . . . . . . . .  ABSBIT   -----  BIT      008CH  1
RS1. . . . . . . . . . . . . . . . . .  ABSBIT   -----  BIT      00D4H  1
TR1. . . . . . . . . . . . . . . . . .  ABSBIT   -----  BIT      008EH  1
TR2. . . . . . . . . . . . . . . . . .  ABSBIT   -----  BIT      00CAH  1
PX0. . . . . . . . . . . . . . . . . .  ABSBIT   -----  BIT      00B8H  1
WDT_CONTR. . . . . . . . . . . . . . .  SFR      DATA   U_CHAR   00E1H  1
PX1. . . . . . . . . . . . . . . . . .  ABSBIT   -----  BIT      00BAH  1
DPH. . . . . . . . . . . . . . . . . .  SFR      DATA   U_CHAR   0083H  1
DPL. . . . . . . . . . . . . . . . . .  SFR      DATA   U_CHAR   0082H  1
IPH. . . . . . . . . . . . . . . . . .  SFR      DATA   U_CHAR   00B7H  1
EXEN2. . . . . . . . . . . . . . . . .  ABSBIT   -----  BIT      00CBH  1
REN. . . . . . . . . . . . . . . . . .  ABSBIT   -----  BIT      009CH  1
s_current_line . . . . . . . . . . . .  STATIC   DATA   U_CHAR   0008H  1
T2MOD. . . . . . . . . . . . . . . . .  SFR      DATA   U_CHAR   00C9H  1
T2CON. . . . . . . . . . . . . . . . .  SFR      DATA   U_CHAR   00C8H  1
ISP_DATA . . . . . . . . . . . . . . .  SFR      DATA   U_CHAR   00E2H  1
SADEN. . . . . . . . . . . . . . . . .  SFR      DATA   U_CHAR   00B9H  1
RXD. . . . . . . . . . . . . . . . . .  ABSBIT   -----  BIT      00B0H  1
SADDR. . . . . . . . . . . . . . . . .  SFR      DATA   U_CHAR   00A9H  1
TXD. . . . . . . . . . . . . . . . . .  ABSBIT   -----  BIT      00B1H  1
AUXR1. . . . . . . . . . . . . . . . .  SFR      DATA   U_CHAR   00A2H  1
F0 . . . . . . . . . . . . . . . . . .  ABSBIT   -----  BIT      00D5H  1
F1 . . . . . . . . . . . . . . . . . .  ABSBIT   -----  BIT      00D1H  1
PSW. . . . . . . . . . . . . . . . . .  SFR      DATA   U_CHAR   00D0H  1


MODULE INFORMATION:   STATIC OVERLAYABLE
   CODE SIZE        =     78    ----
   CONSTANT SIZE    =   ----    ----
   XDATA SIZE       =   ----    ----
   PDATA SIZE       =   ----    ----
   DATA SIZE        =      9    ----
   IDATA SIZE       =   ----    ----
   BIT SIZE         =   ----    ----
   EDATA SIZE       =   ----    ----
   HDATA SIZE       =   ----    ----
   XDATA CONST SIZE =   ----    ----
   FAR CONST SIZE   =   ----    ----
END OF MODULE INFORMATION.


C51 COMPILATION COMPLETE.  0 WARNING(S),  0 ERROR(S)
