[2025-04-17 20:50:23]	compilation failed at : "e:\嵌入式\projects\P11_按键计数\src\Int\Int_Digtal.c", exit code: 2
command: 
  "E:\Program Files\Keil_v5\C51\BIN\C51.exe" .\src\Int\Int_Digtal.c OMF2 TABS(4) CODE NOCOND SYMBOLS PRINT(.\build\Release\.obj\src\Int\Int_Digtal.lst) INCDIR(../../../Program Files/Keil_v5/C51/INC) DEFINE(__UVISION_VERSION='526') OPTIMIZE(8,SPEED) SMALL ROM(LARGE) OBJECT(.\build\Release\.obj\src\Int\Int_Digtal.o)
   at unify_builder.Program.Main(String[] args_)
---
C51 COMPILER V9.60.7.0 - SN: K1DZC-J84JUC
COPYRIGHT Copyright (C) 2012 - 2022 ARM Limited or its Affiliates. All rights reserved.
*** ERROR C202 IN LINE 6 OF .\src\Int\Int_Digtal.c: 'P0': undefined identifier
*** ERROR C202 IN LINE 7 OF .\src\Int\Int_Digtal.c: 'P1': undefined identifier
*** ERROR C202 IN LINE 8 OF .\src\Int\Int_Digtal.c: 'P1': undefined identifier
*** ERROR C202 IN LINE 10 OF .\src\Int\Int_Digtal.c: 'P0': undefined identifier

C51 COMPILATION COMPLETE.  0 WARNING(S),  4 ERROR(S)

[2025-04-17 20:51:00]	[done]
	build successfully !

[2025-04-17 20:52:14]	[done]
	build successfully !

[2025-04-17 20:53:34]	[done]
	build successfully !

[2025-04-17 20:53:55]	[done]
	build successfully !

[2025-04-17 20:54:07]	[done]
	build successfully !

[2025-04-17 21:10:57]	compilation failed at : "e:\嵌入式\projects\P11_按键计数\src\main.c", exit code: 2
command: 
  "E:\Program Files\Keil_v5\C51\BIN\C51.exe" .\src\main.c OMF2 TABS(4) CODE NOCOND SYMBOLS PRINT(.\build\Release\.obj\src\main.lst) INCDIR(../../../Program Files/Keil_v5/C51/INC) DEFINE(__UVISION_VERSION='526') OPTIMIZE(8,SPEED) SMALL ROM(LARGE) OBJECT(.\build\Release\.obj\src\main.o)
   at unify_builder.Program.Main(String[] args_)
---
C51 COMPILER V9.60.7.0 - SN: K1DZC-J84JUC
COPYRIGHT Copyright (C) 2012 - 2022 ARM Limited or its Affiliates. All rights reserved.
*** ERROR C202 IN LINE 10 OF .\src\main.c: 'Int_Keyboard_IsPressedBySw1': undefined identifier
*** ERROR C202 IN LINE 15 OF .\src\main.c: 'Int_Keyboard_IsPressedBySw1': undefined identifier
*** ERROR C202 IN LINE 20 OF .\src\main.c: 'Int_Keyboard_IsPressedBySw1': undefined identifier
*** ERROR C202 IN LINE 25 OF .\src\main.c: 'Int_Keyboard_IsPressedBySw1': undefined identifier

C51 COMPILATION COMPLETE.  0 WARNING(S),  4 ERROR(S)

[2025-04-17 21:11:23]	[done]
	build successfully !

[2025-04-17 21:12:12]	[done]
	build successfully !

[2025-04-17 21:14:18]	[done]
	build successfully !

[2025-04-17 21:14:40]	[done]
	build successfully !

[2025-04-17 21:15:22]	[done]
	build successfully !

[2025-04-17 21:15:40]	[done]
	build successfully !

[2025-04-17 21:16:42]	[done]
	build successfully !

[2025-04-17 21:16:55]	[done]
	build successfully !

[2025-04-17 21:19:38]	[done]
	build successfully !

[2025-04-17 21:19:54]	[done]
	build successfully !

[2025-04-17 21:20:19]	[done]
	build successfully !

[2025-04-17 21:21:52]	[done]
	build successfully !

[2025-04-17 21:22:29]	[done]
	build successfully !

[2025-04-17 21:22:40]	[done]
	build successfully !

[2025-04-17 21:22:53]	[done]
	build successfully !

[2025-04-17 21:23:30]	[done]
	build successfully !

[2025-04-17 21:25:16]	[done]
	build successfully !

[2025-04-17 21:25:37]	[done]
	build successfully !

[2025-04-17 21:26:49]	[done]
	build successfully !

[2025-04-17 21:27:47]	[done]
	build successfully !

[2025-04-17 21:28:15]	[done]
	build successfully !

[2025-04-17 21:28:54]	[done]
	build successfully !

[2025-04-17 21:37:16]	[done]
	build successfully !

[2025-04-17 21:38:18]	[done]
	build successfully !

[2025-04-17 21:38:48]	[done]
	build successfully !

[2025-04-17 21:41:05]	[done]
	build successfully !

[2025-04-17 22:20:49]	[done]
	build successfully !

[2025-04-18 16:55:30]	[done]
	build successfully !

