C51 COMPILER V9.60.7.0   DRI_TIMER0                                                        04/23/2025 22:18:44 PAGE 1   


C51 COMPILER V9.60.7.0, COMPILATION OF MODULE DRI_TIMER0
OBJECT MODULE PLACED IN .\build\Release\.obj\src\Dri\Dri_Timer0.o
COMPILER INVOKED BY: E:\Program Files\Keil_v5\C51\BIN\C51.exe .\src\Dri\Dri_Timer0.c OMF2 TABS(4) CODE NOCOND SYMBOLS PR
                    -INT(.\build\Release\.obj\src\Dri\Dri_Timer0.lst) INCDIR(../../../Program Files/Keil_v5/C51/INC;src;src/Com;src/Int;src/D
                    -ri) DEFINE(__UVISION_VERSION=526) OPTIMIZE(8,SPEED) SMALL ROM(LARGE) OBJECT(.\build\Release\.obj\src\Dri\Dri_Timer0.o)

line level    source

   1          #include "Dri_Timer0.h"
   2          
   3          static Callback s_func[MAX_CALLBACK_COUNT];
   4          
   5          void Dri_Timer0_Init()
   6          {
   7   1          unsigned char i;
   8   1          EA  = 1;
   9   1          ET0 = 1;
  10   1          TMOD &= 0xF0;
  11   1          TMOD |= 0x01;
  12   1          TL0 = 64614;
  13   1          TH0 = 64614 >> 8;
  14   1          TR0 = 1;
  15   1          for (i = 0; i < MAX_CALLBACK_COUNT; i++) {
  16   2              s_func[i] = NULL;
  17   2          }
  18   1      }
  19          
  20          void Dri_Timer0_Register(Callback func)
  21          {
  22   1          unsigned char i;
  23   1          for (i = 0; i < MAX_CALLBACK_COUNT; i++) {
  24   2              if (s_func[i] == func) {
  25   3                  return;
  26   3              }
  27   2          }
  28   1          for (i = 0; i < MAX_CALLBACK_COUNT; i++) {
  29   2              if (s_func[i] == NULL) {
  30   3                  s_func[i] = func;
  31   3                  return;
  32   3              }
  33   2          }
  34   1      }
  35          
  36          void Dri_Timer0_DeRegister(Callback func)
  37          {
  38   1          unsigned char i;
  39   1          for (i = 0; i < MAX_CALLBACK_COUNT; i++) {
  40   2              if (s_func[i] == func) {
  41   3                  s_func[i] = NULL;
  42   3                  return;
  43   3              }
  44   2          }
  45   1      }
  46          
  47          static void Dri_Timer0_Func() interrupt 1
  48          {
  49   1          unsigned char i;
  50   1          TL0 = 64614;
  51   1          TH0 = 64614 >> 8;
  52   1      
  53   1          for (i = 0; i < MAX_CALLBACK_COUNT; i++) {
C51 COMPILER V9.60.7.0   DRI_TIMER0                                                        04/23/2025 22:18:44 PAGE 2   

  54   2              if (s_func[i] != NULL) {
  55   3                  s_func[i]();
  56   3              }
  57   2          }
  58   1      }
C51 COMPILER V9.60.7.0   DRI_TIMER0                                                        04/23/2025 22:18:44 PAGE 3   

ASSEMBLY LISTING OF GENERATED OBJECT CODE


             ; FUNCTION Dri_Timer0_Init (BEGIN)
                                           ; SOURCE LINE # 5
                                           ; SOURCE LINE # 6
                                           ; SOURCE LINE # 8
0000 D2AF              SETB    EA
                                           ; SOURCE LINE # 9
0002 D2A9              SETB    ET0
                                           ; SOURCE LINE # 10
0004 5389F0            ANL     TMOD,#0F0H
                                           ; SOURCE LINE # 11
0007 438901            ORL     TMOD,#01H
                                           ; SOURCE LINE # 12
000A 758A66            MOV     TL0,#066H
                                           ; SOURCE LINE # 13
000D 758CFC            MOV     TH0,#0FCH
                                           ; SOURCE LINE # 14
0010 D28C              SETB    TR0
                                           ; SOURCE LINE # 15
;---- Variable 'i' assigned to Register 'R7' ----
0012 E4                CLR     A
0013 FF                MOV     R7,A
0014         ?C0001:
                                           ; SOURCE LINE # 16
0014 EF                MOV     A,R7
0015 75F003            MOV     B,#03H
0018 A4                MUL     AB
0019 2400        R     ADD     A,#LOW s_func
001B F8                MOV     R0,A
001C 7600              MOV     @R0,#00H
001E 08                INC     R0
001F 7600              MOV     @R0,#00H
0021 08                INC     R0
0022 7600              MOV     @R0,#00H
                                           ; SOURCE LINE # 17
0024 0F                INC     R7
0025 BF04EC            CJNE    R7,#04H,?C0001
                                           ; SOURCE LINE # 18
0028         ?C0004:
0028 22                RET     
             ; FUNCTION Dri_Timer0_Init (END)

             ; FUNCTION _Dri_Timer0_Register (BEGIN)
                                           ; SOURCE LINE # 20
0000 8B00        R     MOV     func,R3
0002 8A00        R     MOV     func+01H,R2
0004 8900        R     MOV     func+02H,R1
                                           ; SOURCE LINE # 21
                                           ; SOURCE LINE # 23
;---- Variable 'i' assigned to Register 'R7' ----
0006 E4                CLR     A
0007 FF                MOV     R7,A
0008         ?C0005:
                                           ; SOURCE LINE # 24
0008 EF                MOV     A,R7
0009 75F003            MOV     B,#03H
000C A4                MUL     AB
000D 2400        R     ADD     A,#LOW s_func
000F F8                MOV     R0,A
0010 8603              MOV     AR3,@R0
C51 COMPILER V9.60.7.0   DRI_TIMER0                                                        04/23/2025 22:18:44 PAGE 4   

0012 08                INC     R0
0013 E6                MOV     A,@R0
0014 FA                MOV     R2,A
0015 08                INC     R0
0016 E6                MOV     A,@R0
0017 F9                MOV     R1,A
0018 E500        R     MOV     A,func
001A 850083      R     MOV     DPH,func+01H
001D 850082      R     MOV     DPL,func+02H
0020 6B                XRL     A,R3
0021 7008              JNZ     ?C0024
0023 E9                MOV     A,R1
0024 6582              XRL     A,DPL
0026 7003              JNZ     ?C0024
0028 EA                MOV     A,R2
0029 6583              XRL     A,DPH
002B         ?C0024:
002B 6032              JZ      ?C0009
                                           ; SOURCE LINE # 26
                                           ; SOURCE LINE # 27
002D 0F                INC     R7
002E BF04D7            CJNE    R7,#04H,?C0005
0031         ?C0006:
                                           ; SOURCE LINE # 28
0031 E4                CLR     A
0032 FF                MOV     R7,A
0033         ?C0010:
                                           ; SOURCE LINE # 29
0033 EF                MOV     A,R7
0034 75F003            MOV     B,#03H
0037 A4                MUL     AB
0038 2400        R     ADD     A,#LOW s_func
003A F8                MOV     R0,A
003B 8603              MOV     AR3,@R0
003D 08                INC     R0
003E E6                MOV     A,@R0
003F FA                MOV     R2,A
0040 08                INC     R0
0041 E6                MOV     A,@R0
0042 4A                ORL     A,R2
0043 4B                ORL     A,R3
0044 7015              JNZ     ?C0012
                                           ; SOURCE LINE # 30
0046 AA00        R     MOV     R2,func+01H
0048 A900        R     MOV     R1,func+02H
004A EF                MOV     A,R7
004B 75F003            MOV     B,#03H
004E A4                MUL     AB
004F 2400        R     ADD     A,#LOW s_func
0051 F8                MOV     R0,A
0052 A600        R     MOV     @R0,func
0054 08                INC     R0
0055 A602              MOV     @R0,AR2
0057 08                INC     R0
0058 A601              MOV     @R0,AR1
005A 22                RET     
                                           ; SOURCE LINE # 32
                                           ; SOURCE LINE # 33
005B         ?C0012:
005B 0F                INC     R7
005C BF04D4            CJNE    R7,#04H,?C0010
                                           ; SOURCE LINE # 34
C51 COMPILER V9.60.7.0   DRI_TIMER0                                                        04/23/2025 22:18:44 PAGE 5   

005F         ?C0009:
005F 22                RET     
             ; FUNCTION _Dri_Timer0_Register (END)

             ; FUNCTION _Dri_Timer0_DeRegister (BEGIN)
                                           ; SOURCE LINE # 36
0000 8B00        R     MOV     func,R3
0002 8A00        R     MOV     func+01H,R2
0004 8900        R     MOV     func+02H,R1
                                           ; SOURCE LINE # 37
                                           ; SOURCE LINE # 39
;---- Variable 'i' assigned to Register 'R7' ----
0006 E4                CLR     A
0007 FF                MOV     R7,A
0008         ?C0014:
                                           ; SOURCE LINE # 40
0008 EF                MOV     A,R7
0009 75F003            MOV     B,#03H
000C A4                MUL     AB
000D 2400        R     ADD     A,#LOW s_func
000F F8                MOV     R0,A
0010 8603              MOV     AR3,@R0
0012 08                INC     R0
0013 E6                MOV     A,@R0
0014 FA                MOV     R2,A
0015 08                INC     R0
0016 E6                MOV     A,@R0
0017 F9                MOV     R1,A
0018 E500        R     MOV     A,func
001A 850083      R     MOV     DPH,func+01H
001D 850082      R     MOV     DPL,func+02H
0020 6B                XRL     A,R3
0021 7008              JNZ     ?C0026
0023 E9                MOV     A,R1
0024 6582              XRL     A,DPL
0026 7003              JNZ     ?C0026
0028 EA                MOV     A,R2
0029 6583              XRL     A,DPH
002B         ?C0026:
002B 7011              JNZ     ?C0016
                                           ; SOURCE LINE # 41
002D EF                MOV     A,R7
002E 75F003            MOV     B,#03H
0031 A4                MUL     AB
0032 2400        R     ADD     A,#LOW s_func
0034 F8                MOV     R0,A
0035 7600              MOV     @R0,#00H
0037 08                INC     R0
0038 7600              MOV     @R0,#00H
003A 08                INC     R0
003B 7600              MOV     @R0,#00H
003D 22                RET     
                                           ; SOURCE LINE # 43
                                           ; SOURCE LINE # 44
003E         ?C0016:
003E 0F                INC     R7
003F BF04C6            CJNE    R7,#04H,?C0014
                                           ; SOURCE LINE # 45
0042         ?C0018:
0042 22                RET     
             ; FUNCTION _Dri_Timer0_DeRegister (END)

C51 COMPILER V9.60.7.0   DRI_TIMER0                                                        04/23/2025 22:18:44 PAGE 6   

             ; FUNCTION Dri_Timer0_Func (BEGIN)
0000 C0E0              PUSH    ACC
0002 C0F0              PUSH    B
0004 C083              PUSH    DPH
0006 C082              PUSH    DPL
0008 C0D0              PUSH    PSW
000A 75D000            MOV     PSW,#00H
000D C000              PUSH    AR0
000F C001              PUSH    AR1
0011 C002              PUSH    AR2
0013 C003              PUSH    AR3
0015 C004              PUSH    AR4
0017 C005              PUSH    AR5
0019 C006              PUSH    AR6
001B C007              PUSH    AR7
                                           ; SOURCE LINE # 47
                                           ; SOURCE LINE # 50
001D 758A66            MOV     TL0,#066H
                                           ; SOURCE LINE # 51
0020 758CFC            MOV     TH0,#0FCH
                                           ; SOURCE LINE # 53
0023 750000      R     MOV     i,#00H
0026         ?C0019:
                                           ; SOURCE LINE # 54
0026 E500        R     MOV     A,i
0028 75F003            MOV     B,#03H
002B A4                MUL     AB
002C 2400        R     ADD     A,#LOW s_func
002E F8                MOV     R0,A
002F 8603              MOV     AR3,@R0
0031 08                INC     R0
0032 E6                MOV     A,@R0
0033 FA                MOV     R2,A
0034 08                INC     R0
0035 E6                MOV     A,@R0
0036 4A                ORL     A,R2
0037 4B                ORL     A,R3
0038 6012              JZ      ?C0021
                                           ; SOURCE LINE # 55
003A E500        R     MOV     A,i
003C 75F003            MOV     B,#03H
003F A4                MUL     AB
0040 2400        R     ADD     A,#LOW s_func
0042 F8                MOV     R0,A
0043 08                INC     R0
0044 E6                MOV     A,@R0
0045 FA                MOV     R2,A
0046 08                INC     R0
0047 E6                MOV     A,@R0
0048 F9                MOV     R1,A
0049 120000      E     LCALL   ?C?ICALL
                                           ; SOURCE LINE # 56
                                           ; SOURCE LINE # 57
004C         ?C0021:
004C 0500        R     INC     i
004E E500        R     MOV     A,i
0050 C3                CLR     C
0051 9404              SUBB    A,#04H
0053 40D1              JC      ?C0019
                                           ; SOURCE LINE # 58
0055         ?C0023:
0055 D007              POP     AR7
C51 COMPILER V9.60.7.0   DRI_TIMER0                                                        04/23/2025 22:18:44 PAGE 7   

0057 D006              POP     AR6
0059 D005              POP     AR5
005B D004              POP     AR4
005D D003              POP     AR3
005F D002              POP     AR2
0061 D001              POP     AR1
0063 D000              POP     AR0
0065 D0D0              POP     PSW
0067 D082              POP     DPL
0069 D083              POP     DPH
006B D0F0              POP     B
006D D0E0              POP     ACC
006F 32                RETI    
             ; FUNCTION Dri_Timer0_Func (END)

C51 COMPILER V9.60.7.0   DRI_TIMER0                                                        04/23/2025 22:18:44 PAGE 8   

NAME                                    CLASS   MSPACE  TYPE    OFFSET  SIZE
====                                    =====   ======  ====    ======  ====


P0 . . . . . . . . . . . . . . . . . .  SFR      DATA   U_CHAR   0080H  1
P1 . . . . . . . . . . . . . . . . . .  SFR      DATA   U_CHAR   0090H  1
s_func . . . . . . . . . . . . . . . .  STATIC   DATA   ARRAY    0000H  12
P2 . . . . . . . . . . . . . . . . . .  SFR      DATA   U_CHAR   00A0H  1
P3 . . . . . . . . . . . . . . . . . .  SFR      DATA   U_CHAR   00B0H  1
XICON. . . . . . . . . . . . . . . . .  SFR      DATA   U_CHAR   00C0H  1
T0 . . . . . . . . . . . . . . . . . .  ABSBIT   -----  BIT      00B4H  1
AC . . . . . . . . . . . . . . . . . .  ABSBIT   -----  BIT      00D6H  1
P4 . . . . . . . . . . . . . . . . . .  SFR      DATA   U_CHAR   00E8H  1
T1 . . . . . . . . . . . . . . . . . .  ABSBIT   -----  BIT      00B5H  1
ISP_TRIG . . . . . . . . . . . . . . .  SFR      DATA   U_CHAR   00E6H  1
T2 . . . . . . . . . . . . . . . . . .  ABSBIT   -----  BIT      0090H  1
EA . . . . . . . . . . . . . . . . . .  ABSBIT   -----  BIT      00AFH  1
EC . . . . . . . . . . . . . . . . . .  ABSBIT   -----  BIT      00AEH  1
_Dri_Timer0_DeRegister . . . . . . . .  PUBLIC   CODE   PROC     0000H  -----
  func . . . . . . . . . . . . . . . .  AUTO     DATA   PTR      0000H  3
  i. . . . . . . . . . . . . . . . . .  * REG *  DATA   U_CHAR   0007H  1
FE . . . . . . . . . . . . . . . . . .  ABSBIT   -----  BIT      009FH  1
IE . . . . . . . . . . . . . . . . . .  SFR      DATA   U_CHAR   00A8H  1
Callback . . . . . . . . . . . . . . .  TYPEDEF  -----  PTR      -----  3
size_t . . . . . . . . . . . . . . . .  TYPEDEF  -----  U_INT    -----  2
EXF2 . . . . . . . . . . . . . . . . .  ABSBIT   -----  BIT      00CEH  1
RD . . . . . . . . . . . . . . . . . .  ABSBIT   -----  BIT      00B7H  1
ES . . . . . . . . . . . . . . . . . .  ABSBIT   -----  BIT      00ACH  1
IP . . . . . . . . . . . . . . . . . .  SFR      DATA   U_CHAR   00B8H  1
RI . . . . . . . . . . . . . . . . . .  ABSBIT   -----  BIT      0098H  1
INT0 . . . . . . . . . . . . . . . . .  ABSBIT   -----  BIT      00B2H  1
CY . . . . . . . . . . . . . . . . . .  ABSBIT   -----  BIT      00D7H  1
TI . . . . . . . . . . . . . . . . . .  ABSBIT   -----  BIT      0099H  1
INT1 . . . . . . . . . . . . . . . . .  ABSBIT   -----  BIT      00B3H  1
RCAP2H . . . . . . . . . . . . . . . .  SFR      DATA   U_CHAR   00CBH  1
ISP_CMD. . . . . . . . . . . . . . . .  SFR      DATA   U_CHAR   00E5H  1
PS . . . . . . . . . . . . . . . . . .  ABSBIT   -----  BIT      00BCH  1
SP . . . . . . . . . . . . . . . . . .  SFR      DATA   U_CHAR   0081H  1
Dri_Timer0_Func. . . . . . . . . . . .  STATIC   CODE   PROC     0000H  -----
  i. . . . . . . . . . . . . . . . . .  AUTO     DATA   U_CHAR   0000H  1
T2EX . . . . . . . . . . . . . . . . .  ABSBIT   -----  BIT      0091H  1
OV . . . . . . . . . . . . . . . . . .  ABSBIT   -----  BIT      00D2H  1
RCAP2L . . . . . . . . . . . . . . . .  SFR      DATA   U_CHAR   00CAH  1
C_T2 . . . . . . . . . . . . . . . . .  ABSBIT   -----  BIT      00C9H  1
WR . . . . . . . . . . . . . . . . . .  ABSBIT   -----  BIT      00B6H  1
Dri_Timer0_Init. . . . . . . . . . . .  PUBLIC   CODE   PROC     0000H  -----
  i. . . . . . . . . . . . . . . . . .  * REG *  DATA   U_CHAR   0007H  1
RCLK . . . . . . . . . . . . . . . . .  ABSBIT   -----  BIT      00CDH  1
TCLK . . . . . . . . . . . . . . . . .  ABSBIT   -----  BIT      00CCH  1
P00. . . . . . . . . . . . . . . . . .  ABSBIT   -----  BIT      0080H  1
SBUF . . . . . . . . . . . . . . . . .  SFR      DATA   U_CHAR   0099H  1
PCON . . . . . . . . . . . . . . . . .  SFR      DATA   U_CHAR   0087H  1
P10. . . . . . . . . . . . . . . . . .  ABSBIT   -----  BIT      0090H  1
P01. . . . . . . . . . . . . . . . . .  ABSBIT   -----  BIT      0081H  1
P20. . . . . . . . . . . . . . . . . .  ABSBIT   -----  BIT      00A0H  1
P11. . . . . . . . . . . . . . . . . .  ABSBIT   -----  BIT      0091H  1
P02. . . . . . . . . . . . . . . . . .  ABSBIT   -----  BIT      0082H  1
ISP_ADDRH. . . . . . . . . . . . . . .  SFR      DATA   U_CHAR   00E3H  1
P30. . . . . . . . . . . . . . . . . .  ABSBIT   -----  BIT      00B0H  1
P21. . . . . . . . . . . . . . . . . .  ABSBIT   -----  BIT      00A1H  1
P12. . . . . . . . . . . . . . . . . .  ABSBIT   -----  BIT      0092H  1
C51 COMPILER V9.60.7.0   DRI_TIMER0                                                        04/23/2025 22:18:44 PAGE 9   

NAME                                    CLASS   MSPACE  TYPE    OFFSET  SIZE
====                                    =====   ======  ====    ======  ====


P03. . . . . . . . . . . . . . . . . .  ABSBIT   -----  BIT      0083H  1
SCON . . . . . . . . . . . . . . . . .  SFR      DATA   U_CHAR   0098H  1
P31. . . . . . . . . . . . . . . . . .  ABSBIT   -----  BIT      00B1H  1
P22. . . . . . . . . . . . . . . . . .  ABSBIT   -----  BIT      00A2H  1
P13. . . . . . . . . . . . . . . . . .  ABSBIT   -----  BIT      0093H  1
P04. . . . . . . . . . . . . . . . . .  ABSBIT   -----  BIT      0084H  1
P40. . . . . . . . . . . . . . . . . .  ABSBIT   -----  BIT      00E8H  1
TMOD . . . . . . . . . . . . . . . . .  SFR      DATA   U_CHAR   0089H  1
TCON . . . . . . . . . . . . . . . . .  SFR      DATA   U_CHAR   0088H  1
P32. . . . . . . . . . . . . . . . . .  ABSBIT   -----  BIT      00B2H  1
P23. . . . . . . . . . . . . . . . . .  ABSBIT   -----  BIT      00A3H  1
P14. . . . . . . . . . . . . . . . . .  ABSBIT   -----  BIT      0094H  1
P05. . . . . . . . . . . . . . . . . .  ABSBIT   -----  BIT      0085H  1
P41. . . . . . . . . . . . . . . . . .  ABSBIT   -----  BIT      00E9H  1
P33. . . . . . . . . . . . . . . . . .  ABSBIT   -----  BIT      00B3H  1
P24. . . . . . . . . . . . . . . . . .  ABSBIT   -----  BIT      00A4H  1
P15. . . . . . . . . . . . . . . . . .  ABSBIT   -----  BIT      0095H  1
P06. . . . . . . . . . . . . . . . . .  ABSBIT   -----  BIT      0086H  1
ISP_ADDRL. . . . . . . . . . . . . . .  SFR      DATA   U_CHAR   00E4H  1
P42. . . . . . . . . . . . . . . . . .  ABSBIT   -----  BIT      00EAH  1
P34. . . . . . . . . . . . . . . . . .  ABSBIT   -----  BIT      00B4H  1
P25. . . . . . . . . . . . . . . . . .  ABSBIT   -----  BIT      00A5H  1
P16. . . . . . . . . . . . . . . . . .  ABSBIT   -----  BIT      0096H  1
P07. . . . . . . . . . . . . . . . . .  ABSBIT   -----  BIT      0087H  1
P43. . . . . . . . . . . . . . . . . .  ABSBIT   -----  BIT      00EBH  1
P35. . . . . . . . . . . . . . . . . .  ABSBIT   -----  BIT      00B5H  1
P26. . . . . . . . . . . . . . . . . .  ABSBIT   -----  BIT      00A6H  1
P17. . . . . . . . . . . . . . . . . .  ABSBIT   -----  BIT      0097H  1
P44. . . . . . . . . . . . . . . . . .  ABSBIT   -----  BIT      00ECH  1
P36. . . . . . . . . . . . . . . . . .  ABSBIT   -----  BIT      00B6H  1
P27. . . . . . . . . . . . . . . . . .  ABSBIT   -----  BIT      00A7H  1
P45. . . . . . . . . . . . . . . . . .  ABSBIT   -----  BIT      00EDH  1
P37. . . . . . . . . . . . . . . . . .  ABSBIT   -----  BIT      00B7H  1
P46. . . . . . . . . . . . . . . . . .  ABSBIT   -----  BIT      00EEH  1
IE0. . . . . . . . . . . . . . . . . .  ABSBIT   -----  BIT      0089H  1
IE1. . . . . . . . . . . . . . . . . .  ABSBIT   -----  BIT      008BH  1
AUXR . . . . . . . . . . . . . . . . .  SFR      DATA   U_CHAR   008EH  1
B. . . . . . . . . . . . . . . . . . .  SFR      DATA   U_CHAR   00F0H  1
CP_RL2 . . . . . . . . . . . . . . . .  ABSBIT   -----  BIT      00C8H  1
ACC. . . . . . . . . . . . . . . . . .  SFR      DATA   U_CHAR   00E0H  1
ET0. . . . . . . . . . . . . . . . . .  ABSBIT   -----  BIT      00A9H  1
ET1. . . . . . . . . . . . . . . . . .  ABSBIT   -----  BIT      00ABH  1
TF0. . . . . . . . . . . . . . . . . .  ABSBIT   -----  BIT      008DH  1
ET2. . . . . . . . . . . . . . . . . .  ABSBIT   -----  BIT      00ADH  1
TF1. . . . . . . . . . . . . . . . . .  ABSBIT   -----  BIT      008FH  1
TF2. . . . . . . . . . . . . . . . . .  ABSBIT   -----  BIT      00CFH  1
RB8. . . . . . . . . . . . . . . . . .  ABSBIT   -----  BIT      009AH  1
TH0. . . . . . . . . . . . . . . . . .  SFR      DATA   U_CHAR   008CH  1
EX0. . . . . . . . . . . . . . . . . .  ABSBIT   -----  BIT      00A8H  1
IT0. . . . . . . . . . . . . . . . . .  ABSBIT   -----  BIT      0088H  1
TH1. . . . . . . . . . . . . . . . . .  SFR      DATA   U_CHAR   008DH  1
TB8. . . . . . . . . . . . . . . . . .  ABSBIT   -----  BIT      009BH  1
EX1. . . . . . . . . . . . . . . . . .  ABSBIT   -----  BIT      00AAH  1
IT1. . . . . . . . . . . . . . . . . .  ABSBIT   -----  BIT      008AH  1
TH2. . . . . . . . . . . . . . . . . .  SFR      DATA   U_CHAR   00CDH  1
P. . . . . . . . . . . . . . . . . . .  ABSBIT   -----  BIT      00D0H  1
SM0. . . . . . . . . . . . . . . . . .  ABSBIT   -----  BIT      009FH  1
C51 COMPILER V9.60.7.0   DRI_TIMER0                                                        04/23/2025 22:18:44 PAGE 10  

NAME                                    CLASS   MSPACE  TYPE    OFFSET  SIZE
====                                    =====   ======  ====    ======  ====


TL0. . . . . . . . . . . . . . . . . .  SFR      DATA   U_CHAR   008AH  1
SM1. . . . . . . . . . . . . . . . . .  ABSBIT   -----  BIT      009EH  1
TL1. . . . . . . . . . . . . . . . . .  SFR      DATA   U_CHAR   008BH  1
SM2. . . . . . . . . . . . . . . . . .  ABSBIT   -----  BIT      009DH  1
TL2. . . . . . . . . . . . . . . . . .  SFR      DATA   U_CHAR   00CCH  1
PT0. . . . . . . . . . . . . . . . . .  ABSBIT   -----  BIT      00B9H  1
PT1. . . . . . . . . . . . . . . . . .  ABSBIT   -----  BIT      00BBH  1
RS0. . . . . . . . . . . . . . . . . .  ABSBIT   -----  BIT      00D3H  1
ISP_CONTR. . . . . . . . . . . . . . .  SFR      DATA   U_CHAR   00E7H  1
PT2. . . . . . . . . . . . . . . . . .  ABSBIT   -----  BIT      00BDH  1
TR0. . . . . . . . . . . . . . . . . .  ABSBIT   -----  BIT      008CH  1
RS1. . . . . . . . . . . . . . . . . .  ABSBIT   -----  BIT      00D4H  1
TR1. . . . . . . . . . . . . . . . . .  ABSBIT   -----  BIT      008EH  1
TR2. . . . . . . . . . . . . . . . . .  ABSBIT   -----  BIT      00CAH  1
PX0. . . . . . . . . . . . . . . . . .  ABSBIT   -----  BIT      00B8H  1
WDT_CONTR. . . . . . . . . . . . . . .  SFR      DATA   U_CHAR   00E1H  1
PX1. . . . . . . . . . . . . . . . . .  ABSBIT   -----  BIT      00BAH  1
DPH. . . . . . . . . . . . . . . . . .  SFR      DATA   U_CHAR   0083H  1
_Dri_Timer0_Register . . . . . . . . .  PUBLIC   CODE   PROC     0000H  -----
  func . . . . . . . . . . . . . . . .  AUTO     DATA   PTR      0000H  3
  i. . . . . . . . . . . . . . . . . .  * REG *  DATA   U_CHAR   0007H  1
DPL. . . . . . . . . . . . . . . . . .  SFR      DATA   U_CHAR   0082H  1
IPH. . . . . . . . . . . . . . . . . .  SFR      DATA   U_CHAR   00B7H  1
EXEN2. . . . . . . . . . . . . . . . .  ABSBIT   -----  BIT      00CBH  1
REN. . . . . . . . . . . . . . . . . .  ABSBIT   -----  BIT      009CH  1
T2MOD. . . . . . . . . . . . . . . . .  SFR      DATA   U_CHAR   00C9H  1
T2CON. . . . . . . . . . . . . . . . .  SFR      DATA   U_CHAR   00C8H  1
ISP_DATA . . . . . . . . . . . . . . .  SFR      DATA   U_CHAR   00E2H  1
SADEN. . . . . . . . . . . . . . . . .  SFR      DATA   U_CHAR   00B9H  1
RXD. . . . . . . . . . . . . . . . . .  ABSBIT   -----  BIT      00B0H  1
SADDR. . . . . . . . . . . . . . . . .  SFR      DATA   U_CHAR   00A9H  1
TXD. . . . . . . . . . . . . . . . . .  ABSBIT   -----  BIT      00B1H  1
AUXR1. . . . . . . . . . . . . . . . .  SFR      DATA   U_CHAR   00A2H  1
F0 . . . . . . . . . . . . . . . . . .  ABSBIT   -----  BIT      00D5H  1
F1 . . . . . . . . . . . . . . . . . .  ABSBIT   -----  BIT      00D1H  1
PSW. . . . . . . . . . . . . . . . . .  SFR      DATA   U_CHAR   00D0H  1


MODULE INFORMATION:   STATIC OVERLAYABLE
   CODE SIZE        =    319    ----
   CONSTANT SIZE    =   ----    ----
   XDATA SIZE       =   ----    ----
   PDATA SIZE       =   ----    ----
   DATA SIZE        =     12       7
   IDATA SIZE       =   ----    ----
   BIT SIZE         =   ----    ----
   EDATA SIZE       =   ----    ----
   HDATA SIZE       =   ----    ----
   XDATA CONST SIZE =   ----    ----
   FAR CONST SIZE   =   ----    ----
END OF MODULE INFORMATION.


C51 COMPILATION COMPLETE.  0 WARNING(S),  0 ERROR(S)
