C51 COMPILER V9.60.7.0   DRI_TIMER0                                                        04/20/2025 22:34:08 PAGE 1   


C51 COMPILER V9.60.7.0, COMPILATION OF MODULE DRI_TIMER0
OBJECT MODULE PLACED IN .\build\Release\.obj\src\Dri\Dri_Timer0.o
COMPILER INVOKED BY: E:\Program Files\Keil_v5\C51\BIN\C51.exe .\src\Dri\Dri_Timer0.c OMF2 TABS(4) CODE NOCOND SYMBOLS PR
                    -INT(.\build\Release\.obj\src\Dri\Dri_Timer0.lst) INCDIR(../../../Program Files/Keil_v5/C51/INC;src;src/Int;src/Com;src/D
                    -ri) DEFINE(__UVISION_VERSION=526) OPTIMIZE(8,SPEED) SMALL ROM(LARGE) OBJECT(.\build\Release\.obj\src\Dri\Dri_Timer0.o)

line level    source

   1          #include "Dri_Timer0.h"
   2          
   3          static unsigned int s_ms_count = 0;
   4          
   5          void Dri_Time0_Init()
   6          {
   7   1          //总中断允许位
   8   1          EA = 1;
   9   1          //定时器0中断开关
  10   1          ET0 = 1;
  11   1          //设置TMOD
  12   1          TMOD &= 0xF0;
  13   1          TMOD |= 0x01;
  14   1          //设置TR0
  15   1          TR0 = 1;
  16   1          //设置脉冲计数器初值,晶振频率和时长都会造成影响
  17   1          TL0 = 64614 % 256;
  18   1          TH0 = 64614 / 256;
  19   1      }
  20          
  21          static void Dri_Time0_Func() interrupt 1
  22          {
  23   1          TL0 = 64614 % 256;
  24   1          TH0 = 64614 / 256;
  25   1      
  26   1          s_ms_count++;
  27   1      
  28   1          if(s_ms_count == 1000)
  29   1          {
  30   2              P00 = ~P00;
  31   2              s_ms_count = 0;
  32   2          }
  33   1      }
C51 COMPILER V9.60.7.0   DRI_TIMER0                                                        04/20/2025 22:34:08 PAGE 2   

ASSEMBLY LISTING OF GENERATED OBJECT CODE


             ; FUNCTION Dri_Time0_Init (BEGIN)
                                           ; SOURCE LINE # 5
                                           ; SOURCE LINE # 6
                                           ; SOURCE LINE # 8
0000 D2AF              SETB    EA
                                           ; SOURCE LINE # 10
0002 D2A9              SETB    ET0
                                           ; SOURCE LINE # 12
0004 5389F0            ANL     TMOD,#0F0H
                                           ; SOURCE LINE # 13
0007 438901            ORL     TMOD,#01H
                                           ; SOURCE LINE # 15
000A D28C              SETB    TR0
                                           ; SOURCE LINE # 17
000C 758A66            MOV     TL0,#066H
                                           ; SOURCE LINE # 18
000F 758CFC            MOV     TH0,#0FCH
                                           ; SOURCE LINE # 19
0012 22                RET     
             ; FUNCTION Dri_Time0_Init (END)

             ; FUNCTION Dri_Time0_Func (BEGIN)
0000 C0E0              PUSH    ACC
0002 C0D0              PUSH    PSW
                                           ; SOURCE LINE # 21
                                           ; SOURCE LINE # 23
0004 758A66            MOV     TL0,#066H
                                           ; SOURCE LINE # 24
0007 758CFC            MOV     TH0,#0FCH
                                           ; SOURCE LINE # 26
000A 0500        R     INC     s_ms_count+01H
000C E500        R     MOV     A,s_ms_count+01H
000E 7002              JNZ     ?C0004
0010 0500        R     INC     s_ms_count
0012         ?C0004:
                                           ; SOURCE LINE # 28
0012 B4E80D            CJNE    A,#0E8H,?C0003
0015 E500        R     MOV     A,s_ms_count
0017 B40308            CJNE    A,#03H,?C0003
                                           ; SOURCE LINE # 29
                                           ; SOURCE LINE # 30
001A B280              CPL     P00
                                           ; SOURCE LINE # 31
001C 750000      R     MOV     s_ms_count,#00H
001F 750000      R     MOV     s_ms_count+01H,#00H
                                           ; SOURCE LINE # 32
                                           ; SOURCE LINE # 33
0022         ?C0003:
0022 D0D0              POP     PSW
0024 D0E0              POP     ACC
0026 32                RETI    
             ; FUNCTION Dri_Time0_Func (END)

C51 COMPILER V9.60.7.0   DRI_TIMER0                                                        04/20/2025 22:34:08 PAGE 3   

NAME                                    CLASS   MSPACE  TYPE    OFFSET  SIZE
====                                    =====   ======  ====    ======  ====


P0 . . . . . . . . . . . . . . . . . .  SFR      DATA   U_CHAR   0080H  1
P1 . . . . . . . . . . . . . . . . . .  SFR      DATA   U_CHAR   0090H  1
P2 . . . . . . . . . . . . . . . . . .  SFR      DATA   U_CHAR   00A0H  1
P3 . . . . . . . . . . . . . . . . . .  SFR      DATA   U_CHAR   00B0H  1
XICON. . . . . . . . . . . . . . . . .  SFR      DATA   U_CHAR   00C0H  1
T0 . . . . . . . . . . . . . . . . . .  ABSBIT   -----  BIT      00B4H  1
AC . . . . . . . . . . . . . . . . . .  ABSBIT   -----  BIT      00D6H  1
P4 . . . . . . . . . . . . . . . . . .  SFR      DATA   U_CHAR   00E8H  1
T1 . . . . . . . . . . . . . . . . . .  ABSBIT   -----  BIT      00B5H  1
ISP_TRIG . . . . . . . . . . . . . . .  SFR      DATA   U_CHAR   00E6H  1
T2 . . . . . . . . . . . . . . . . . .  ABSBIT   -----  BIT      0090H  1
EA . . . . . . . . . . . . . . . . . .  ABSBIT   -----  BIT      00AFH  1
EC . . . . . . . . . . . . . . . . . .  ABSBIT   -----  BIT      00AEH  1
FE . . . . . . . . . . . . . . . . . .  ABSBIT   -----  BIT      009FH  1
IE . . . . . . . . . . . . . . . . . .  SFR      DATA   U_CHAR   00A8H  1
EXF2 . . . . . . . . . . . . . . . . .  ABSBIT   -----  BIT      00CEH  1
RD . . . . . . . . . . . . . . . . . .  ABSBIT   -----  BIT      00B7H  1
ES . . . . . . . . . . . . . . . . . .  ABSBIT   -----  BIT      00ACH  1
IP . . . . . . . . . . . . . . . . . .  SFR      DATA   U_CHAR   00B8H  1
RI . . . . . . . . . . . . . . . . . .  ABSBIT   -----  BIT      0098H  1
INT0 . . . . . . . . . . . . . . . . .  ABSBIT   -----  BIT      00B2H  1
CY . . . . . . . . . . . . . . . . . .  ABSBIT   -----  BIT      00D7H  1
TI . . . . . . . . . . . . . . . . . .  ABSBIT   -----  BIT      0099H  1
INT1 . . . . . . . . . . . . . . . . .  ABSBIT   -----  BIT      00B3H  1
RCAP2H . . . . . . . . . . . . . . . .  SFR      DATA   U_CHAR   00CBH  1
ISP_CMD. . . . . . . . . . . . . . . .  SFR      DATA   U_CHAR   00E5H  1
PS . . . . . . . . . . . . . . . . . .  ABSBIT   -----  BIT      00BCH  1
SP . . . . . . . . . . . . . . . . . .  SFR      DATA   U_CHAR   0081H  1
T2EX . . . . . . . . . . . . . . . . .  ABSBIT   -----  BIT      0091H  1
OV . . . . . . . . . . . . . . . . . .  ABSBIT   -----  BIT      00D2H  1
RCAP2L . . . . . . . . . . . . . . . .  SFR      DATA   U_CHAR   00CAH  1
C_T2 . . . . . . . . . . . . . . . . .  ABSBIT   -----  BIT      00C9H  1
WR . . . . . . . . . . . . . . . . . .  ABSBIT   -----  BIT      00B6H  1
RCLK . . . . . . . . . . . . . . . . .  ABSBIT   -----  BIT      00CDH  1
TCLK . . . . . . . . . . . . . . . . .  ABSBIT   -----  BIT      00CCH  1
P00. . . . . . . . . . . . . . . . . .  ABSBIT   -----  BIT      0080H  1
Dri_Time0_Func . . . . . . . . . . . .  STATIC   CODE   PROC     0000H  -----
SBUF . . . . . . . . . . . . . . . . .  SFR      DATA   U_CHAR   0099H  1
PCON . . . . . . . . . . . . . . . . .  SFR      DATA   U_CHAR   0087H  1
P10. . . . . . . . . . . . . . . . . .  ABSBIT   -----  BIT      0090H  1
P01. . . . . . . . . . . . . . . . . .  ABSBIT   -----  BIT      0081H  1
P20. . . . . . . . . . . . . . . . . .  ABSBIT   -----  BIT      00A0H  1
P11. . . . . . . . . . . . . . . . . .  ABSBIT   -----  BIT      0091H  1
P02. . . . . . . . . . . . . . . . . .  ABSBIT   -----  BIT      0082H  1
ISP_ADDRH. . . . . . . . . . . . . . .  SFR      DATA   U_CHAR   00E3H  1
P30. . . . . . . . . . . . . . . . . .  ABSBIT   -----  BIT      00B0H  1
P21. . . . . . . . . . . . . . . . . .  ABSBIT   -----  BIT      00A1H  1
P12. . . . . . . . . . . . . . . . . .  ABSBIT   -----  BIT      0092H  1
P03. . . . . . . . . . . . . . . . . .  ABSBIT   -----  BIT      0083H  1
SCON . . . . . . . . . . . . . . . . .  SFR      DATA   U_CHAR   0098H  1
P31. . . . . . . . . . . . . . . . . .  ABSBIT   -----  BIT      00B1H  1
P22. . . . . . . . . . . . . . . . . .  ABSBIT   -----  BIT      00A2H  1
P13. . . . . . . . . . . . . . . . . .  ABSBIT   -----  BIT      0093H  1
P04. . . . . . . . . . . . . . . . . .  ABSBIT   -----  BIT      0084H  1
P40. . . . . . . . . . . . . . . . . .  ABSBIT   -----  BIT      00E8H  1
TMOD . . . . . . . . . . . . . . . . .  SFR      DATA   U_CHAR   0089H  1
TCON . . . . . . . . . . . . . . . . .  SFR      DATA   U_CHAR   0088H  1
C51 COMPILER V9.60.7.0   DRI_TIMER0                                                        04/20/2025 22:34:08 PAGE 4   

NAME                                    CLASS   MSPACE  TYPE    OFFSET  SIZE
====                                    =====   ======  ====    ======  ====


P32. . . . . . . . . . . . . . . . . .  ABSBIT   -----  BIT      00B2H  1
P23. . . . . . . . . . . . . . . . . .  ABSBIT   -----  BIT      00A3H  1
P14. . . . . . . . . . . . . . . . . .  ABSBIT   -----  BIT      0094H  1
P05. . . . . . . . . . . . . . . . . .  ABSBIT   -----  BIT      0085H  1
P41. . . . . . . . . . . . . . . . . .  ABSBIT   -----  BIT      00E9H  1
P33. . . . . . . . . . . . . . . . . .  ABSBIT   -----  BIT      00B3H  1
P24. . . . . . . . . . . . . . . . . .  ABSBIT   -----  BIT      00A4H  1
P15. . . . . . . . . . . . . . . . . .  ABSBIT   -----  BIT      0095H  1
P06. . . . . . . . . . . . . . . . . .  ABSBIT   -----  BIT      0086H  1
ISP_ADDRL. . . . . . . . . . . . . . .  SFR      DATA   U_CHAR   00E4H  1
P42. . . . . . . . . . . . . . . . . .  ABSBIT   -----  BIT      00EAH  1
P34. . . . . . . . . . . . . . . . . .  ABSBIT   -----  BIT      00B4H  1
P25. . . . . . . . . . . . . . . . . .  ABSBIT   -----  BIT      00A5H  1
P16. . . . . . . . . . . . . . . . . .  ABSBIT   -----  BIT      0096H  1
P07. . . . . . . . . . . . . . . . . .  ABSBIT   -----  BIT      0087H  1
P43. . . . . . . . . . . . . . . . . .  ABSBIT   -----  BIT      00EBH  1
P35. . . . . . . . . . . . . . . . . .  ABSBIT   -----  BIT      00B5H  1
P26. . . . . . . . . . . . . . . . . .  ABSBIT   -----  BIT      00A6H  1
P17. . . . . . . . . . . . . . . . . .  ABSBIT   -----  BIT      0097H  1
P44. . . . . . . . . . . . . . . . . .  ABSBIT   -----  BIT      00ECH  1
Dri_Time0_Init . . . . . . . . . . . .  PUBLIC   CODE   PROC     0000H  -----
P36. . . . . . . . . . . . . . . . . .  ABSBIT   -----  BIT      00B6H  1
P27. . . . . . . . . . . . . . . . . .  ABSBIT   -----  BIT      00A7H  1
P45. . . . . . . . . . . . . . . . . .  ABSBIT   -----  BIT      00EDH  1
P37. . . . . . . . . . . . . . . . . .  ABSBIT   -----  BIT      00B7H  1
P46. . . . . . . . . . . . . . . . . .  ABSBIT   -----  BIT      00EEH  1
IE0. . . . . . . . . . . . . . . . . .  ABSBIT   -----  BIT      0089H  1
IE1. . . . . . . . . . . . . . . . . .  ABSBIT   -----  BIT      008BH  1
s_ms_count . . . . . . . . . . . . . .  STATIC   DATA   U_INT    0000H  2
AUXR . . . . . . . . . . . . . . . . .  SFR      DATA   U_CHAR   008EH  1
B. . . . . . . . . . . . . . . . . . .  SFR      DATA   U_CHAR   00F0H  1
CP_RL2 . . . . . . . . . . . . . . . .  ABSBIT   -----  BIT      00C8H  1
ACC. . . . . . . . . . . . . . . . . .  SFR      DATA   U_CHAR   00E0H  1
ET0. . . . . . . . . . . . . . . . . .  ABSBIT   -----  BIT      00A9H  1
ET1. . . . . . . . . . . . . . . . . .  ABSBIT   -----  BIT      00ABH  1
TF0. . . . . . . . . . . . . . . . . .  ABSBIT   -----  BIT      008DH  1
ET2. . . . . . . . . . . . . . . . . .  ABSBIT   -----  BIT      00ADH  1
TF1. . . . . . . . . . . . . . . . . .  ABSBIT   -----  BIT      008FH  1
TF2. . . . . . . . . . . . . . . . . .  ABSBIT   -----  BIT      00CFH  1
RB8. . . . . . . . . . . . . . . . . .  ABSBIT   -----  BIT      009AH  1
TH0. . . . . . . . . . . . . . . . . .  SFR      DATA   U_CHAR   008CH  1
EX0. . . . . . . . . . . . . . . . . .  ABSBIT   -----  BIT      00A8H  1
IT0. . . . . . . . . . . . . . . . . .  ABSBIT   -----  BIT      0088H  1
TH1. . . . . . . . . . . . . . . . . .  SFR      DATA   U_CHAR   008DH  1
TB8. . . . . . . . . . . . . . . . . .  ABSBIT   -----  BIT      009BH  1
EX1. . . . . . . . . . . . . . . . . .  ABSBIT   -----  BIT      00AAH  1
IT1. . . . . . . . . . . . . . . . . .  ABSBIT   -----  BIT      008AH  1
TH2. . . . . . . . . . . . . . . . . .  SFR      DATA   U_CHAR   00CDH  1
P. . . . . . . . . . . . . . . . . . .  ABSBIT   -----  BIT      00D0H  1
SM0. . . . . . . . . . . . . . . . . .  ABSBIT   -----  BIT      009FH  1
TL0. . . . . . . . . . . . . . . . . .  SFR      DATA   U_CHAR   008AH  1
SM1. . . . . . . . . . . . . . . . . .  ABSBIT   -----  BIT      009EH  1
TL1. . . . . . . . . . . . . . . . . .  SFR      DATA   U_CHAR   008BH  1
SM2. . . . . . . . . . . . . . . . . .  ABSBIT   -----  BIT      009DH  1
TL2. . . . . . . . . . . . . . . . . .  SFR      DATA   U_CHAR   00CCH  1
PT0. . . . . . . . . . . . . . . . . .  ABSBIT   -----  BIT      00B9H  1
PT1. . . . . . . . . . . . . . . . . .  ABSBIT   -----  BIT      00BBH  1
C51 COMPILER V9.60.7.0   DRI_TIMER0                                                        04/20/2025 22:34:08 PAGE 5   

NAME                                    CLASS   MSPACE  TYPE    OFFSET  SIZE
====                                    =====   ======  ====    ======  ====


RS0. . . . . . . . . . . . . . . . . .  ABSBIT   -----  BIT      00D3H  1
ISP_CONTR. . . . . . . . . . . . . . .  SFR      DATA   U_CHAR   00E7H  1
PT2. . . . . . . . . . . . . . . . . .  ABSBIT   -----  BIT      00BDH  1
TR0. . . . . . . . . . . . . . . . . .  ABSBIT   -----  BIT      008CH  1
RS1. . . . . . . . . . . . . . . . . .  ABSBIT   -----  BIT      00D4H  1
TR1. . . . . . . . . . . . . . . . . .  ABSBIT   -----  BIT      008EH  1
TR2. . . . . . . . . . . . . . . . . .  ABSBIT   -----  BIT      00CAH  1
PX0. . . . . . . . . . . . . . . . . .  ABSBIT   -----  BIT      00B8H  1
WDT_CONTR. . . . . . . . . . . . . . .  SFR      DATA   U_CHAR   00E1H  1
PX1. . . . . . . . . . . . . . . . . .  ABSBIT   -----  BIT      00BAH  1
DPH. . . . . . . . . . . . . . . . . .  SFR      DATA   U_CHAR   0083H  1
DPL. . . . . . . . . . . . . . . . . .  SFR      DATA   U_CHAR   0082H  1
IPH. . . . . . . . . . . . . . . . . .  SFR      DATA   U_CHAR   00B7H  1
EXEN2. . . . . . . . . . . . . . . . .  ABSBIT   -----  BIT      00CBH  1
REN. . . . . . . . . . . . . . . . . .  ABSBIT   -----  BIT      009CH  1
T2MOD. . . . . . . . . . . . . . . . .  SFR      DATA   U_CHAR   00C9H  1
T2CON. . . . . . . . . . . . . . . . .  SFR      DATA   U_CHAR   00C8H  1
ISP_DATA . . . . . . . . . . . . . . .  SFR      DATA   U_CHAR   00E2H  1
SADEN. . . . . . . . . . . . . . . . .  SFR      DATA   U_CHAR   00B9H  1
RXD. . . . . . . . . . . . . . . . . .  ABSBIT   -----  BIT      00B0H  1
SADDR. . . . . . . . . . . . . . . . .  SFR      DATA   U_CHAR   00A9H  1
TXD. . . . . . . . . . . . . . . . . .  ABSBIT   -----  BIT      00B1H  1
AUXR1. . . . . . . . . . . . . . . . .  SFR      DATA   U_CHAR   00A2H  1
F0 . . . . . . . . . . . . . . . . . .  ABSBIT   -----  BIT      00D5H  1
F1 . . . . . . . . . . . . . . . . . .  ABSBIT   -----  BIT      00D1H  1
PSW. . . . . . . . . . . . . . . . . .  SFR      DATA   U_CHAR   00D0H  1


MODULE INFORMATION:   STATIC OVERLAYABLE
   CODE SIZE        =     61    ----
   CONSTANT SIZE    =   ----    ----
   XDATA SIZE       =   ----    ----
   PDATA SIZE       =   ----    ----
   DATA SIZE        =      2    ----
   IDATA SIZE       =   ----    ----
   BIT SIZE         =   ----    ----
   EDATA SIZE       =   ----    ----
   HDATA SIZE       =   ----    ----
   XDATA CONST SIZE =   ----    ----
   FAR CONST SIZE   =   ----    ----
END OF MODULE INFORMATION.


C51 COMPILATION COMPLETE.  0 WARNING(S),  0 ERROR(S)
