[2025-04-22 21:17:52]	compilation failed at : "e:\嵌入式\projects\P17_点阵屏\src\main.c", exit code: 2
command: 
  "E:\Program Files\Keil_v5\C51\BIN\C51.exe" .\src\main.c OMF2 TABS(4) CODE NOCOND SYMBOLS PRINT(.\build\Release\.obj\src\main.lst) INCDIR(../../../Program Files/Keil_v5/C51/INC;src;src/Int) DEFINE(__UVISION_VERSION='526') OPTIMIZE(8,SPEED) SMALL ROM(LARGE) OBJECT(.\build\Release\.obj\src\main.o)
   at unify_builder.Program.Main(String[] args_)
---
C51 COMPILER V9.60.7.0 - SN: K1DZC-J84JUC
COPYRIGHT Copyright (C) 2012 - 2022 ARM Limited or its Affiliates. All rights reserved.
*** ERROR C141 IN LINE 5 OF .\src\main.c: syntax error near ';', expected '}'
*** ERROR C141 IN LINE 6 OF .\src\main.c: syntax error near '0x02', expected 'hdata'

C51 COMPILATION COMPLETE.  0 WARNING(S),  2 ERROR(S)

[2025-04-22 21:18:11]	compilation failed at : "e:\嵌入式\projects\P17_点阵屏\src\main.c", exit code: 2
command: 
  "E:\Program Files\Keil_v5\C51\BIN\C51.exe" .\src\main.c OMF2 TABS(4) CODE NOCOND SYMBOLS PRINT(.\build\Release\.obj\src\main.lst) INCDIR(../../../Program Files/Keil_v5/C51/INC;src;src/Int) DEFINE(__UVISION_VERSION='526') OPTIMIZE(8,SPEED) SMALL ROM(LARGE) OBJECT(.\build\Release\.obj\src\main.o)
   at unify_builder.Program.Main(String[] args_)
---
C51 COMPILER V9.60.7.0 - SN: K1DZC-J84JUC
COPYRIGHT Copyright (C) 2012 - 2022 ARM Limited or its Affiliates. All rights reserved.
*** ERROR C141 IN LINE 5 OF .\src\main.c: syntax error near ';', expected '}'
*** ERROR C141 IN LINE 6 OF .\src\main.c: syntax error near '0x02', expected 'hdata'

C51 COMPILATION COMPLETE.  0 WARNING(S),  2 ERROR(S)

[2025-04-22 21:19:08]	compilation failed at : "e:\嵌入式\projects\P17_点阵屏\src\main.c", exit code: 2
command: 
  "E:\Program Files\Keil_v5\C51\BIN\C51.exe" .\src\main.c OMF2 TABS(4) CODE NOCOND SYMBOLS PRINT(.\build\Release\.obj\src\main.lst) INCDIR(../../../Program Files/Keil_v5/C51/INC;src;src/Int) DEFINE(__UVISION_VERSION='526') OPTIMIZE(8,SPEED) SMALL ROM(LARGE) OBJECT(.\build\Release\.obj\src\main.o)
   at unify_builder.Program.Main(String[] args_)
---
C51 COMPILER V9.60.7.0 - SN: K1DZC-J84JUC
COPYRIGHT Copyright (C) 2012 - 2022 ARM Limited or its Affiliates. All rights reserved.
*** ERROR C267 IN LINE 17 OF .\src\main.c: 'Int_MatrixLed_SetCache': requires ANSI-style prototype

C51 COMPILATION COMPLETE.  0 WARNING(S),  1 ERROR(S)

[2025-04-22 21:19:33]	[done]
	build successfully !

[2025-04-22 21:20:53]	[done]
	build successfully !

[2025-04-22 21:22:17]	[done]
	build successfully !

[2025-04-22 21:22:45]	[done]
	build successfully !

[2025-04-22 21:23:46]	[done]
	build successfully !

