[2025-04-18 16:25:55]	compilation failed at : "e:\嵌入式\projects\P08_动态数码管模块化优化\src\Int\Int_Digtal.c", exit code: 2
command: 
  "E:\Program Files\Keil_v5\C51\BIN\C51.exe" .\src\Int\Int_Digtal.c OMF2 TABS(4) CODE NOCOND SYMBOLS PRINT(.\build\Release\.obj\src\Int\Int_Digtal.lst) INCDIR(../../../Program Files/Keil_v5/C51/INC) DEFINE(__UVISION_VERSION='526') OPTIMIZE(8,SPEED) SMALL ROM(LARGE) OBJECT(.\build\Release\.obj\src\Int\Int_Digtal.o)
   at unify_builder.Program.Main(String[] args_)
---
C51 COMPILER V9.60.7.0 - SN: K1DZC-J84JUC
COPYRIGHT Copyright (C) 2012 - 2022 ARM Limited or its Affiliates. All rights reserved.
*** WARNING C318 IN LINE 3 OF .\src\Int\Int_Digtal.h: can't open file 'STC89C5XRC.H'
*** ERROR C202 IN LINE 21 OF .\src\Int\Int_Digtal.c: 'P0': undefined identifier
*** ERROR C202 IN LINE 24 OF .\src\Int\Int_Digtal.c: 'P1': undefined identifier
*** ERROR C202 IN LINE 26 OF .\src\Int\Int_Digtal.c: 'P1': undefined identifier
*** ERROR C202 IN LINE 29 OF .\src\Int\Int_Digtal.c: 'P0': undefined identifier

C51 COMPILATION COMPLETE.  1 WARNING(S),  4 ERROR(S)

[2025-04-18 16:41:49]	compilation failed at : "e:\嵌入式\projects\P08_动态数码管模块化优化\src\Int\Int_Digtal.c", exit code: 2
command: 
  "E:\Program Files\Keil_v5\C51\BIN\C51.exe" .\src\Int\Int_Digtal.c OMF2 TABS(4) CODE NOCOND SYMBOLS PRINT(.\build\Release\.obj\src\Int\Int_Digtal.lst) INCDIR(../../../Program Files/Keil_v5/C51/INC) DEFINE(__UVISION_VERSION='526') OPTIMIZE(8,SPEED) SMALL ROM(LARGE) OBJECT(.\build\Release\.obj\src\Int\Int_Digtal.o)
   at unify_builder.Program.Main(String[] args_)
---
C51 COMPILER V9.60.7.0 - SN: K1DZC-J84JUC
COPYRIGHT Copyright (C) 2012 - 2022 ARM Limited or its Affiliates. All rights reserved.
*** WARNING C318 IN LINE 3 OF .\src\Int\Int_Digtal.h: can't open file 'STC89C5XRC.H'
*** ERROR C202 IN LINE 21 OF .\src\Int\Int_Digtal.c: 'P0': undefined identifier
*** ERROR C202 IN LINE 24 OF .\src\Int\Int_Digtal.c: 'P1': undefined identifier
*** ERROR C202 IN LINE 26 OF .\src\Int\Int_Digtal.c: 'P1': undefined identifier
*** ERROR C202 IN LINE 29 OF .\src\Int\Int_Digtal.c: 'P0': undefined identifier

C51 COMPILATION COMPLETE.  1 WARNING(S),  4 ERROR(S)

[2025-04-18 16:43:33]	[done]
	build successfully !

