C51 COMPILER V9.60.7.0   INT_MATRIXKEY                                                     04/19/2025 15:21:23 PAGE 1   


C51 COMPILER V9.60.7.0, COMPILATION OF MODULE INT_MATRIXKEY
OBJECT MODULE PLACED IN .\build\Release\.obj\src\Int\Int_MatrixKey.o
COMPILER INVOKED BY: E:\Program Files\Keil_v5\C51\BIN\C51.exe .\src\Int\Int_MatrixKey.c OMF2 TABS(4) CODE NOCOND SYMBOLS
                    - PRINT(.\build\Release\.obj\src\Int\Int_MatrixKey.lst) INCDIR(../../../Program Files/Keil_v5/C51/INC;src;src/Com;src/Int
                    -) DEFINE(__UVISION_VERSION=526) OPTIMIZE(8,SPEED) SMALL ROM(LARGE) OBJECT(.\build\Release\.obj\src\Int\Int_MatrixKey.o)

line level    source

   1          #include "Int_MatrixKey.h"
   2          
   3          unsigned char Int_MatrixKey_GetPressedKey()
   4          {
   5   1          P2 = 0xFE; // 1111 1110
   6   1          if(P24 == 0)
   7   1          {
   8   2              Delay10ms();
   9   2              if(P24 == 0)
  10   2              {
  11   3                  while(1)
  12   3                  {
  13   4                      if(P24 == 1)
  14   4                      {
  15   5                          Delay10ms();
  16   5                          if(P24 == 1)
  17   5                          {
  18   6                              return 7;
  19   6                          }
  20   5                      }
  21   4                  }
  22   3              }
  23   2          }
  24   1          if(P25 == 0)
  25   1          {
  26   2              Delay10ms();
  27   2              if(P25 == 0)
  28   2              {
  29   3                  while(1)
  30   3                  {
  31   4                      if(P25 == 1)
  32   4                      {
  33   5                          Delay10ms();
  34   5                          if(P25 == 1)
  35   5                          {
  36   6                              return 8;
  37   6                          }
  38   5                      }
  39   4                  }
  40   3              }
  41   2          }
  42   1          if(P26 == 0)
  43   1          {
  44   2              Delay10ms();
  45   2              if(P26 == 0)
  46   2              {
  47   3                  while(1)
  48   3                  {
  49   4                      if(P26 == 1)
  50   4                      {
  51   5                          Delay10ms();
  52   5                          if(P26 == 1)
  53   5                          {
C51 COMPILER V9.60.7.0   INT_MATRIXKEY                                                     04/19/2025 15:21:23 PAGE 2   

  54   6                              return 9;
  55   6                          }
  56   5                      }
  57   4                  }
  58   3              }
  59   2          }
  60   1          if(P27 == 0)
  61   1          {
  62   2              Delay10ms();
  63   2              if(P27 == 0)
  64   2              {
  65   3                  while(1)
  66   3                  {
  67   4                      if(P27 == 1)
  68   4                      {
  69   5                          Delay10ms();
  70   5                          if(P27 == 1)
  71   5                          {
  72   6                              return 10;
  73   6                          }
  74   5                      }
  75   4                  }
  76   3              }
  77   2          }
  78   1          P2 = 0xFD; // 1111 1101
  79   1          if(P24 == 0)
  80   1          {
  81   2              Delay10ms();
  82   2              if(P24 == 0)
  83   2              {
  84   3                  while(1)
  85   3                  {
  86   4                      if(P24 == 1)
  87   4                      {
  88   5                          Delay10ms();
  89   5                          if(P24 == 1)
  90   5                          {
  91   6                              return 11;
  92   6                          }
  93   5                      }
  94   4                  }
  95   3              }
  96   2          }
  97   1          if(P25 == 0)
  98   1          {
  99   2              Delay10ms();
 100   2              if(P25 == 0)
 101   2              {
 102   3                  while(1)
 103   3                  {
 104   4                      if(P25 == 1)
 105   4                      {
 106   5                          Delay10ms();
 107   5                          if(P25 == 1)
 108   5                          {
 109   6                              return 12;
 110   6                          }
 111   5                      }
 112   4                  }
 113   3              }
 114   2          }
 115   1          if(P26 == 0)
C51 COMPILER V9.60.7.0   INT_MATRIXKEY                                                     04/19/2025 15:21:23 PAGE 3   

 116   1          {
 117   2              Delay10ms();
 118   2              if(P26 == 0)
 119   2              {
 120   3                  while(1)
 121   3                  {
 122   4                      if(P26 == 1)
 123   4                      {
 124   5                          Delay10ms();
 125   5                          if(P26 == 1)
 126   5                          {
 127   6                              return 13;
 128   6                          }
 129   5                      }
 130   4                  }
 131   3              }
 132   2          }
 133   1          if(P27 == 0)
 134   1          {
 135   2              Delay10ms();
 136   2              if(P27 == 0)
 137   2              {
 138   3                  while(1)
 139   3                  {
 140   4                      if(P27 == 1)
 141   4                      {
 142   5                          Delay10ms();
 143   5                          if(P27 == 1)
 144   5                          {
 145   6                              return 14;
 146   6                          }
 147   5                      }
 148   4                  }
 149   3              }
 150   2          }
 151   1          P2 = 0xFB; // 1111 1011
 152   1          if(P24 == 0)
 153   1          {
 154   2              Delay10ms();
 155   2              if(P24 == 0)
 156   2              {
 157   3                  while(1)
 158   3                  {
 159   4                      if(P24 == 1)
 160   4                      {
 161   5                          Delay10ms();
 162   5                          if(P24 == 1)
 163   5                          {
 164   6                              return 15;
 165   6                          }
 166   5                      }
 167   4                  }
 168   3              }
 169   2          }
 170   1          if(P25 == 0)
 171   1          {
 172   2              Delay10ms();
 173   2              if(P25 == 0)
 174   2              {
 175   3                  while(1)
 176   3                  {
 177   4                      if(P25 == 1)
C51 COMPILER V9.60.7.0   INT_MATRIXKEY                                                     04/19/2025 15:21:23 PAGE 4   

 178   4                      {
 179   5                          Delay10ms();
 180   5                          if(P25 == 1)
 181   5                          {
 182   6                              return 16;
 183   6                          }
 184   5                      }
 185   4                  }
 186   3              }
 187   2          }
 188   1          if(P26 == 0)
 189   1          {
 190   2              Delay10ms();
 191   2              if(P26 == 0)
 192   2              {
 193   3                  while(1)
 194   3                  {
 195   4                      if(P26 == 1)
 196   4                      {
 197   5                          Delay10ms();
 198   5                          if(P26 == 1)
 199   5                          {
 200   6                              return 17;
 201   6                          }
 202   5                      }
 203   4                  }
 204   3              }
 205   2          }
 206   1          if(P27 == 0)
 207   1          {
 208   2              Delay10ms();
 209   2              if(P27 == 0)
 210   2              {
 211   3                  while(1)
 212   3                  {
 213   4                      if(P27 == 1)
 214   4                      {
 215   5                          Delay10ms();
 216   5                          if(P27 == 1)
 217   5                          {
 218   6                              return 18;
 219   6                          }
 220   5                      }
 221   4                  }
 222   3              }
 223   2          }
 224   1          P2 = 0xF7; // 1111 0111
 225   1          if(P24 == 0)
 226   1          {
 227   2              Delay10ms();
 228   2              if(P24 == 0)
 229   2              {
 230   3                  while(1)
 231   3                  {
 232   4                      if(P24 == 1)
 233   4                      {
 234   5                          Delay10ms();
 235   5                          if(P24 == 1)
 236   5                          {
 237   6                              return 19;
 238   6                          }
 239   5                      }
C51 COMPILER V9.60.7.0   INT_MATRIXKEY                                                     04/19/2025 15:21:23 PAGE 5   

 240   4                  }
 241   3              }
 242   2          }
 243   1          if(P25 == 0)
 244   1          {
 245   2              Delay10ms();
 246   2              if(P25 == 0)
 247   2              {
 248   3                  while(1)
 249   3                  {
 250   4                      if(P25 == 1)
 251   4                      {
 252   5                          Delay10ms();
 253   5                          if(P25 == 1)
 254   5                          {
 255   6                              return 20;
 256   6                          }
 257   5                      }
 258   4                  }
 259   3              }
 260   2          }
 261   1          if(P26 == 0)
 262   1          {
 263   2              Delay10ms();
 264   2              if(P26 == 0)
 265   2              {
 266   3                  while(1)
 267   3                  {
 268   4                      if(P26 == 1)
 269   4                      {
 270   5                          Delay10ms();
 271   5                          if(P26 == 1)
 272   5                          {
 273   6                              return 21;
 274   6                          }
 275   5                      }
 276   4                  }
 277   3              }
 278   2          }
 279   1          if(P27 == 0)
 280   1          {
 281   2              Delay10ms();
 282   2              if(P27 == 0)
 283   2              {
 284   3                  while(1)
 285   3                  {
 286   4                      if(P27 == 1)
 287   4                      {
 288   5                          Delay10ms();
 289   5                          if(P27 == 1)
 290   5                          {
 291   6                              return 22;
 292   6                          }
 293   5                      }
 294   4                  }
 295   3              }
 296   2          }
 297   1          return 0;
 298   1      }
C51 COMPILER V9.60.7.0   INT_MATRIXKEY                                                     04/19/2025 15:21:23 PAGE 6   

ASSEMBLY LISTING OF GENERATED OBJECT CODE


             ; FUNCTION Int_MatrixKey_GetPressedKey (BEGIN)
                                           ; SOURCE LINE # 3
                                           ; SOURCE LINE # 4
                                           ; SOURCE LINE # 5
0000 75A0FE            MOV     P2,#0FEH
                                           ; SOURCE LINE # 6
0003 20A412            JB      P24,?C0001
                                           ; SOURCE LINE # 7
                                           ; SOURCE LINE # 8
0006 120000      E     LCALL   Delay10ms
                                           ; SOURCE LINE # 9
0009 20A40C            JB      P24,?C0001
                                           ; SOURCE LINE # 10
000C         ?C0003:
                                           ; SOURCE LINE # 11
                                           ; SOURCE LINE # 12
                                           ; SOURCE LINE # 13
000C 30A4FD            JNB     P24,?C0003
                                           ; SOURCE LINE # 14
                                           ; SOURCE LINE # 15
000F 120000      E     LCALL   Delay10ms
                                           ; SOURCE LINE # 16
0012 30A4F7            JNB     P24,?C0003
                                           ; SOURCE LINE # 17
                                           ; SOURCE LINE # 18
0015 7F07              MOV     R7,#07H
0017 22                RET     
                                           ; SOURCE LINE # 19
                                           ; SOURCE LINE # 20
                                           ; SOURCE LINE # 21
                                           ; SOURCE LINE # 22
                                           ; SOURCE LINE # 23
0018         ?C0001:
                                           ; SOURCE LINE # 24
0018 20A512            JB      P25,?C0008
                                           ; SOURCE LINE # 25
                                           ; SOURCE LINE # 26
001B 120000      E     LCALL   Delay10ms
                                           ; SOURCE LINE # 27
001E 20A50C            JB      P25,?C0008
                                           ; SOURCE LINE # 28
0021         ?C0010:
                                           ; SOURCE LINE # 29
                                           ; SOURCE LINE # 30
                                           ; SOURCE LINE # 31
0021 30A5FD            JNB     P25,?C0010
                                           ; SOURCE LINE # 32
                                           ; SOURCE LINE # 33
0024 120000      E     LCALL   Delay10ms
                                           ; SOURCE LINE # 34
0027 30A5F7            JNB     P25,?C0010
                                           ; SOURCE LINE # 35
                                           ; SOURCE LINE # 36
002A 7F08              MOV     R7,#08H
002C 22                RET     
                                           ; SOURCE LINE # 37
                                           ; SOURCE LINE # 38
                                           ; SOURCE LINE # 39
                                           ; SOURCE LINE # 40
C51 COMPILER V9.60.7.0   INT_MATRIXKEY                                                     04/19/2025 15:21:23 PAGE 7   

                                           ; SOURCE LINE # 41
002D         ?C0008:
                                           ; SOURCE LINE # 42
002D 20A612            JB      P26,?C0014
                                           ; SOURCE LINE # 43
                                           ; SOURCE LINE # 44
0030 120000      E     LCALL   Delay10ms
                                           ; SOURCE LINE # 45
0033 20A60C            JB      P26,?C0014
                                           ; SOURCE LINE # 46
0036         ?C0016:
                                           ; SOURCE LINE # 47
                                           ; SOURCE LINE # 48
                                           ; SOURCE LINE # 49
0036 30A6FD            JNB     P26,?C0016
                                           ; SOURCE LINE # 50
                                           ; SOURCE LINE # 51
0039 120000      E     LCALL   Delay10ms
                                           ; SOURCE LINE # 52
003C 30A6F7            JNB     P26,?C0016
                                           ; SOURCE LINE # 53
                                           ; SOURCE LINE # 54
003F 7F09              MOV     R7,#09H
0041 22                RET     
                                           ; SOURCE LINE # 55
                                           ; SOURCE LINE # 56
                                           ; SOURCE LINE # 57
                                           ; SOURCE LINE # 58
                                           ; SOURCE LINE # 59
0042         ?C0014:
                                           ; SOURCE LINE # 60
0042 20A712            JB      P27,?C0020
                                           ; SOURCE LINE # 61
                                           ; SOURCE LINE # 62
0045 120000      E     LCALL   Delay10ms
                                           ; SOURCE LINE # 63
0048 20A70C            JB      P27,?C0020
                                           ; SOURCE LINE # 64
004B         ?C0022:
                                           ; SOURCE LINE # 65
                                           ; SOURCE LINE # 66
                                           ; SOURCE LINE # 67
004B 30A7FD            JNB     P27,?C0022
                                           ; SOURCE LINE # 68
                                           ; SOURCE LINE # 69
004E 120000      E     LCALL   Delay10ms
                                           ; SOURCE LINE # 70
0051 30A7F7            JNB     P27,?C0022
                                           ; SOURCE LINE # 71
                                           ; SOURCE LINE # 72
0054 7F0A              MOV     R7,#0AH
0056 22                RET     
                                           ; SOURCE LINE # 73
                                           ; SOURCE LINE # 74
                                           ; SOURCE LINE # 75
                                           ; SOURCE LINE # 76
                                           ; SOURCE LINE # 77
0057         ?C0020:
                                           ; SOURCE LINE # 78
0057 75A0FD            MOV     P2,#0FDH
                                           ; SOURCE LINE # 79
005A 20A412            JB      P24,?C0026
C51 COMPILER V9.60.7.0   INT_MATRIXKEY                                                     04/19/2025 15:21:23 PAGE 8   

                                           ; SOURCE LINE # 80
                                           ; SOURCE LINE # 81
005D 120000      E     LCALL   Delay10ms
                                           ; SOURCE LINE # 82
0060 20A40C            JB      P24,?C0026
                                           ; SOURCE LINE # 83
0063         ?C0028:
                                           ; SOURCE LINE # 84
                                           ; SOURCE LINE # 85
                                           ; SOURCE LINE # 86
0063 30A4FD            JNB     P24,?C0028
                                           ; SOURCE LINE # 87
                                           ; SOURCE LINE # 88
0066 120000      E     LCALL   Delay10ms
                                           ; SOURCE LINE # 89
0069 30A4F7            JNB     P24,?C0028
                                           ; SOURCE LINE # 90
                                           ; SOURCE LINE # 91
006C 7F0B              MOV     R7,#0BH
006E 22                RET     
                                           ; SOURCE LINE # 92
                                           ; SOURCE LINE # 93
                                           ; SOURCE LINE # 94
                                           ; SOURCE LINE # 95
                                           ; SOURCE LINE # 96
006F         ?C0026:
                                           ; SOURCE LINE # 97
006F 20A512            JB      P25,?C0032
                                           ; SOURCE LINE # 98
                                           ; SOURCE LINE # 99
0072 120000      E     LCALL   Delay10ms
                                           ; SOURCE LINE # 100
0075 20A50C            JB      P25,?C0032
                                           ; SOURCE LINE # 101
0078         ?C0034:
                                           ; SOURCE LINE # 102
                                           ; SOURCE LINE # 103
                                           ; SOURCE LINE # 104
0078 30A5FD            JNB     P25,?C0034
                                           ; SOURCE LINE # 105
                                           ; SOURCE LINE # 106
007B 120000      E     LCALL   Delay10ms
                                           ; SOURCE LINE # 107
007E 30A5F7            JNB     P25,?C0034
                                           ; SOURCE LINE # 108
                                           ; SOURCE LINE # 109
0081 7F0C              MOV     R7,#0CH
0083 22                RET     
                                           ; SOURCE LINE # 110
                                           ; SOURCE LINE # 111
                                           ; SOURCE LINE # 112
                                           ; SOURCE LINE # 113
                                           ; SOURCE LINE # 114
0084         ?C0032:
                                           ; SOURCE LINE # 115
0084 20A612            JB      P26,?C0038
                                           ; SOURCE LINE # 116
                                           ; SOURCE LINE # 117
0087 120000      E     LCALL   Delay10ms
                                           ; SOURCE LINE # 118
008A 20A60C            JB      P26,?C0038
                                           ; SOURCE LINE # 119
C51 COMPILER V9.60.7.0   INT_MATRIXKEY                                                     04/19/2025 15:21:23 PAGE 9   

008D         ?C0040:
                                           ; SOURCE LINE # 120
                                           ; SOURCE LINE # 121
                                           ; SOURCE LINE # 122
008D 30A6FD            JNB     P26,?C0040
                                           ; SOURCE LINE # 123
                                           ; SOURCE LINE # 124
0090 120000      E     LCALL   Delay10ms
                                           ; SOURCE LINE # 125
0093 30A6F7            JNB     P26,?C0040
                                           ; SOURCE LINE # 126
                                           ; SOURCE LINE # 127
0096 7F0D              MOV     R7,#0DH
0098 22                RET     
                                           ; SOURCE LINE # 128
                                           ; SOURCE LINE # 129
                                           ; SOURCE LINE # 130
                                           ; SOURCE LINE # 131
                                           ; SOURCE LINE # 132
0099         ?C0038:
                                           ; SOURCE LINE # 133
0099 20A712            JB      P27,?C0044
                                           ; SOURCE LINE # 134
                                           ; SOURCE LINE # 135
009C 120000      E     LCALL   Delay10ms
                                           ; SOURCE LINE # 136
009F 20A70C            JB      P27,?C0044
                                           ; SOURCE LINE # 137
00A2         ?C0046:
                                           ; SOURCE LINE # 138
                                           ; SOURCE LINE # 139
                                           ; SOURCE LINE # 140
00A2 30A7FD            JNB     P27,?C0046
                                           ; SOURCE LINE # 141
                                           ; SOURCE LINE # 142
00A5 120000      E     LCALL   Delay10ms
                                           ; SOURCE LINE # 143
00A8 30A7F7            JNB     P27,?C0046
                                           ; SOURCE LINE # 144
                                           ; SOURCE LINE # 145
00AB 7F0E              MOV     R7,#0EH
00AD 22                RET     
                                           ; SOURCE LINE # 146
                                           ; SOURCE LINE # 147
                                           ; SOURCE LINE # 148
                                           ; SOURCE LINE # 149
                                           ; SOURCE LINE # 150
00AE         ?C0044:
                                           ; SOURCE LINE # 151
00AE 75A0FB            MOV     P2,#0FBH
                                           ; SOURCE LINE # 152
00B1 20A412            JB      P24,?C0050
                                           ; SOURCE LINE # 153
                                           ; SOURCE LINE # 154
00B4 120000      E     LCALL   Delay10ms
                                           ; SOURCE LINE # 155
00B7 20A40C            JB      P24,?C0050
                                           ; SOURCE LINE # 156
00BA         ?C0052:
                                           ; SOURCE LINE # 157
                                           ; SOURCE LINE # 158
                                           ; SOURCE LINE # 159
C51 COMPILER V9.60.7.0   INT_MATRIXKEY                                                     04/19/2025 15:21:23 PAGE 10  

00BA 30A4FD            JNB     P24,?C0052
                                           ; SOURCE LINE # 160
                                           ; SOURCE LINE # 161
00BD 120000      E     LCALL   Delay10ms
                                           ; SOURCE LINE # 162
00C0 30A4F7            JNB     P24,?C0052
                                           ; SOURCE LINE # 163
                                           ; SOURCE LINE # 164
00C3 7F0F              MOV     R7,#0FH
00C5 22                RET     
                                           ; SOURCE LINE # 165
                                           ; SOURCE LINE # 166
                                           ; SOURCE LINE # 167
                                           ; SOURCE LINE # 168
                                           ; SOURCE LINE # 169
00C6         ?C0050:
                                           ; SOURCE LINE # 170
00C6 20A512            JB      P25,?C0056
                                           ; SOURCE LINE # 171
                                           ; SOURCE LINE # 172
00C9 120000      E     LCALL   Delay10ms
                                           ; SOURCE LINE # 173
00CC 20A50C            JB      P25,?C0056
                                           ; SOURCE LINE # 174
00CF         ?C0058:
                                           ; SOURCE LINE # 175
                                           ; SOURCE LINE # 176
                                           ; SOURCE LINE # 177
00CF 30A5FD            JNB     P25,?C0058
                                           ; SOURCE LINE # 178
                                           ; SOURCE LINE # 179
00D2 120000      E     LCALL   Delay10ms
                                           ; SOURCE LINE # 180
00D5 30A5F7            JNB     P25,?C0058
                                           ; SOURCE LINE # 181
                                           ; SOURCE LINE # 182
00D8 7F10              MOV     R7,#010H
00DA 22                RET     
                                           ; SOURCE LINE # 183
                                           ; SOURCE LINE # 184
                                           ; SOURCE LINE # 185
                                           ; SOURCE LINE # 186
                                           ; SOURCE LINE # 187
00DB         ?C0056:
                                           ; SOURCE LINE # 188
00DB 20A612            JB      P26,?C0062
                                           ; SOURCE LINE # 189
                                           ; SOURCE LINE # 190
00DE 120000      E     LCALL   Delay10ms
                                           ; SOURCE LINE # 191
00E1 20A60C            JB      P26,?C0062
                                           ; SOURCE LINE # 192
00E4         ?C0064:
                                           ; SOURCE LINE # 193
                                           ; SOURCE LINE # 194
                                           ; SOURCE LINE # 195
00E4 30A6FD            JNB     P26,?C0064
                                           ; SOURCE LINE # 196
                                           ; SOURCE LINE # 197
00E7 120000      E     LCALL   Delay10ms
                                           ; SOURCE LINE # 198
00EA 30A6F7            JNB     P26,?C0064
C51 COMPILER V9.60.7.0   INT_MATRIXKEY                                                     04/19/2025 15:21:23 PAGE 11  

                                           ; SOURCE LINE # 199
                                           ; SOURCE LINE # 200
00ED 7F11              MOV     R7,#011H
00EF 22                RET     
                                           ; SOURCE LINE # 201
                                           ; SOURCE LINE # 202
                                           ; SOURCE LINE # 203
                                           ; SOURCE LINE # 204
                                           ; SOURCE LINE # 205
00F0         ?C0062:
                                           ; SOURCE LINE # 206
00F0 20A712            JB      P27,?C0068
                                           ; SOURCE LINE # 207
                                           ; SOURCE LINE # 208
00F3 120000      E     LCALL   Delay10ms
                                           ; SOURCE LINE # 209
00F6 20A70C            JB      P27,?C0068
                                           ; SOURCE LINE # 210
00F9         ?C0070:
                                           ; SOURCE LINE # 211
                                           ; SOURCE LINE # 212
                                           ; SOURCE LINE # 213
00F9 30A7FD            JNB     P27,?C0070
                                           ; SOURCE LINE # 214
                                           ; SOURCE LINE # 215
00FC 120000      E     LCALL   Delay10ms
                                           ; SOURCE LINE # 216
00FF 30A7F7            JNB     P27,?C0070
                                           ; SOURCE LINE # 217
                                           ; SOURCE LINE # 218
0102 7F12              MOV     R7,#012H
0104 22                RET     
                                           ; SOURCE LINE # 219
                                           ; SOURCE LINE # 220
                                           ; SOURCE LINE # 221
                                           ; SOURCE LINE # 222
                                           ; SOURCE LINE # 223
0105         ?C0068:
                                           ; SOURCE LINE # 224
0105 75A0F7            MOV     P2,#0F7H
                                           ; SOURCE LINE # 225
0108 20A412            JB      P24,?C0074
                                           ; SOURCE LINE # 226
                                           ; SOURCE LINE # 227
010B 120000      E     LCALL   Delay10ms
                                           ; SOURCE LINE # 228
010E 20A40C            JB      P24,?C0074
                                           ; SOURCE LINE # 229
0111         ?C0076:
                                           ; SOURCE LINE # 230
                                           ; SOURCE LINE # 231
                                           ; SOURCE LINE # 232
0111 30A4FD            JNB     P24,?C0076
                                           ; SOURCE LINE # 233
                                           ; SOURCE LINE # 234
0114 120000      E     LCALL   Delay10ms
                                           ; SOURCE LINE # 235
0117 30A4F7            JNB     P24,?C0076
                                           ; SOURCE LINE # 236
                                           ; SOURCE LINE # 237
011A 7F13              MOV     R7,#013H
011C 22                RET     
C51 COMPILER V9.60.7.0   INT_MATRIXKEY                                                     04/19/2025 15:21:23 PAGE 12  

                                           ; SOURCE LINE # 238
                                           ; SOURCE LINE # 239
                                           ; SOURCE LINE # 240
                                           ; SOURCE LINE # 241
                                           ; SOURCE LINE # 242
011D         ?C0074:
                                           ; SOURCE LINE # 243
011D 20A512            JB      P25,?C0080
                                           ; SOURCE LINE # 244
                                           ; SOURCE LINE # 245
0120 120000      E     LCALL   Delay10ms
                                           ; SOURCE LINE # 246
0123 20A50C            JB      P25,?C0080
                                           ; SOURCE LINE # 247
0126         ?C0082:
                                           ; SOURCE LINE # 248
                                           ; SOURCE LINE # 249
                                           ; SOURCE LINE # 250
0126 30A5FD            JNB     P25,?C0082
                                           ; SOURCE LINE # 251
                                           ; SOURCE LINE # 252
0129 120000      E     LCALL   Delay10ms
                                           ; SOURCE LINE # 253
012C 30A5F7            JNB     P25,?C0082
                                           ; SOURCE LINE # 254
                                           ; SOURCE LINE # 255
012F 7F14              MOV     R7,#014H
0131 22                RET     
                                           ; SOURCE LINE # 256
                                           ; SOURCE LINE # 257
                                           ; SOURCE LINE # 258
                                           ; SOURCE LINE # 259
                                           ; SOURCE LINE # 260
0132         ?C0080:
                                           ; SOURCE LINE # 261
0132 20A612            JB      P26,?C0086
                                           ; SOURCE LINE # 262
                                           ; SOURCE LINE # 263
0135 120000      E     LCALL   Delay10ms
                                           ; SOURCE LINE # 264
0138 20A60C            JB      P26,?C0086
                                           ; SOURCE LINE # 265
013B         ?C0088:
                                           ; SOURCE LINE # 266
                                           ; SOURCE LINE # 267
                                           ; SOURCE LINE # 268
013B 30A6FD            JNB     P26,?C0088
                                           ; SOURCE LINE # 269
                                           ; SOURCE LINE # 270
013E 120000      E     LCALL   Delay10ms
                                           ; SOURCE LINE # 271
0141 30A6F7            JNB     P26,?C0088
                                           ; SOURCE LINE # 272
                                           ; SOURCE LINE # 273
0144 7F15              MOV     R7,#015H
0146 22                RET     
                                           ; SOURCE LINE # 274
                                           ; SOURCE LINE # 275
                                           ; SOURCE LINE # 276
                                           ; SOURCE LINE # 277
                                           ; SOURCE LINE # 278
0147         ?C0086:
C51 COMPILER V9.60.7.0   INT_MATRIXKEY                                                     04/19/2025 15:21:23 PAGE 13  

                                           ; SOURCE LINE # 279
0147 20A712            JB      P27,?C0092
                                           ; SOURCE LINE # 280
                                           ; SOURCE LINE # 281
014A 120000      E     LCALL   Delay10ms
                                           ; SOURCE LINE # 282
014D 20A70C            JB      P27,?C0092
                                           ; SOURCE LINE # 283
0150         ?C0094:
                                           ; SOURCE LINE # 284
                                           ; SOURCE LINE # 285
                                           ; SOURCE LINE # 286
0150 30A7FD            JNB     P27,?C0094
                                           ; SOURCE LINE # 287
                                           ; SOURCE LINE # 288
0153 120000      E     LCALL   Delay10ms
                                           ; SOURCE LINE # 289
0156 30A7F7            JNB     P27,?C0094
                                           ; SOURCE LINE # 290
                                           ; SOURCE LINE # 291
0159 7F16              MOV     R7,#016H
015B 22                RET     
                                           ; SOURCE LINE # 292
                                           ; SOURCE LINE # 293
                                           ; SOURCE LINE # 294
                                           ; SOURCE LINE # 295
                                           ; SOURCE LINE # 296
015C         ?C0092:
                                           ; SOURCE LINE # 297
015C 7F00              MOV     R7,#00H
                                           ; SOURCE LINE # 298
015E         ?C0007:
015E 22                RET     
             ; FUNCTION Int_MatrixKey_GetPressedKey (END)

C51 COMPILER V9.60.7.0   INT_MATRIXKEY                                                     04/19/2025 15:21:23 PAGE 14  

NAME                                    CLASS   MSPACE  TYPE    OFFSET  SIZE
====                                    =====   ======  ====    ======  ====


P0 . . . . . . . . . . . . . . . . . .  SFR      DATA   U_CHAR   0080H  1
P1 . . . . . . . . . . . . . . . . . .  SFR      DATA   U_CHAR   0090H  1
P2 . . . . . . . . . . . . . . . . . .  SFR      DATA   U_CHAR   00A0H  1
P3 . . . . . . . . . . . . . . . . . .  SFR      DATA   U_CHAR   00B0H  1
XICON. . . . . . . . . . . . . . . . .  SFR      DATA   U_CHAR   00C0H  1
T0 . . . . . . . . . . . . . . . . . .  ABSBIT   -----  BIT      00B4H  1
AC . . . . . . . . . . . . . . . . . .  ABSBIT   -----  BIT      00D6H  1
P4 . . . . . . . . . . . . . . . . . .  SFR      DATA   U_CHAR   00E8H  1
T1 . . . . . . . . . . . . . . . . . .  ABSBIT   -----  BIT      00B5H  1
ISP_TRIG . . . . . . . . . . . . . . .  SFR      DATA   U_CHAR   00E6H  1
T2 . . . . . . . . . . . . . . . . . .  ABSBIT   -----  BIT      0090H  1
EA . . . . . . . . . . . . . . . . . .  ABSBIT   -----  BIT      00AFH  1
EC . . . . . . . . . . . . . . . . . .  ABSBIT   -----  BIT      00AEH  1
FE . . . . . . . . . . . . . . . . . .  ABSBIT   -----  BIT      009FH  1
IE . . . . . . . . . . . . . . . . . .  SFR      DATA   U_CHAR   00A8H  1
EXF2 . . . . . . . . . . . . . . . . .  ABSBIT   -----  BIT      00CEH  1
RD . . . . . . . . . . . . . . . . . .  ABSBIT   -----  BIT      00B7H  1
ES . . . . . . . . . . . . . . . . . .  ABSBIT   -----  BIT      00ACH  1
IP . . . . . . . . . . . . . . . . . .  SFR      DATA   U_CHAR   00B8H  1
RI . . . . . . . . . . . . . . . . . .  ABSBIT   -----  BIT      0098H  1
INT0 . . . . . . . . . . . . . . . . .  ABSBIT   -----  BIT      00B2H  1
CY . . . . . . . . . . . . . . . . . .  ABSBIT   -----  BIT      00D7H  1
TI . . . . . . . . . . . . . . . . . .  ABSBIT   -----  BIT      0099H  1
INT1 . . . . . . . . . . . . . . . . .  ABSBIT   -----  BIT      00B3H  1
RCAP2H . . . . . . . . . . . . . . . .  SFR      DATA   U_CHAR   00CBH  1
ISP_CMD. . . . . . . . . . . . . . . .  SFR      DATA   U_CHAR   00E5H  1
PS . . . . . . . . . . . . . . . . . .  ABSBIT   -----  BIT      00BCH  1
SP . . . . . . . . . . . . . . . . . .  SFR      DATA   U_CHAR   0081H  1
T2EX . . . . . . . . . . . . . . . . .  ABSBIT   -----  BIT      0091H  1
OV . . . . . . . . . . . . . . . . . .  ABSBIT   -----  BIT      00D2H  1
RCAP2L . . . . . . . . . . . . . . . .  SFR      DATA   U_CHAR   00CAH  1
C_T2 . . . . . . . . . . . . . . . . .  ABSBIT   -----  BIT      00C9H  1
WR . . . . . . . . . . . . . . . . . .  ABSBIT   -----  BIT      00B6H  1
RCLK . . . . . . . . . . . . . . . . .  ABSBIT   -----  BIT      00CDH  1
TCLK . . . . . . . . . . . . . . . . .  ABSBIT   -----  BIT      00CCH  1
P00. . . . . . . . . . . . . . . . . .  ABSBIT   -----  BIT      0080H  1
SBUF . . . . . . . . . . . . . . . . .  SFR      DATA   U_CHAR   0099H  1
PCON . . . . . . . . . . . . . . . . .  SFR      DATA   U_CHAR   0087H  1
P10. . . . . . . . . . . . . . . . . .  ABSBIT   -----  BIT      0090H  1
P01. . . . . . . . . . . . . . . . . .  ABSBIT   -----  BIT      0081H  1
P20. . . . . . . . . . . . . . . . . .  ABSBIT   -----  BIT      00A0H  1
P11. . . . . . . . . . . . . . . . . .  ABSBIT   -----  BIT      0091H  1
P02. . . . . . . . . . . . . . . . . .  ABSBIT   -----  BIT      0082H  1
ISP_ADDRH. . . . . . . . . . . . . . .  SFR      DATA   U_CHAR   00E3H  1
P30. . . . . . . . . . . . . . . . . .  ABSBIT   -----  BIT      00B0H  1
P21. . . . . . . . . . . . . . . . . .  ABSBIT   -----  BIT      00A1H  1
P12. . . . . . . . . . . . . . . . . .  ABSBIT   -----  BIT      0092H  1
P03. . . . . . . . . . . . . . . . . .  ABSBIT   -----  BIT      0083H  1
SCON . . . . . . . . . . . . . . . . .  SFR      DATA   U_CHAR   0098H  1
P31. . . . . . . . . . . . . . . . . .  ABSBIT   -----  BIT      00B1H  1
P22. . . . . . . . . . . . . . . . . .  ABSBIT   -----  BIT      00A2H  1
P13. . . . . . . . . . . . . . . . . .  ABSBIT   -----  BIT      0093H  1
P04. . . . . . . . . . . . . . . . . .  ABSBIT   -----  BIT      0084H  1
P40. . . . . . . . . . . . . . . . . .  ABSBIT   -----  BIT      00E8H  1
TMOD . . . . . . . . . . . . . . . . .  SFR      DATA   U_CHAR   0089H  1
TCON . . . . . . . . . . . . . . . . .  SFR      DATA   U_CHAR   0088H  1
P32. . . . . . . . . . . . . . . . . .  ABSBIT   -----  BIT      00B2H  1
C51 COMPILER V9.60.7.0   INT_MATRIXKEY                                                     04/19/2025 15:21:23 PAGE 15  

NAME                                    CLASS   MSPACE  TYPE    OFFSET  SIZE
====                                    =====   ======  ====    ======  ====


P23. . . . . . . . . . . . . . . . . .  ABSBIT   -----  BIT      00A3H  1
P14. . . . . . . . . . . . . . . . . .  ABSBIT   -----  BIT      0094H  1
P05. . . . . . . . . . . . . . . . . .  ABSBIT   -----  BIT      0085H  1
P41. . . . . . . . . . . . . . . . . .  ABSBIT   -----  BIT      00E9H  1
Delay10ms. . . . . . . . . . . . . . .  EXTERN   CODE   PROC     -----  -----
P33. . . . . . . . . . . . . . . . . .  ABSBIT   -----  BIT      00B3H  1
P24. . . . . . . . . . . . . . . . . .  ABSBIT   -----  BIT      00A4H  1
P15. . . . . . . . . . . . . . . . . .  ABSBIT   -----  BIT      0095H  1
P06. . . . . . . . . . . . . . . . . .  ABSBIT   -----  BIT      0086H  1
ISP_ADDRL. . . . . . . . . . . . . . .  SFR      DATA   U_CHAR   00E4H  1
P42. . . . . . . . . . . . . . . . . .  ABSBIT   -----  BIT      00EAH  1
P34. . . . . . . . . . . . . . . . . .  ABSBIT   -----  BIT      00B4H  1
P25. . . . . . . . . . . . . . . . . .  ABSBIT   -----  BIT      00A5H  1
P16. . . . . . . . . . . . . . . . . .  ABSBIT   -----  BIT      0096H  1
P07. . . . . . . . . . . . . . . . . .  ABSBIT   -----  BIT      0087H  1
P43. . . . . . . . . . . . . . . . . .  ABSBIT   -----  BIT      00EBH  1
P35. . . . . . . . . . . . . . . . . .  ABSBIT   -----  BIT      00B5H  1
P26. . . . . . . . . . . . . . . . . .  ABSBIT   -----  BIT      00A6H  1
P17. . . . . . . . . . . . . . . . . .  ABSBIT   -----  BIT      0097H  1
P44. . . . . . . . . . . . . . . . . .  ABSBIT   -----  BIT      00ECH  1
P36. . . . . . . . . . . . . . . . . .  ABSBIT   -----  BIT      00B6H  1
P27. . . . . . . . . . . . . . . . . .  ABSBIT   -----  BIT      00A7H  1
P45. . . . . . . . . . . . . . . . . .  ABSBIT   -----  BIT      00EDH  1
Int_MatrixKey_GetPressedKey. . . . . .  PUBLIC   CODE   PROC     0000H  -----
P37. . . . . . . . . . . . . . . . . .  ABSBIT   -----  BIT      00B7H  1
P46. . . . . . . . . . . . . . . . . .  ABSBIT   -----  BIT      00EEH  1
IE0. . . . . . . . . . . . . . . . . .  ABSBIT   -----  BIT      0089H  1
IE1. . . . . . . . . . . . . . . . . .  ABSBIT   -----  BIT      008BH  1
AUXR . . . . . . . . . . . . . . . . .  SFR      DATA   U_CHAR   008EH  1
B. . . . . . . . . . . . . . . . . . .  SFR      DATA   U_CHAR   00F0H  1
CP_RL2 . . . . . . . . . . . . . . . .  ABSBIT   -----  BIT      00C8H  1
ACC. . . . . . . . . . . . . . . . . .  SFR      DATA   U_CHAR   00E0H  1
ET0. . . . . . . . . . . . . . . . . .  ABSBIT   -----  BIT      00A9H  1
ET1. . . . . . . . . . . . . . . . . .  ABSBIT   -----  BIT      00ABH  1
TF0. . . . . . . . . . . . . . . . . .  ABSBIT   -----  BIT      008DH  1
ET2. . . . . . . . . . . . . . . . . .  ABSBIT   -----  BIT      00ADH  1
TF1. . . . . . . . . . . . . . . . . .  ABSBIT   -----  BIT      008FH  1
TF2. . . . . . . . . . . . . . . . . .  ABSBIT   -----  BIT      00CFH  1
RB8. . . . . . . . . . . . . . . . . .  ABSBIT   -----  BIT      009AH  1
TH0. . . . . . . . . . . . . . . . . .  SFR      DATA   U_CHAR   008CH  1
EX0. . . . . . . . . . . . . . . . . .  ABSBIT   -----  BIT      00A8H  1
IT0. . . . . . . . . . . . . . . . . .  ABSBIT   -----  BIT      0088H  1
TH1. . . . . . . . . . . . . . . . . .  SFR      DATA   U_CHAR   008DH  1
TB8. . . . . . . . . . . . . . . . . .  ABSBIT   -----  BIT      009BH  1
EX1. . . . . . . . . . . . . . . . . .  ABSBIT   -----  BIT      00AAH  1
IT1. . . . . . . . . . . . . . . . . .  ABSBIT   -----  BIT      008AH  1
TH2. . . . . . . . . . . . . . . . . .  SFR      DATA   U_CHAR   00CDH  1
P. . . . . . . . . . . . . . . . . . .  ABSBIT   -----  BIT      00D0H  1
SM0. . . . . . . . . . . . . . . . . .  ABSBIT   -----  BIT      009FH  1
TL0. . . . . . . . . . . . . . . . . .  SFR      DATA   U_CHAR   008AH  1
SM1. . . . . . . . . . . . . . . . . .  ABSBIT   -----  BIT      009EH  1
TL1. . . . . . . . . . . . . . . . . .  SFR      DATA   U_CHAR   008BH  1
SM2. . . . . . . . . . . . . . . . . .  ABSBIT   -----  BIT      009DH  1
TL2. . . . . . . . . . . . . . . . . .  SFR      DATA   U_CHAR   00CCH  1
PT0. . . . . . . . . . . . . . . . . .  ABSBIT   -----  BIT      00B9H  1
PT1. . . . . . . . . . . . . . . . . .  ABSBIT   -----  BIT      00BBH  1
RS0. . . . . . . . . . . . . . . . . .  ABSBIT   -----  BIT      00D3H  1
C51 COMPILER V9.60.7.0   INT_MATRIXKEY                                                     04/19/2025 15:21:23 PAGE 16  

NAME                                    CLASS   MSPACE  TYPE    OFFSET  SIZE
====                                    =====   ======  ====    ======  ====


ISP_CONTR. . . . . . . . . . . . . . .  SFR      DATA   U_CHAR   00E7H  1
PT2. . . . . . . . . . . . . . . . . .  ABSBIT   -----  BIT      00BDH  1
TR0. . . . . . . . . . . . . . . . . .  ABSBIT   -----  BIT      008CH  1
RS1. . . . . . . . . . . . . . . . . .  ABSBIT   -----  BIT      00D4H  1
TR1. . . . . . . . . . . . . . . . . .  ABSBIT   -----  BIT      008EH  1
TR2. . . . . . . . . . . . . . . . . .  ABSBIT   -----  BIT      00CAH  1
PX0. . . . . . . . . . . . . . . . . .  ABSBIT   -----  BIT      00B8H  1
WDT_CONTR. . . . . . . . . . . . . . .  SFR      DATA   U_CHAR   00E1H  1
PX1. . . . . . . . . . . . . . . . . .  ABSBIT   -----  BIT      00BAH  1
DPH. . . . . . . . . . . . . . . . . .  SFR      DATA   U_CHAR   0083H  1
DPL. . . . . . . . . . . . . . . . . .  SFR      DATA   U_CHAR   0082H  1
IPH. . . . . . . . . . . . . . . . . .  SFR      DATA   U_CHAR   00B7H  1
EXEN2. . . . . . . . . . . . . . . . .  ABSBIT   -----  BIT      00CBH  1
REN. . . . . . . . . . . . . . . . . .  ABSBIT   -----  BIT      009CH  1
T2MOD. . . . . . . . . . . . . . . . .  SFR      DATA   U_CHAR   00C9H  1
T2CON. . . . . . . . . . . . . . . . .  SFR      DATA   U_CHAR   00C8H  1
ISP_DATA . . . . . . . . . . . . . . .  SFR      DATA   U_CHAR   00E2H  1
SADEN. . . . . . . . . . . . . . . . .  SFR      DATA   U_CHAR   00B9H  1
RXD. . . . . . . . . . . . . . . . . .  ABSBIT   -----  BIT      00B0H  1
SADDR. . . . . . . . . . . . . . . . .  SFR      DATA   U_CHAR   00A9H  1
TXD. . . . . . . . . . . . . . . . . .  ABSBIT   -----  BIT      00B1H  1
AUXR1. . . . . . . . . . . . . . . . .  SFR      DATA   U_CHAR   00A2H  1
F0 . . . . . . . . . . . . . . . . . .  ABSBIT   -----  BIT      00D5H  1
F1 . . . . . . . . . . . . . . . . . .  ABSBIT   -----  BIT      00D1H  1
PSW. . . . . . . . . . . . . . . . . .  SFR      DATA   U_CHAR   00D0H  1


MODULE INFORMATION:   STATIC OVERLAYABLE
   CODE SIZE        =    351    ----
   CONSTANT SIZE    =   ----    ----
   XDATA SIZE       =   ----    ----
   PDATA SIZE       =   ----    ----
   DATA SIZE        =   ----    ----
   IDATA SIZE       =   ----    ----
   BIT SIZE         =   ----    ----
   EDATA SIZE       =   ----    ----
   HDATA SIZE       =   ----    ----
   XDATA CONST SIZE =   ----    ----
   FAR CONST SIZE   =   ----    ----
END OF MODULE INFORMATION.


C51 COMPILATION COMPLETE.  0 WARNING(S),  0 ERROR(S)
