[2025-04-17 17:22:54]	[done]
	build successfully !

[2025-04-17 17:23:14]	[done]
	build successfully !

[2025-04-17 17:23:55]	[done]
	build successfully !

[2025-04-17 17:24:49]	[done]
	build successfully !

[2025-04-17 17:26:11]	[done]
	build successfully !

[2025-04-17 17:26:45]	[done]
	build successfully !

[2025-04-17 17:27:26]	[done]
	build successfully !

[2025-04-17 17:27:40]	[done]
	build successfully !

[2025-04-17 17:31:11]	[done]
	build successfully !

[2025-04-17 17:33:36]	[done]
	build successfully !

[2025-04-17 17:36:29]	compilation failed at : "e:\嵌入式\projects\P10_独立按键\src\Int\Int_Keyboard.c", exit code: 2
command: 
  "E:\Program Files\Keil_v5\C51\BIN\C51.exe" .\src\Int\Int_Keyboard.c OMF2 TABS(4) CODE NOCOND SYMBOLS PRINT(.\build\Release\.obj\src\Int\Int_Keyboard.lst) INCDIR(../../../Program Files/Keil_v5/C51/INC) DEFINE(__UVISION_VERSION='526') OPTIMIZE(8,SPEED) SMALL ROM(LARGE) OBJECT(.\build\Release\.obj\src\Int\Int_Keyboard.o)
   at unify_builder.Program.Main(String[] args_)
---
C51 COMPILER V9.60.7.0 - SN: K1DZC-J84JUC
COPYRIGHT Copyright (C) 2012 - 2022 ARM Limited or its Affiliates. All rights reserved.
*** ERROR C141 IN LINE 3 OF .\src\Int\Int_Keyboard.c: syntax error near '(', expected '='
*** ERROR C141 IN LINE 6 OF .\src\Int\Int_Keyboard.c: syntax error near '{', expected ';'
*** ERROR C231 IN LINE 9 OF .\src\Int\Int_Keyboard.c: 'Delay10ms': redefinition
*** ERROR C141 IN LINE 10 OF .\src\Int\Int_Keyboard.c: syntax error near 'if', expected 'hdata'
*** ERROR C129 IN LINE 11 OF .\src\Int\Int_Keyboard.c: missing ';' before '{'

C51 COMPILATION COMPLETE.  0 WARNING(S),  5 ERROR(S)

[2025-04-17 17:36:33]	compilation failed at : "e:\嵌入式\projects\P10_独立按键\src\Int\Int_Keyboard.c", exit code: 2
command: 
  "E:\Program Files\Keil_v5\C51\BIN\C51.exe" .\src\Int\Int_Keyboard.c OMF2 TABS(4) CODE NOCOND SYMBOLS PRINT(.\build\Release\.obj\src\Int\Int_Keyboard.lst) INCDIR(../../../Program Files/Keil_v5/C51/INC) DEFINE(__UVISION_VERSION='526') OPTIMIZE(8,SPEED) SMALL ROM(LARGE) OBJECT(.\build\Release\.obj\src\Int\Int_Keyboard.o)
   at unify_builder.Program.Main(String[] args_)
---
C51 COMPILER V9.60.7.0 - SN: K1DZC-J84JUC
COPYRIGHT Copyright (C) 2012 - 2022 ARM Limited or its Affiliates. All rights reserved.
*** ERROR C141 IN LINE 3 OF .\src\Int\Int_Keyboard.c: syntax error near '(', expected '='
*** ERROR C141 IN LINE 6 OF .\src\Int\Int_Keyboard.c: syntax error near '{', expected ';'
*** ERROR C231 IN LINE 9 OF .\src\Int\Int_Keyboard.c: 'Delay10ms': redefinition
*** ERROR C141 IN LINE 10 OF .\src\Int\Int_Keyboard.c: syntax error near 'if', expected 'hdata'
*** ERROR C129 IN LINE 11 OF .\src\Int\Int_Keyboard.c: missing ';' before '{'

C51 COMPILATION COMPLETE.  0 WARNING(S),  5 ERROR(S)

[2025-04-17 17:36:40]	[done]
	build successfully !

[2025-04-17 17:38:37]	[done]
	build successfully !

[2025-04-17 19:13:16]	[done]
	build successfully !

[2025-04-17 19:39:19]	[done]
	build successfully !

[2025-04-17 19:40:56]	compilation failed at : "e:\嵌入式\projects\P10_独立按键\src\Int\Int_Keyboard.c", exit code: 2
command: 
  "E:\Program Files\Keil_v5\C51\BIN\C51.exe" .\src\Int\Int_Keyboard.c OMF2 TABS(4) CODE NOCOND SYMBOLS PRINT(.\build\Release\.obj\src\Int\Int_Keyboard.lst) INCDIR(../../../Program Files/Keil_v5/C51/INC) DEFINE(__UVISION_VERSION='526') OPTIMIZE(8,SPEED) SMALL ROM(LARGE) OBJECT(.\build\Release\.obj\src\Int\Int_Keyboard.o)
   at unify_builder.Program.Main(String[] args_)
---
C51 COMPILER V9.60.7.0 - SN: K1DZC-J84JUC
COPYRIGHT Copyright (C) 2012 - 2022 ARM Limited or its Affiliates. All rights reserved.
*** ERROR C237 IN LINE 73 OF .\src\Int\Int_Keyboard.c: 'Int_Keyboard_IsPressedBySw2': function already has a body
*** ERROR C237 IN LINE 97 OF .\src\Int\Int_Keyboard.c: 'Int_Keyboard_IsPressedBySw2': function already has a body

C51 COMPILATION COMPLETE.  0 WARNING(S),  2 ERROR(S)

[2025-04-17 19:41:21]	[done]
	build successfully !

[2025-04-17 19:43:20]	[done]
	build successfully !

[2025-04-17 19:50:02]	[done]
	build successfully !

[2025-04-17 21:18:06]	[done]
	build successfully !

[2025-04-18 16:54:38]	[done]
	build successfully !

